Build started 10/12/2016 08:56:43.
     1>Project "C:\Users\Oren Ish Shalom\GIT\LINEAR_ALGEBRA_MASTER\STEP_5_VISUAL_STUDIO\NEW_BISON_DRIVER\Bison\Bison.vcxproj" on node 2 (build target(s)).
     1>InitializeBuildStatus:
         Touching "Debug\Bison.unsuccessfulbuild".
       ClCompile:
         c:\Program Files (x86)\Microsoft Visual Studio 10.0\VC\bin\CL.exe /c /ZI /nologo /W3 /WX- /Od /Oy- /D WIN32 /D _DEBUG /D _CONSOLE /D _UNICODE /D UNICODE /Gm /EHsc /RTC1 /MDd /GS /fp:precise /Zc:wchar_t /Zc:forScope /Fo"Debug\\" /Fd"Debug\vc100.pdb" /Gd /TC /analyze- /errorReport:prompt "..\..\..\..\..\..\..\bison\bison-3.0\src\AnnotationList.c" "..\..\..\..\..\..\..\bison\bison-3.0\src\InadequacyList.c" "..\..\..\..\..\..\..\bison\bison-3.0\src\LR0.c" "..\..\..\..\..\..\..\bison\bison-3.0\src\Sbitset.c" "..\..\..\..\..\..\..\bison\bison-3.0\src\closure.c" "..\..\..\..\..\..\..\bison\bison-3.0\src\complain.c" "..\..\..\..\..\..\..\bison\bison-3.0\src\conflicts.c" "..\..\..\..\..\..\..\bison\bison-3.0\src\derives.c" "..\..\..\..\..\..\..\bison\bison-3.0\src\files.c" "..\..\..\..\..\..\..\bison\bison-3.0\src\getargs.c" "..\..\..\..\..\..\..\bison\bison-3.0\src\gram.c" "..\..\..\..\..\..\..\bison\bison-3.0\src\graphviz.c" "..\..\..\..\..\..\..\bison\bison-3.0\src\ielr.c" "..\..\..\..\..\..\..\bison\bison-3.0\src\lalr.c" "..\..\..\..\..\..\..\bison\bison-3.0\src\location.c" "..\..\..\..\..\..\..\bison\bison-3.0\src\main.c" "..\..\..\..\..\..\..\bison\bison-3.0\src\muscle-tab.c" "..\..\..\..\..\..\..\bison\bison-3.0\src\named-ref.c" "..\..\..\..\..\..\..\bison\bison-3.0\src\nullable.c" "..\..\..\..\..\..\..\bison\bison-3.0\src\output.c" "..\..\..\..\..\..\..\bison\bison-3.0\src\parse-gram.c" "..\..\..\..\..\..\..\bison\bison-3.0\src\print-xml.c" "..\..\..\..\..\..\..\bison\bison-3.0\src\print.c" "..\..\..\..\..\..\..\bison\bison-3.0\src\print_graph.c" "..\..\..\..\..\..\..\bison\bison-3.0\src\reader.c" "..\..\..\..\..\..\..\bison\bison-3.0\src\reduce.c" "..\..\..\..\..\..\..\bison\bison-3.0\src\relation.c" "..\..\..\..\..\..\..\bison\bison-3.0\src\scan-code-c.c" "..\..\..\..\..\..\..\bison\bison-3.0\src\scan-code.c" "..\..\..\..\..\..\..\bison\bison-3.0\src\scan-gram-c.c" "..\..\..\..\..\..\..\bison\bison-3.0\src\scan-gram.c" "..\..\..\..\..\..\..\bison\bison-3.0\src\scan-skel-c.c" "..\..\..\..\..\..\..\bison\bison-3.0\src\scan-skel.c" "..\..\..\..\..\..\..\bison\bison-3.0\src\state.c" "..\..\..\..\..\..\..\bison\bison-3.0\src\symlist.c" "..\..\..\..\..\..\..\bison\bison-3.0\src\symtab.c" "..\..\..\..\..\..\..\bison\bison-3.0\src\tables.c" "..\..\..\..\..\..\..\bison\bison-3.0\src\uniqstr.c"
         uniqstr.c
     1>c:\bison\bison-3.0\src\uniqstr.c(46): warning C4013: 'hash_lookup' undefined; assuming extern returning int
     1>c:\bison\bison-3.0\src\uniqstr.c(46): warning C4047: 'initializing' : 'uniqstr' differs in levels of indirection from 'int'
     1>c:\bison\bison-3.0\src\uniqstr.c(50): warning C4013: 'xstrdup' undefined; assuming extern returning int
     1>c:\bison\bison-3.0\src\uniqstr.c(50): warning C4047: '=' : 'uniqstr' differs in levels of indirection from 'int'
     1>c:\bison\bison-3.0\src\uniqstr.c(51): warning C4013: 'hash_insert' undefined; assuming extern returning int
     1>c:\bison\bison-3.0\src\uniqstr.c(52): warning C4013: 'xalloc_die' undefined; assuming extern returning int
     1>c:\bison\bison-3.0\src\uniqstr.c(63): warning C4013: 'vsnprintf' undefined; assuming extern returning int
     1>c:\bison\bison-3.0\src\uniqstr.c(66): error C2143: syntax error : missing ';' before 'type'
     1>c:\bison\bison-3.0\src\uniqstr.c(68): warning C4013: 'vsprintf' undefined; assuming extern returning int
     1>c:\bison\bison-3.0\src\uniqstr.c(68): error C2065: 'res' : undeclared identifier
     1>c:\bison\bison-3.0\src\uniqstr.c(70): error C2065: 'res' : undeclared identifier
     1>c:\bison\bison-3.0\src\uniqstr.c(70): warning C4047: 'function' : 'const char *' differs in levels of indirection from 'int'
     1>c:\bison\bison-3.0\src\uniqstr.c(70): warning C4024: 'uniqstr_new' : different types for formal and actual parameter 1
     1>c:\bison\bison-3.0\src\uniqstr.c(82): warning C4013: 'error' undefined; assuming extern returning int
     1>c:\bison\bison-3.0\src\uniqstr.c(83): warning C4013: 'quotearg' undefined; assuming extern returning int
     1>c:\bison\bison-3.0\src\uniqstr.c(93): error C2061: syntax error : identifier 'bool'
     1>c:\bison\bison-3.0\src\uniqstr.c(93): error C2059: syntax error : ';'
     1>c:\bison\bison-3.0\src\uniqstr.c(96): warning C4013: 'fprintf' undefined; assuming extern returning int
     1>c:\bison\bison-3.0\src\uniqstr.c(96): error C2065: 'stderr' : undeclared identifier
     1>c:\bison\bison-3.0\src\uniqstr.c(97): error C2065: 'true' : undeclared identifier
     1>c:\bison\bison-3.0\src\uniqstr.c(101): error C2061: syntax error : identifier 'uniqstr_print_processor'
     1>c:\bison\bison-3.0\src\uniqstr.c(101): error C2059: syntax error : ';'
     1>c:\bison\bison-3.0\src\uniqstr.c(101): error C2059: syntax error : 'type'
     1>c:\bison\bison-3.0\src\uniqstr.c(122): error C2061: syntax error : identifier 'hash_compare_uniqstr'
     1>c:\bison\bison-3.0\src\uniqstr.c(122): error C2059: syntax error : ';'
     1>c:\bison\bison-3.0\src\uniqstr.c(122): error C2059: syntax error : 'type'
     1>c:\bison\bison-3.0\src\uniqstr.c(130): warning C4013: 'hash_string' undefined; assuming extern returning int
     1>c:\bison\bison-3.0\src\uniqstr.c(141): warning C4013: 'hash_initialize' undefined; assuming extern returning int
     1>c:\bison\bison-3.0\src\uniqstr.c(144): error C2065: 'hash_compare_uniqstr' : undeclared identifier
     1>c:\bison\bison-3.0\src\uniqstr.c(145): warning C4047: '=' : 'hash_table *' differs in levels of indirection from 'int'
     1>c:\bison\bison-3.0\src\uniqstr.c(154): error C2146: syntax error : missing ')' before identifier 'processor'
     1>c:\bison\bison-3.0\src\uniqstr.c(154): error C2061: syntax error : identifier 'processor'
     1>c:\bison\bison-3.0\src\uniqstr.c(154): error C2059: syntax error : ';'
     1>c:\bison\bison-3.0\src\uniqstr.c(154): error C2059: syntax error : ','
     1>c:\bison\bison-3.0\src\uniqstr.c(154): error C2059: syntax error : ')'
     1>c:\bison\bison-3.0\src\uniqstr.c(167): warning C4013: 'uniqstrs_do' undefined; assuming extern returning int
     1>c:\bison\bison-3.0\src\uniqstr.c(167): error C2065: 'uniqstr_print_processor' : undeclared identifier
     1>c:\bison\bison-3.0\src\uniqstr.c(178): warning C4013: 'hash_free' undefined; assuming extern returning int
         tables.c
     1>c:\bison\bison-3.0\src\location.h(55): error C2054: expected '(' to follow 'inline'
     1>c:\bison\bison-3.0\src\location.h(56): error C2085: 'boundary_set' : not in formal parameter list
     1>c:\bison\bison-3.0\src\location.h(56): error C2143: syntax error : missing ';' before '{'
     1>c:\bison\bison-3.0\src\location.h(65): error C2054: expected '(' to follow 'inline'
     1>c:\bison\bison-3.0\src\location.h(66): error C2085: 'boundary_cmp' : not in formal parameter list
     1>c:\bison\bison-3.0\src\location.h(66): error C2143: syntax error : missing ';' before '{'
     1>c:\bison\bison-3.0\src\location.h(76): error C2061: syntax error : identifier 'bool'
     1>c:\bison\bison-3.0\src\location.h(76): error C2059: syntax error : ';'
     1>c:\bison\bison-3.0\src\location.h(120): error C2054: expected '(' to follow 'inline'
     1>c:\bison\bison-3.0\src\location.h(121): error C2085: 'location_cmp' : not in formal parameter list
     1>c:\bison\bison-3.0\src\location.h(121): error C2143: syntax error : missing ';' before '{'
     1>c:\bison\bison-3.0\src\complain.h(47): error C2061: syntax error : identifier 'warnings_are_errors'
     1>c:\bison\bison-3.0\src\complain.h(47): error C2059: syntax error : ';'
     1>c:\bison\bison-3.0\src\complain.h(107): error C2061: syntax error : identifier 'warning_is_unset'
     1>c:\bison\bison-3.0\src\complain.h(107): error C2059: syntax error : ';'
     1>c:\bison\bison-3.0\src\complain.h(107): error C2059: syntax error : 'type'
     1>c:\bison\bison-3.0\src\scan-code.h(67): error C2061: syntax error : identifier 'bool'
     1>c:\bison\bison-3.0\src\scan-code.h(73): error C2061: syntax error : identifier 'is_predicate'
     1>c:\bison\bison-3.0\src\scan-code.h(73): error C2059: syntax error : ';'
     1>c:\bison\bison-3.0\src\scan-code.h(78): error C2061: syntax error : identifier 'is_used'
     1>c:\bison\bison-3.0\src\scan-code.h(78): error C2059: syntax error : ';'
     1>c:\bison\bison-3.0\src\scan-code.h(84): error C2040: 'named_ref' : 'named_ref *' differs in levels of indirection from 'named_ref'
     1>c:\bison\bison-3.0\src\scan-code.h(85): error C2059: syntax error : '}'
     1>c:\bison\bison-3.0\src\scan-code.h(93): error C2143: syntax error : missing ')' before '*'
     1>c:\bison\bison-3.0\src\scan-code.h(93): error C2143: syntax error : missing '{' before '*'
     1>c:\bison\bison-3.0\src\scan-code.h(93): error C2059: syntax error : ')'
     1>c:\bison\bison-3.0\src\scan-code.h(109): error C2061: syntax error : identifier 'code_props_none'
     1>c:\bison\bison-3.0\src\scan-code.h(109): error C2059: syntax error : ';'
     1>c:\bison\bison-3.0\src\scan-code.h(123): error C2143: syntax error : missing ')' before '*'
     1>c:\bison\bison-3.0\src\scan-code.h(123): error C2143: syntax error : missing '{' before '*'
     1>c:\bison\bison-3.0\src\scan-code.h(123): error C2059: syntax error : 'type'
     1>c:\bison\bison-3.0\src\scan-code.h(124): error C2059: syntax error : ')'
     1>c:\bison\bison-3.0\src\scan-code.h(138): error C2143: syntax error : missing ')' before '*'
     1>c:\bison\bison-3.0\src\scan-code.h(138): error C2143: syntax error : missing '{' before '*'
     1>c:\bison\bison-3.0\src\scan-code.h(138): error C2059: syntax error : 'type'
     1>c:\bison\bison-3.0\src\scan-code.h(139): error C2059: syntax error : ')'
     1>c:\bison\bison-3.0\src\scan-code.h(158): error C2143: syntax error : missing ')' before '*'
     1>c:\bison\bison-3.0\src\scan-code.h(158): error C2143: syntax error : missing '{' before '*'
     1>c:\bison\bison-3.0\src\scan-code.h(158): error C2059: syntax error : 'type'
     1>c:\bison\bison-3.0\src\scan-code.h(160): error C2059: syntax error : ')'
     1>c:\bison\bison-3.0\src\scan-code.h(173): error C2143: syntax error : missing ')' before '*'
     1>c:\bison\bison-3.0\src\scan-code.h(173): error C2143: syntax error : missing '{' before '*'
     1>c:\bison\bison-3.0\src\scan-code.h(173): error C2059: syntax error : ')'
     1>c:\bison\bison-3.0\src\symtab.h(112): error C2061: syntax error : identifier 'code_props'
     1>c:\bison\bison-3.0\src\symtab.h(117): error C2370: 'assoc' : redefinition; different storage class
                 c:\bison\bison-3.0\src\assoc.h(31) : see declaration of 'assoc'
     1>c:\bison\bison-3.0\src\symtab.h(125): error C2370: 'status' : redefinition; different storage class
                 c:\bison\bison-3.0\src\symtab.h(74) : see declaration of 'status'
     1>c:\bison\bison-3.0\src\symtab.h(126): error C2059: syntax error : '}'
     1>c:\bison\bison-3.0\src\symtab.h(160): error C2061: syntax error : identifier 'symbol_is_dummy'
     1>c:\bison\bison-3.0\src\symtab.h(160): error C2059: syntax error : ';'
     1>c:\bison\bison-3.0\src\symtab.h(160): error C2059: syntax error : 'type'
     1>c:\bison\bison-3.0\src\symtab.h(184): error C2143: syntax error : missing ')' before 'const'
     1>c:\bison\bison-3.0\src\symtab.h(184): error C2081: 'code_props' : name in formal parameter list illegal
     1>c:\bison\bison-3.0\src\symtab.h(184): error C2143: syntax error : missing '{' before 'const'
     1>c:\bison\bison-3.0\src\symtab.h(184): error C2059: syntax error : ')'
     1>c:\bison\bison-3.0\src\symtab.h(184): error C2365: 'destructor' : redefinition; previous definition was 'enumerator'
                 c:\bison\bison-3.0\src\symtab.h(79) : see declaration of 'destructor'
     1>c:\bison\bison-3.0\src\symtab.h(189): error C2143: syntax error : missing '{' before '*'
     1>c:\bison\bison-3.0\src\symtab.h(199): error C2146: syntax error : missing ')' before identifier 'declaring'
     1>c:\bison\bison-3.0\src\symtab.h(199): error C2081: 'bool' : name in formal parameter list illegal
     1>c:\bison\bison-3.0\src\symtab.h(199): error C2061: syntax error : identifier 'declaring'
     1>c:\bison\bison-3.0\src\symtab.h(199): error C2059: syntax error : ';'
     1>c:\bison\bison-3.0\src\symtab.h(199): error C2059: syntax error : ')'
     1>c:\bison\bison-3.0\src\symtab.h(301): error C2061: syntax error : identifier 'code_props'
     1>c:\bison\bison-3.0\src\symtab.h(303): error C2059: syntax error : '}'
     1>c:\bison\bison-3.0\src\symtab.h(306): error C2143: syntax error : missing '{' before '*'
     1>c:\bison\bison-3.0\src\symtab.h(310): error C2143: syntax error : missing '{' before '*'
     1>c:\bison\bison-3.0\src\symtab.h(313): error C2143: syntax error : missing ')' before '*'
     1>c:\bison\bison-3.0\src\symtab.h(313): error C2143: syntax error : missing '{' before '*'
     1>c:\bison\bison-3.0\src\symtab.h(314): error C2370: 'code_props_type' : redefinition; different storage class
                 c:\bison\bison-3.0\src\symtab.h(76) : see declaration of 'code_props_type'
     1>c:\bison\bison-3.0\src\symtab.h(314): error C2146: syntax error : missing ';' before identifier 'kind'
     1>c:\bison\bison-3.0\src\symtab.h(315): error C2143: syntax error : missing ';' before 'const'
     1>c:\bison\bison-3.0\src\symtab.h(315): error C2059: syntax error : ')'
     1>c:\bison\bison-3.0\src\gram.h(129): error C2054: expected '(' to follow 'inline'
     1>c:\bison\bison-3.0\src\gram.h(130): error C2085: 'symbol_number_as_item_number' : not in formal parameter list
     1>c:\bison\bison-3.0\src\gram.h(130): error C2143: syntax error : missing ';' before '{'
     1>c:\bison\bison-3.0\src\gram.h(135): error C2054: expected '(' to follow 'inline'
     1>c:\bison\bison-3.0\src\gram.h(136): error C2085: 'item_number_as_symbol_number' : not in formal parameter list
     1>c:\bison\bison-3.0\src\gram.h(136): error C2143: syntax error : missing ';' before '{'
     1>c:\bison\bison-3.0\src\gram.h(140): error C2061: syntax error : identifier 'bool'
     1>c:\bison\bison-3.0\src\gram.h(140): error C2059: syntax error : ';'
     1>c:\bison\bison-3.0\src\gram.h(152): error C2054: expected '(' to follow 'inline'
     1>c:\bison\bison-3.0\src\gram.h(153): error C2085: 'rule_number_as_item_number' : not in formal parameter list
     1>c:\bison\bison-3.0\src\gram.h(153): error C2143: syntax error : missing ';' before '{'
     1>c:\bison\bison-3.0\src\gram.h(158): error C2054: expected '(' to follow 'inline'
     1>c:\bison\bison-3.0\src\gram.h(159): error C2085: 'item_number_as_rule_number' : not in formal parameter list
     1>c:\bison\bison-3.0\src\gram.h(159): error C2143: syntax error : missing ';' before '{'
     1>c:\bison\bison-3.0\src\gram.h(163): error C2061: syntax error : identifier 'bool'
     1>c:\bison\bison-3.0\src\gram.h(163): error C2059: syntax error : ';'
     1>c:\bison\bison-3.0\src\gram.h(196): error C2061: syntax error : identifier 'bool'
     1>c:\bison\bison-3.0\src\gram.h(197): error C2061: syntax error : identifier 'is_predicate'
     1>c:\bison\bison-3.0\src\gram.h(197): error C2059: syntax error : ';'
     1>c:\bison\bison-3.0\src\gram.h(201): error C2059: syntax error : '}'
     1>c:\bison\bison-3.0\src\gram.h(203): error C2143: syntax error : missing '{' before '*'
     1>c:\bison\bison-3.0\src\gram.h(206): error C2143: syntax error : missing ')' before '*'
     1>c:\bison\bison-3.0\src\gram.h(206): error C2143: syntax error : missing '{' before '*'
     1>c:\bison\bison-3.0\src\gram.h(206): error C2059: syntax error : ')'
     1>c:\bison\bison-3.0\src\gram.h(206): error C2143: syntax error : missing ')' before 'const'
     1>c:\bison\bison-3.0\src\gram.h(206): error C2143: syntax error : missing '{' before 'const'
     1>c:\bison\bison-3.0\src\gram.h(206): error C2059: syntax error : ')'
     1>c:\bison\bison-3.0\src\gram.h(206): error C2059: syntax error : ';'
     1>c:\bison\bison-3.0\src\gram.h(210): error C2061: syntax error : identifier 'rule_useful_in_grammar_p'
     1>c:\bison\bison-3.0\src\gram.h(210): error C2059: syntax error : ';'
     1>c:\bison\bison-3.0\src\gram.h(210): fatal error C1003: error count exceeds 100; stopping compilation
         symtab.c
     1>c:\bison\bison-3.0\src\location.h(55): error C2054: expected '(' to follow 'inline'
     1>c:\bison\bison-3.0\src\location.h(56): error C2085: 'boundary_set' : not in formal parameter list
     1>c:\bison\bison-3.0\src\location.h(56): error C2143: syntax error : missing ';' before '{'
     1>c:\bison\bison-3.0\src\location.h(65): error C2054: expected '(' to follow 'inline'
     1>c:\bison\bison-3.0\src\location.h(66): error C2085: 'boundary_cmp' : not in formal parameter list
     1>c:\bison\bison-3.0\src\location.h(66): error C2143: syntax error : missing ';' before '{'
     1>c:\bison\bison-3.0\src\location.h(76): error C2061: syntax error : identifier 'bool'
     1>c:\bison\bison-3.0\src\location.h(76): error C2059: syntax error : ';'
     1>c:\bison\bison-3.0\src\location.h(120): error C2054: expected '(' to follow 'inline'
     1>c:\bison\bison-3.0\src\location.h(121): error C2085: 'location_cmp' : not in formal parameter list
     1>c:\bison\bison-3.0\src\location.h(121): error C2143: syntax error : missing ';' before '{'
     1>c:\bison\bison-3.0\src\complain.h(47): error C2061: syntax error : identifier 'warnings_are_errors'
     1>c:\bison\bison-3.0\src\complain.h(47): error C2059: syntax error : ';'
     1>c:\bison\bison-3.0\src\complain.h(107): error C2061: syntax error : identifier 'warning_is_unset'
     1>c:\bison\bison-3.0\src\complain.h(107): error C2059: syntax error : ';'
     1>c:\bison\bison-3.0\src\complain.h(107): error C2059: syntax error : 'type'
     1>c:\bison\bison-3.0\src\scan-code.h(67): error C2061: syntax error : identifier 'bool'
     1>c:\bison\bison-3.0\src\scan-code.h(73): error C2061: syntax error : identifier 'is_predicate'
     1>c:\bison\bison-3.0\src\scan-code.h(73): error C2059: syntax error : ';'
     1>c:\bison\bison-3.0\src\scan-code.h(78): error C2061: syntax error : identifier 'is_used'
     1>c:\bison\bison-3.0\src\scan-code.h(78): error C2059: syntax error : ';'
     1>c:\bison\bison-3.0\src\scan-code.h(84): error C2040: 'named_ref' : 'named_ref *' differs in levels of indirection from 'named_ref'
     1>c:\bison\bison-3.0\src\scan-code.h(85): error C2059: syntax error : '}'
     1>c:\bison\bison-3.0\src\scan-code.h(93): error C2143: syntax error : missing ')' before '*'
     1>c:\bison\bison-3.0\src\scan-code.h(93): error C2143: syntax error : missing '{' before '*'
     1>c:\bison\bison-3.0\src\scan-code.h(93): error C2059: syntax error : ')'
     1>c:\bison\bison-3.0\src\scan-code.h(109): error C2061: syntax error : identifier 'code_props_none'
     1>c:\bison\bison-3.0\src\scan-code.h(109): error C2059: syntax error : ';'
     1>c:\bison\bison-3.0\src\scan-code.h(123): error C2143: syntax error : missing ')' before '*'
     1>c:\bison\bison-3.0\src\scan-code.h(123): error C2143: syntax error : missing '{' before '*'
     1>c:\bison\bison-3.0\src\scan-code.h(123): error C2059: syntax error : 'type'
     1>c:\bison\bison-3.0\src\scan-code.h(124): error C2059: syntax error : ')'
     1>c:\bison\bison-3.0\src\scan-code.h(138): error C2143: syntax error : missing ')' before '*'
     1>c:\bison\bison-3.0\src\scan-code.h(138): error C2143: syntax error : missing '{' before '*'
     1>c:\bison\bison-3.0\src\scan-code.h(138): error C2059: syntax error : 'type'
     1>c:\bison\bison-3.0\src\scan-code.h(139): error C2059: syntax error : ')'
     1>c:\bison\bison-3.0\src\scan-code.h(158): error C2143: syntax error : missing ')' before '*'
     1>c:\bison\bison-3.0\src\scan-code.h(158): error C2143: syntax error : missing '{' before '*'
     1>c:\bison\bison-3.0\src\scan-code.h(158): error C2059: syntax error : 'type'
     1>c:\bison\bison-3.0\src\scan-code.h(160): error C2059: syntax error : ')'
     1>c:\bison\bison-3.0\src\scan-code.h(173): error C2143: syntax error : missing ')' before '*'
     1>c:\bison\bison-3.0\src\scan-code.h(173): error C2143: syntax error : missing '{' before '*'
     1>c:\bison\bison-3.0\src\scan-code.h(173): error C2059: syntax error : ')'
     1>c:\bison\bison-3.0\src\symtab.h(112): error C2061: syntax error : identifier 'code_props'
     1>c:\bison\bison-3.0\src\symtab.h(117): error C2370: 'assoc' : redefinition; different storage class
                 c:\bison\bison-3.0\src\assoc.h(31) : see declaration of 'assoc'
     1>c:\bison\bison-3.0\src\symtab.h(125): error C2370: 'status' : redefinition; different storage class
                 c:\bison\bison-3.0\src\symtab.h(74) : see declaration of 'status'
     1>c:\bison\bison-3.0\src\symtab.h(126): error C2059: syntax error : '}'
     1>c:\bison\bison-3.0\src\symtab.h(160): error C2061: syntax error : identifier 'symbol_is_dummy'
     1>c:\bison\bison-3.0\src\symtab.h(160): error C2059: syntax error : ';'
     1>c:\bison\bison-3.0\src\symtab.h(160): error C2059: syntax error : 'type'
     1>c:\bison\bison-3.0\src\symtab.h(184): error C2143: syntax error : missing ')' before 'const'
     1>c:\bison\bison-3.0\src\symtab.h(184): error C2081: 'code_props' : name in formal parameter list illegal
     1>c:\bison\bison-3.0\src\symtab.h(184): error C2143: syntax error : missing '{' before 'const'
     1>c:\bison\bison-3.0\src\symtab.h(184): error C2059: syntax error : ')'
     1>c:\bison\bison-3.0\src\symtab.h(184): error C2365: 'destructor' : redefinition; previous definition was 'enumerator'
                 c:\bison\bison-3.0\src\symtab.h(79) : see declaration of 'destructor'
     1>c:\bison\bison-3.0\src\symtab.h(189): error C2143: syntax error : missing '{' before '*'
     1>c:\bison\bison-3.0\src\symtab.h(199): error C2146: syntax error : missing ')' before identifier 'declaring'
     1>c:\bison\bison-3.0\src\symtab.h(199): error C2081: 'bool' : name in formal parameter list illegal
     1>c:\bison\bison-3.0\src\symtab.h(199): error C2061: syntax error : identifier 'declaring'
     1>c:\bison\bison-3.0\src\symtab.h(199): error C2059: syntax error : ';'
     1>c:\bison\bison-3.0\src\symtab.h(199): error C2059: syntax error : ')'
     1>c:\bison\bison-3.0\src\symtab.h(301): error C2061: syntax error : identifier 'code_props'
     1>c:\bison\bison-3.0\src\symtab.h(303): error C2059: syntax error : '}'
     1>c:\bison\bison-3.0\src\symtab.h(306): error C2143: syntax error : missing '{' before '*'
     1>c:\bison\bison-3.0\src\symtab.h(310): error C2143: syntax error : missing '{' before '*'
     1>c:\bison\bison-3.0\src\symtab.h(313): error C2143: syntax error : missing ')' before '*'
     1>c:\bison\bison-3.0\src\symtab.h(313): error C2143: syntax error : missing '{' before '*'
     1>c:\bison\bison-3.0\src\symtab.h(314): error C2370: 'code_props_type' : redefinition; different storage class
                 c:\bison\bison-3.0\src\symtab.h(76) : see declaration of 'code_props_type'
     1>c:\bison\bison-3.0\src\symtab.h(314): error C2146: syntax error : missing ';' before identifier 'kind'
     1>c:\bison\bison-3.0\src\symtab.h(315): error C2143: syntax error : missing ';' before 'const'
     1>c:\bison\bison-3.0\src\symtab.h(315): error C2059: syntax error : ')'
     1>c:\bison\bison-3.0\src\gram.h(129): error C2054: expected '(' to follow 'inline'
     1>c:\bison\bison-3.0\src\gram.h(130): error C2085: 'symbol_number_as_item_number' : not in formal parameter list
     1>c:\bison\bison-3.0\src\gram.h(130): error C2143: syntax error : missing ';' before '{'
     1>c:\bison\bison-3.0\src\gram.h(135): error C2054: expected '(' to follow 'inline'
     1>c:\bison\bison-3.0\src\gram.h(136): error C2085: 'item_number_as_symbol_number' : not in formal parameter list
     1>c:\bison\bison-3.0\src\gram.h(136): error C2143: syntax error : missing ';' before '{'
     1>c:\bison\bison-3.0\src\gram.h(140): error C2061: syntax error : identifier 'bool'
     1>c:\bison\bison-3.0\src\gram.h(140): error C2059: syntax error : ';'
     1>c:\bison\bison-3.0\src\gram.h(152): error C2054: expected '(' to follow 'inline'
     1>c:\bison\bison-3.0\src\gram.h(153): error C2085: 'rule_number_as_item_number' : not in formal parameter list
     1>c:\bison\bison-3.0\src\gram.h(153): error C2143: syntax error : missing ';' before '{'
     1>c:\bison\bison-3.0\src\gram.h(158): error C2054: expected '(' to follow 'inline'
     1>c:\bison\bison-3.0\src\gram.h(159): error C2085: 'item_number_as_rule_number' : not in formal parameter list
     1>c:\bison\bison-3.0\src\gram.h(159): error C2143: syntax error : missing ';' before '{'
     1>c:\bison\bison-3.0\src\gram.h(163): error C2061: syntax error : identifier 'bool'
     1>c:\bison\bison-3.0\src\gram.h(163): error C2059: syntax error : ';'
     1>c:\bison\bison-3.0\src\gram.h(196): error C2061: syntax error : identifier 'bool'
     1>c:\bison\bison-3.0\src\gram.h(197): error C2061: syntax error : identifier 'is_predicate'
     1>c:\bison\bison-3.0\src\gram.h(197): error C2059: syntax error : ';'
     1>c:\bison\bison-3.0\src\gram.h(201): error C2059: syntax error : '}'
     1>c:\bison\bison-3.0\src\gram.h(203): error C2143: syntax error : missing '{' before '*'
     1>c:\bison\bison-3.0\src\gram.h(206): error C2143: syntax error : missing ')' before '*'
     1>c:\bison\bison-3.0\src\gram.h(206): error C2143: syntax error : missing '{' before '*'
     1>c:\bison\bison-3.0\src\gram.h(206): error C2059: syntax error : ')'
     1>c:\bison\bison-3.0\src\gram.h(206): error C2143: syntax error : missing ')' before 'const'
     1>c:\bison\bison-3.0\src\gram.h(206): error C2143: syntax error : missing '{' before 'const'
     1>c:\bison\bison-3.0\src\gram.h(206): error C2059: syntax error : ')'
     1>c:\bison\bison-3.0\src\gram.h(206): error C2059: syntax error : ';'
     1>c:\bison\bison-3.0\src\gram.h(210): error C2061: syntax error : identifier 'rule_useful_in_grammar_p'
     1>c:\bison\bison-3.0\src\gram.h(210): error C2059: syntax error : ';'
     1>c:\bison\bison-3.0\src\gram.h(210): fatal error C1003: error count exceeds 100; stopping compilation
         symlist.c
     1>c:\bison\bison-3.0\src\location.h(55): error C2054: expected '(' to follow 'inline'
     1>c:\bison\bison-3.0\src\location.h(56): error C2085: 'boundary_set' : not in formal parameter list
     1>c:\bison\bison-3.0\src\location.h(56): error C2143: syntax error : missing ';' before '{'
     1>c:\bison\bison-3.0\src\location.h(65): error C2054: expected '(' to follow 'inline'
     1>c:\bison\bison-3.0\src\location.h(66): error C2085: 'boundary_cmp' : not in formal parameter list
     1>c:\bison\bison-3.0\src\location.h(66): error C2143: syntax error : missing ';' before '{'
     1>c:\bison\bison-3.0\src\location.h(76): error C2061: syntax error : identifier 'bool'
     1>c:\bison\bison-3.0\src\location.h(76): error C2059: syntax error : ';'
     1>c:\bison\bison-3.0\src\location.h(120): error C2054: expected '(' to follow 'inline'
     1>c:\bison\bison-3.0\src\location.h(121): error C2085: 'location_cmp' : not in formal parameter list
     1>c:\bison\bison-3.0\src\location.h(121): error C2143: syntax error : missing ';' before '{'
     1>c:\bison\bison-3.0\src\complain.h(47): error C2061: syntax error : identifier 'warnings_are_errors'
     1>c:\bison\bison-3.0\src\complain.h(47): error C2059: syntax error : ';'
     1>c:\bison\bison-3.0\src\complain.h(107): error C2061: syntax error : identifier 'warning_is_unset'
     1>c:\bison\bison-3.0\src\complain.h(107): error C2059: syntax error : ';'
     1>c:\bison\bison-3.0\src\complain.h(107): error C2059: syntax error : 'type'
     1>c:\bison\bison-3.0\src\scan-code.h(67): error C2061: syntax error : identifier 'bool'
     1>c:\bison\bison-3.0\src\scan-code.h(73): error C2061: syntax error : identifier 'is_predicate'
     1>c:\bison\bison-3.0\src\scan-code.h(73): error C2059: syntax error : ';'
     1>c:\bison\bison-3.0\src\scan-code.h(78): error C2061: syntax error : identifier 'is_used'
     1>c:\bison\bison-3.0\src\scan-code.h(78): error C2059: syntax error : ';'
     1>c:\bison\bison-3.0\src\scan-code.h(84): error C2040: 'named_ref' : 'named_ref *' differs in levels of indirection from 'named_ref'
     1>c:\bison\bison-3.0\src\scan-code.h(85): error C2059: syntax error : '}'
     1>c:\bison\bison-3.0\src\scan-code.h(93): error C2143: syntax error : missing ')' before '*'
     1>c:\bison\bison-3.0\src\scan-code.h(93): error C2143: syntax error : missing '{' before '*'
     1>c:\bison\bison-3.0\src\scan-code.h(93): error C2059: syntax error : ')'
     1>c:\bison\bison-3.0\src\scan-code.h(109): error C2061: syntax error : identifier 'code_props_none'
     1>c:\bison\bison-3.0\src\scan-code.h(109): error C2059: syntax error : ';'
     1>c:\bison\bison-3.0\src\scan-code.h(123): error C2143: syntax error : missing ')' before '*'
     1>c:\bison\bison-3.0\src\scan-code.h(123): error C2143: syntax error : missing '{' before '*'
     1>c:\bison\bison-3.0\src\scan-code.h(123): error C2059: syntax error : 'type'
     1>c:\bison\bison-3.0\src\scan-code.h(124): error C2059: syntax error : ')'
     1>c:\bison\bison-3.0\src\scan-code.h(138): error C2143: syntax error : missing ')' before '*'
     1>c:\bison\bison-3.0\src\scan-code.h(138): error C2143: syntax error : missing '{' before '*'
     1>c:\bison\bison-3.0\src\scan-code.h(138): error C2059: syntax error : 'type'
     1>c:\bison\bison-3.0\src\scan-code.h(139): error C2059: syntax error : ')'
     1>c:\bison\bison-3.0\src\scan-code.h(158): error C2143: syntax error : missing ')' before '*'
     1>c:\bison\bison-3.0\src\scan-code.h(158): error C2143: syntax error : missing '{' before '*'
     1>c:\bison\bison-3.0\src\scan-code.h(158): error C2059: syntax error : 'type'
     1>c:\bison\bison-3.0\src\scan-code.h(160): error C2059: syntax error : ')'
     1>c:\bison\bison-3.0\src\scan-code.h(173): error C2143: syntax error : missing ')' before '*'
     1>c:\bison\bison-3.0\src\scan-code.h(173): error C2143: syntax error : missing '{' before '*'
     1>c:\bison\bison-3.0\src\scan-code.h(173): error C2059: syntax error : ')'
     1>c:\bison\bison-3.0\src\symtab.h(112): error C2061: syntax error : identifier 'code_props'
     1>c:\bison\bison-3.0\src\symtab.h(117): error C2370: 'assoc' : redefinition; different storage class
                 c:\bison\bison-3.0\src\assoc.h(31) : see declaration of 'assoc'
     1>c:\bison\bison-3.0\src\symtab.h(125): error C2370: 'status' : redefinition; different storage class
                 c:\bison\bison-3.0\src\symtab.h(74) : see declaration of 'status'
     1>c:\bison\bison-3.0\src\symtab.h(126): error C2059: syntax error : '}'
     1>c:\bison\bison-3.0\src\symtab.h(160): error C2061: syntax error : identifier 'symbol_is_dummy'
     1>c:\bison\bison-3.0\src\symtab.h(160): error C2059: syntax error : ';'
     1>c:\bison\bison-3.0\src\symtab.h(160): error C2059: syntax error : 'type'
     1>c:\bison\bison-3.0\src\symtab.h(184): error C2143: syntax error : missing ')' before 'const'
     1>c:\bison\bison-3.0\src\symtab.h(184): error C2081: 'code_props' : name in formal parameter list illegal
     1>c:\bison\bison-3.0\src\symtab.h(184): error C2143: syntax error : missing '{' before 'const'
     1>c:\bison\bison-3.0\src\symtab.h(184): error C2059: syntax error : ')'
     1>c:\bison\bison-3.0\src\symtab.h(184): error C2365: 'destructor' : redefinition; previous definition was 'enumerator'
                 c:\bison\bison-3.0\src\symtab.h(79) : see declaration of 'destructor'
     1>c:\bison\bison-3.0\src\symtab.h(189): error C2143: syntax error : missing '{' before '*'
     1>c:\bison\bison-3.0\src\symtab.h(199): error C2146: syntax error : missing ')' before identifier 'declaring'
     1>c:\bison\bison-3.0\src\symtab.h(199): error C2081: 'bool' : name in formal parameter list illegal
     1>c:\bison\bison-3.0\src\symtab.h(199): error C2061: syntax error : identifier 'declaring'
     1>c:\bison\bison-3.0\src\symtab.h(199): error C2059: syntax error : ';'
     1>c:\bison\bison-3.0\src\symtab.h(199): error C2059: syntax error : ')'
     1>c:\bison\bison-3.0\src\symtab.h(301): error C2061: syntax error : identifier 'code_props'
     1>c:\bison\bison-3.0\src\symtab.h(303): error C2059: syntax error : '}'
     1>c:\bison\bison-3.0\src\symtab.h(306): error C2143: syntax error : missing '{' before '*'
     1>c:\bison\bison-3.0\src\symtab.h(310): error C2143: syntax error : missing '{' before '*'
     1>c:\bison\bison-3.0\src\symtab.h(313): error C2143: syntax error : missing ')' before '*'
     1>c:\bison\bison-3.0\src\symtab.h(313): error C2143: syntax error : missing '{' before '*'
     1>c:\bison\bison-3.0\src\symtab.h(314): error C2370: 'code_props_type' : redefinition; different storage class
                 c:\bison\bison-3.0\src\symtab.h(76) : see declaration of 'code_props_type'
     1>c:\bison\bison-3.0\src\symtab.h(314): error C2146: syntax error : missing ';' before identifier 'kind'
     1>c:\bison\bison-3.0\src\symtab.h(315): error C2143: syntax error : missing ';' before 'const'
     1>c:\bison\bison-3.0\src\symtab.h(315): error C2059: syntax error : ')'
     1>c:\bison\bison-3.0\src\symlist.h(49): error C2061: syntax error : identifier 'semantic_type'
     1>c:\bison\bison-3.0\src\symlist.h(50): error C2059: syntax error : '}'
     1>c:\bison\bison-3.0\src\symlist.h(51): error C2370: 'location' : redefinition; different storage class
                 c:\bison\bison-3.0\src\location.h(93) : see declaration of 'location'
     1>c:\bison\bison-3.0\src\symlist.h(54): error C2040: 'named_ref' : 'named_ref *' differs in levels of indirection from 'named_ref'
     1>c:\bison\bison-3.0\src\symlist.h(79): error C2061: syntax error : identifier 'action_props'
     1>c:\bison\bison-3.0\src\symlist.h(79): error C2059: syntax error : ';'
     1>c:\bison\bison-3.0\src\symlist.h(92): error C2059: syntax error : '}'
     1>c:\bison\bison-3.0\src\symlist.h(96): error C2143: syntax error : missing '{' before '*'
     1>c:\bison\bison-3.0\src\symlist.h(99): error C2143: syntax error : missing '{' before '*'
     1>c:\bison\bison-3.0\src\symlist.h(105): error C2143: syntax error : missing ')' before '*'
     1>c:\bison\bison-3.0\src\symlist.h(105): error C2143: syntax error : missing '{' before '*'
     1>c:\bison\bison-3.0\src\symlist.h(105): error C2371: 'FILE' : redefinition; different basic types
                 c:\program files (x86)\microsoft visual studio 10.0\vc\include\stdio.h(66) : see declaration of 'FILE'
     1>c:\bison\bison-3.0\src\symlist.h(105): error C2143: syntax error : missing ';' before '*'
     1>c:\bison\bison-3.0\src\symlist.h(105): error C2059: syntax error : ')'
     1>c:\bison\bison-3.0\src\symlist.h(108): error C2143: syntax error : missing '{' before '*'
     1>c:\bison\bison-3.0\src\symlist.h(108): error C2143: syntax error : missing ')' before '*'
     1>c:\bison\bison-3.0\src\symlist.h(108): error C2143: syntax error : missing '{' before '*'
     1>c:\bison\bison-3.0\src\symlist.h(108): error C2143: syntax error : missing ';' before '*'
     1>c:\bison\bison-3.0\src\symlist.h(108): error C2059: syntax error : ')'
     1>c:\bison\bison-3.0\src\symlist.h(111): error C2143: syntax error : missing '{' before '*'
     1>c:\bison\bison-3.0\src\symlist.h(111): error C2143: syntax error : missing ')' before '*'
     1>c:\bison\bison-3.0\src\symlist.h(111): error C2143: syntax error : missing '{' before '*'
     1>c:\bison\bison-3.0\src\symlist.h(111): error C2143: syntax error : missing ';' before '*'
     1>c:\bison\bison-3.0\src\symlist.h(111): error C2059: syntax error : ')'
     1>c:\bison\bison-3.0\src\symlist.h(114): error C2143: syntax error : missing ')' before '*'
     1>c:\bison\bison-3.0\src\symlist.h(114): error C2143: syntax error : missing '{' before '*'
     1>c:\bison\bison-3.0\src\symlist.h(114): error C2059: syntax error : ')'
     1>c:\bison\bison-3.0\src\symlist.h(117): error C2143: syntax error : missing ')' before 'const'
     1>c:\bison\bison-3.0\src\symlist.h(117): error C2143: syntax error : missing '{' before 'const'
     1>c:\bison\bison-3.0\src\symlist.h(117): error C2059: syntax error : ')'
     1>c:\bison\bison-3.0\src\symlist.h(117): fatal error C1003: error count exceeds 100; stopping compilation
         state.c
     1>c:\bison\bison-3.0\src\state.c(23): fatal error C1083: Cannot open include file: 'hash.h': No such file or directory
         scan-skel.c
     1>../../src/scan-skel.l(30): fatal error C1083: Cannot open include file: 'src/flex-scanner.h': No such file or directory
         scan-skel-c.c
     1>c:\bison\bison-3.0\src\scan-skel-c.c(3): fatal error C1083: Cannot open include file: 'src/scan-skel.c': No such file or directory
         scan-gram.c
     1>../../src/scan-gram.l(30): fatal error C1083: Cannot open include file: 'src/flex-scanner.h': No such file or directory
         scan-gram-c.c
     1>c:\bison\bison-3.0\src\scan-gram-c.c(3): fatal error C1083: Cannot open include file: 'src/scan-gram.c': No such file or directory
         scan-code.c
     1>../../src/scan-code.l(30): fatal error C1083: Cannot open include file: 'src/flex-scanner.h': No such file or directory
         scan-code-c.c
     1>c:\bison\bison-3.0\src\scan-code-c.c(3): fatal error C1083: Cannot open include file: 'src/scan-code.c': No such file or directory
         relation.c
     1>c:\bison\bison-3.0\src\location.h(55): error C2054: expected '(' to follow 'inline'
     1>c:\bison\bison-3.0\src\location.h(56): error C2085: 'boundary_set' : not in formal parameter list
     1>c:\bison\bison-3.0\src\location.h(56): error C2143: syntax error : missing ';' before '{'
     1>c:\bison\bison-3.0\src\location.h(65): error C2054: expected '(' to follow 'inline'
     1>c:\bison\bison-3.0\src\location.h(66): error C2085: 'boundary_cmp' : not in formal parameter list
     1>c:\bison\bison-3.0\src\location.h(66): error C2143: syntax error : missing ';' before '{'
     1>c:\bison\bison-3.0\src\location.h(76): error C2061: syntax error : identifier 'bool'
     1>c:\bison\bison-3.0\src\location.h(76): error C2059: syntax error : ';'
     1>c:\bison\bison-3.0\src\location.h(120): error C2054: expected '(' to follow 'inline'
     1>c:\bison\bison-3.0\src\location.h(121): error C2085: 'location_cmp' : not in formal parameter list
     1>c:\bison\bison-3.0\src\location.h(121): error C2143: syntax error : missing ';' before '{'
     1>c:\bison\bison-3.0\src\getargs.h(37): error C2061: syntax error : identifier 'defines_flag'
     1>c:\bison\bison-3.0\src\getargs.h(37): error C2059: syntax error : ';'
     1>c:\bison\bison-3.0\src\getargs.h(38): error C2061: syntax error : identifier 'graph_flag'
     1>c:\bison\bison-3.0\src\getargs.h(38): error C2059: syntax error : ';'
     1>c:\bison\bison-3.0\src\getargs.h(39): error C2061: syntax error : identifier 'xml_flag'
     1>c:\bison\bison-3.0\src\getargs.h(39): error C2059: syntax error : ';'
     1>c:\bison\bison-3.0\src\getargs.h(40): error C2061: syntax error : identifier 'no_lines_flag'
     1>c:\bison\bison-3.0\src\getargs.h(40): error C2059: syntax error : ';'
     1>c:\bison\bison-3.0\src\getargs.h(41): error C2061: syntax error : identifier 'token_table_flag'
     1>c:\bison\bison-3.0\src\getargs.h(41): error C2059: syntax error : ';'
     1>c:\bison\bison-3.0\src\getargs.h(42): error C2061: syntax error : identifier 'yacc_flag'
     1>c:\bison\bison-3.0\src\getargs.h(42): error C2059: syntax error : ';'
     1>c:\bison\bison-3.0\src\getargs.h(49): error C2061: syntax error : identifier 'glr_parser'
     1>c:\bison\bison-3.0\src\getargs.h(49): error C2059: syntax error : ';'
     1>c:\bison\bison-3.0\src\getargs.h(55): error C2061: syntax error : identifier 'nondeterministic_parser'
     1>c:\bison\bison-3.0\src\getargs.h(55): error C2059: syntax error : ';'
     1>c:\bison\bison-3.0\src\getargs.h(65): error C2061: syntax error : identifier 'bool'
     1>c:\bison\bison-3.0\src\getargs.h(66): error C2059: syntax error : '}'
     1>c:\bison\bison-3.0\src\relation.h(44): error C2143: syntax error : missing ')' before '*'
     1>c:\bison\bison-3.0\src\relation.h(44): error C2081: 'bitsetv' : name in formal parameter list illegal
     1>c:\bison\bison-3.0\src\relation.h(44): error C2143: syntax error : missing '{' before '*'
     1>c:\bison\bison-3.0\src\relation.h(44): error C2059: syntax error : ')'
     1>c:\bison\bison-3.0\src\relation.c(59): error C2061: syntax error : identifier 'F'
     1>c:\bison\bison-3.0\src\relation.c(59): error C2059: syntax error : ';'
     1>c:\bison\bison-3.0\src\relation.c(79): warning C4013: 'bitset_or' undefined; assuming extern returning int
     1>c:\bison\bison-3.0\src\relation.c(79): error C2065: 'F' : undeclared identifier
     1>c:\bison\bison-3.0\src\relation.c(79): error C2109: subscript requires array or pointer type
     1>c:\bison\bison-3.0\src\relation.c(79): error C2065: 'F' : undeclared identifier
     1>c:\bison\bison-3.0\src\relation.c(79): error C2109: subscript requires array or pointer type
     1>c:\bison\bison-3.0\src\relation.c(79): error C2065: 'F' : undeclared identifier
     1>c:\bison\bison-3.0\src\relation.c(79): error C2109: subscript requires array or pointer type
     1>c:\bison\bison-3.0\src\relation.c(91): warning C4013: 'bitset_copy' undefined; assuming extern returning int
     1>c:\bison\bison-3.0\src\relation.c(91): error C2065: 'F' : undeclared identifier
     1>c:\bison\bison-3.0\src\relation.c(91): error C2109: subscript requires array or pointer type
     1>c:\bison\bison-3.0\src\relation.c(91): error C2065: 'F' : undeclared identifier
     1>c:\bison\bison-3.0\src\relation.c(91): error C2109: subscript requires array or pointer type
     1>c:\bison\bison-3.0\src\relation.c(97): error C2143: syntax error : missing ')' before '*'
     1>c:\bison\bison-3.0\src\relation.c(97): error C2081: 'bitsetv' : name in formal parameter list illegal
     1>c:\bison\bison-3.0\src\relation.c(97): error C2143: syntax error : missing '{' before '*'
     1>c:\bison\bison-3.0\src\relation.c(97): error C2059: syntax error : ')'
     1>c:\bison\bison-3.0\src\relation.c(98): error C2054: expected '(' to follow 'function'
     1>c:\bison\bison-3.0\src\relation.c(129): warning C4013: 'xnmalloc' undefined; assuming extern returning int
     1>c:\bison\bison-3.0\src\relation.c(129): warning C4047: 'initializing' : 'relation' differs in levels of indirection from 'int'
     1>c:\bison\bison-3.0\src\relation.c(131): warning C4047: 'initializing' : 'relation' differs in levels of indirection from 'int'
     1>c:\bison\bison-3.0\src\relation.c(133): warning C4013: 'xcalloc' undefined; assuming extern returning int
     1>c:\bison\bison-3.0\src\relation.c(133): warning C4047: 'initializing' : 'size_t *' differs in levels of indirection from 'int'
     1>c:\bison\bison-3.0\src\relation.c(155): warning C4047: '=' : 'relation_node *' differs in levels of indirection from 'int'
         reduce.c
     1>c:\bison\bison-3.0\src\location.h(55): error C2054: expected '(' to follow 'inline'
     1>c:\bison\bison-3.0\src\location.h(56): error C2085: 'boundary_set' : not in formal parameter list
     1>c:\bison\bison-3.0\src\location.h(56): error C2143: syntax error : missing ';' before '{'
     1>c:\bison\bison-3.0\src\location.h(65): error C2054: expected '(' to follow 'inline'
     1>c:\bison\bison-3.0\src\location.h(66): error C2085: 'boundary_cmp' : not in formal parameter list
     1>c:\bison\bison-3.0\src\location.h(66): error C2143: syntax error : missing ';' before '{'
     1>c:\bison\bison-3.0\src\location.h(76): error C2061: syntax error : identifier 'bool'
     1>c:\bison\bison-3.0\src\location.h(76): error C2059: syntax error : ';'
     1>c:\bison\bison-3.0\src\location.h(120): error C2054: expected '(' to follow 'inline'
     1>c:\bison\bison-3.0\src\location.h(121): error C2085: 'location_cmp' : not in formal parameter list
     1>c:\bison\bison-3.0\src\location.h(121): error C2143: syntax error : missing ';' before '{'
     1>c:\bison\bison-3.0\src\complain.h(47): error C2061: syntax error : identifier 'warnings_are_errors'
     1>c:\bison\bison-3.0\src\complain.h(47): error C2059: syntax error : ';'
     1>c:\bison\bison-3.0\src\complain.h(107): error C2061: syntax error : identifier 'warning_is_unset'
     1>c:\bison\bison-3.0\src\complain.h(107): error C2059: syntax error : ';'
     1>c:\bison\bison-3.0\src\complain.h(107): error C2059: syntax error : 'type'
     1>c:\bison\bison-3.0\src\getargs.h(37): error C2061: syntax error : identifier 'defines_flag'
     1>c:\bison\bison-3.0\src\getargs.h(37): error C2059: syntax error : ';'
     1>c:\bison\bison-3.0\src\getargs.h(38): error C2061: syntax error : identifier 'graph_flag'
     1>c:\bison\bison-3.0\src\getargs.h(38): error C2059: syntax error : ';'
     1>c:\bison\bison-3.0\src\getargs.h(39): error C2061: syntax error : identifier 'xml_flag'
     1>c:\bison\bison-3.0\src\getargs.h(39): error C2059: syntax error : ';'
     1>c:\bison\bison-3.0\src\getargs.h(40): error C2061: syntax error : identifier 'no_lines_flag'
     1>c:\bison\bison-3.0\src\getargs.h(40): error C2059: syntax error : ';'
     1>c:\bison\bison-3.0\src\getargs.h(41): error C2061: syntax error : identifier 'token_table_flag'
     1>c:\bison\bison-3.0\src\getargs.h(41): error C2059: syntax error : ';'
     1>c:\bison\bison-3.0\src\getargs.h(42): error C2061: syntax error : identifier 'yacc_flag'
     1>c:\bison\bison-3.0\src\getargs.h(42): error C2059: syntax error : ';'
     1>c:\bison\bison-3.0\src\getargs.h(49): error C2061: syntax error : identifier 'glr_parser'
     1>c:\bison\bison-3.0\src\getargs.h(49): error C2059: syntax error : ';'
     1>c:\bison\bison-3.0\src\getargs.h(55): error C2061: syntax error : identifier 'nondeterministic_parser'
     1>c:\bison\bison-3.0\src\getargs.h(55): error C2059: syntax error : ';'
     1>c:\bison\bison-3.0\src\getargs.h(65): error C2061: syntax error : identifier 'bool'
     1>c:\bison\bison-3.0\src\getargs.h(66): error C2059: syntax error : '}'
     1>c:\bison\bison-3.0\src\scan-code.h(67): error C2061: syntax error : identifier 'bool'
     1>c:\bison\bison-3.0\src\scan-code.h(73): error C2061: syntax error : identifier 'is_predicate'
     1>c:\bison\bison-3.0\src\scan-code.h(73): error C2059: syntax error : ';'
     1>c:\bison\bison-3.0\src\scan-code.h(78): error C2061: syntax error : identifier 'is_used'
     1>c:\bison\bison-3.0\src\scan-code.h(78): error C2059: syntax error : ';'
     1>c:\bison\bison-3.0\src\scan-code.h(84): error C2040: 'named_ref' : 'named_ref *' differs in levels of indirection from 'named_ref'
     1>c:\bison\bison-3.0\src\scan-code.h(85): error C2059: syntax error : '}'
     1>c:\bison\bison-3.0\src\scan-code.h(93): error C2143: syntax error : missing ')' before '*'
     1>c:\bison\bison-3.0\src\scan-code.h(93): error C2143: syntax error : missing '{' before '*'
     1>c:\bison\bison-3.0\src\scan-code.h(93): error C2059: syntax error : ')'
     1>c:\bison\bison-3.0\src\scan-code.h(109): error C2061: syntax error : identifier 'code_props_none'
     1>c:\bison\bison-3.0\src\scan-code.h(109): error C2059: syntax error : ';'
     1>c:\bison\bison-3.0\src\scan-code.h(123): error C2143: syntax error : missing ')' before '*'
     1>c:\bison\bison-3.0\src\scan-code.h(123): error C2143: syntax error : missing '{' before '*'
     1>c:\bison\bison-3.0\src\scan-code.h(123): error C2059: syntax error : 'type'
     1>c:\bison\bison-3.0\src\scan-code.h(124): error C2059: syntax error : ')'
     1>c:\bison\bison-3.0\src\scan-code.h(138): error C2143: syntax error : missing ')' before '*'
     1>c:\bison\bison-3.0\src\scan-code.h(138): error C2143: syntax error : missing '{' before '*'
     1>c:\bison\bison-3.0\src\scan-code.h(138): error C2059: syntax error : 'type'
     1>c:\bison\bison-3.0\src\scan-code.h(139): error C2059: syntax error : ')'
     1>c:\bison\bison-3.0\src\scan-code.h(158): error C2143: syntax error : missing ')' before '*'
     1>c:\bison\bison-3.0\src\scan-code.h(158): error C2143: syntax error : missing '{' before '*'
     1>c:\bison\bison-3.0\src\scan-code.h(158): error C2059: syntax error : 'type'
     1>c:\bison\bison-3.0\src\scan-code.h(160): error C2059: syntax error : ')'
     1>c:\bison\bison-3.0\src\scan-code.h(173): error C2143: syntax error : missing ')' before '*'
     1>c:\bison\bison-3.0\src\scan-code.h(173): error C2143: syntax error : missing '{' before '*'
     1>c:\bison\bison-3.0\src\scan-code.h(173): error C2059: syntax error : ')'
     1>c:\bison\bison-3.0\src\symtab.h(112): error C2061: syntax error : identifier 'code_props'
     1>c:\bison\bison-3.0\src\symtab.h(117): error C2370: 'assoc' : redefinition; different storage class
                 c:\bison\bison-3.0\src\assoc.h(31) : see declaration of 'assoc'
     1>c:\bison\bison-3.0\src\symtab.h(125): error C2370: 'status' : redefinition; different storage class
                 c:\bison\bison-3.0\src\symtab.h(74) : see declaration of 'status'
     1>c:\bison\bison-3.0\src\symtab.h(126): error C2059: syntax error : '}'
     1>c:\bison\bison-3.0\src\symtab.h(160): error C2061: syntax error : identifier 'symbol_is_dummy'
     1>c:\bison\bison-3.0\src\symtab.h(160): error C2059: syntax error : ';'
     1>c:\bison\bison-3.0\src\symtab.h(160): error C2059: syntax error : 'type'
     1>c:\bison\bison-3.0\src\symtab.h(184): error C2143: syntax error : missing ')' before 'const'
     1>c:\bison\bison-3.0\src\symtab.h(184): error C2081: 'code_props' : name in formal parameter list illegal
     1>c:\bison\bison-3.0\src\symtab.h(184): error C2143: syntax error : missing '{' before 'const'
     1>c:\bison\bison-3.0\src\symtab.h(184): error C2059: syntax error : ')'
     1>c:\bison\bison-3.0\src\symtab.h(184): error C2365: 'destructor' : redefinition; previous definition was 'enumerator'
                 c:\bison\bison-3.0\src\symtab.h(79) : see declaration of 'destructor'
     1>c:\bison\bison-3.0\src\symtab.h(189): error C2143: syntax error : missing '{' before '*'
     1>c:\bison\bison-3.0\src\symtab.h(199): error C2146: syntax error : missing ')' before identifier 'declaring'
     1>c:\bison\bison-3.0\src\symtab.h(199): error C2081: 'bool' : name in formal parameter list illegal
     1>c:\bison\bison-3.0\src\symtab.h(199): error C2061: syntax error : identifier 'declaring'
     1>c:\bison\bison-3.0\src\symtab.h(199): error C2059: syntax error : ';'
     1>c:\bison\bison-3.0\src\symtab.h(199): error C2059: syntax error : ')'
     1>c:\bison\bison-3.0\src\symtab.h(301): error C2061: syntax error : identifier 'code_props'
     1>c:\bison\bison-3.0\src\symtab.h(303): error C2059: syntax error : '}'
     1>c:\bison\bison-3.0\src\symtab.h(306): error C2143: syntax error : missing '{' before '*'
     1>c:\bison\bison-3.0\src\symtab.h(310): error C2143: syntax error : missing '{' before '*'
     1>c:\bison\bison-3.0\src\symtab.h(313): error C2143: syntax error : missing ')' before '*'
     1>c:\bison\bison-3.0\src\symtab.h(313): error C2143: syntax error : missing '{' before '*'
     1>c:\bison\bison-3.0\src\symtab.h(314): error C2370: 'code_props_type' : redefinition; different storage class
                 c:\bison\bison-3.0\src\symtab.h(76) : see declaration of 'code_props_type'
     1>c:\bison\bison-3.0\src\symtab.h(314): error C2146: syntax error : missing ';' before identifier 'kind'
     1>c:\bison\bison-3.0\src\symtab.h(315): error C2143: syntax error : missing ';' before 'const'
     1>c:\bison\bison-3.0\src\symtab.h(315): error C2059: syntax error : ')'
     1>c:\bison\bison-3.0\src\gram.h(129): error C2054: expected '(' to follow 'inline'
     1>c:\bison\bison-3.0\src\gram.h(130): error C2085: 'symbol_number_as_item_number' : not in formal parameter list
     1>c:\bison\bison-3.0\src\gram.h(130): error C2143: syntax error : missing ';' before '{'
     1>c:\bison\bison-3.0\src\gram.h(135): error C2054: expected '(' to follow 'inline'
     1>c:\bison\bison-3.0\src\gram.h(136): error C2085: 'item_number_as_symbol_number' : not in formal parameter list
     1>c:\bison\bison-3.0\src\gram.h(136): error C2143: syntax error : missing ';' before '{'
     1>c:\bison\bison-3.0\src\gram.h(140): error C2061: syntax error : identifier 'bool'
     1>c:\bison\bison-3.0\src\gram.h(140): error C2059: syntax error : ';'
     1>c:\bison\bison-3.0\src\gram.h(152): error C2054: expected '(' to follow 'inline'
     1>c:\bison\bison-3.0\src\gram.h(153): error C2085: 'rule_number_as_item_number' : not in formal parameter list
     1>c:\bison\bison-3.0\src\gram.h(153): error C2143: syntax error : missing ';' before '{'
     1>c:\bison\bison-3.0\src\gram.h(158): error C2054: expected '(' to follow 'inline'
     1>c:\bison\bison-3.0\src\gram.h(158): fatal error C1003: error count exceeds 100; stopping compilation
         reader.c
     1>c:\bison\bison-3.0\src\location.h(55): error C2054: expected '(' to follow 'inline'
     1>c:\bison\bison-3.0\src\location.h(56): error C2085: 'boundary_set' : not in formal parameter list
     1>c:\bison\bison-3.0\src\location.h(56): error C2143: syntax error : missing ';' before '{'
     1>c:\bison\bison-3.0\src\location.h(65): error C2054: expected '(' to follow 'inline'
     1>c:\bison\bison-3.0\src\location.h(66): error C2085: 'boundary_cmp' : not in formal parameter list
     1>c:\bison\bison-3.0\src\location.h(66): error C2143: syntax error : missing ';' before '{'
     1>c:\bison\bison-3.0\src\location.h(76): error C2061: syntax error : identifier 'bool'
     1>c:\bison\bison-3.0\src\location.h(76): error C2059: syntax error : ';'
     1>c:\bison\bison-3.0\src\location.h(120): error C2054: expected '(' to follow 'inline'
     1>c:\bison\bison-3.0\src\location.h(121): error C2085: 'location_cmp' : not in formal parameter list
     1>c:\bison\bison-3.0\src\location.h(121): error C2143: syntax error : missing ';' before '{'
     1>c:\bison\bison-3.0\src\complain.h(47): error C2061: syntax error : identifier 'warnings_are_errors'
     1>c:\bison\bison-3.0\src\complain.h(47): error C2059: syntax error : ';'
     1>c:\bison\bison-3.0\src\complain.h(107): error C2061: syntax error : identifier 'warning_is_unset'
     1>c:\bison\bison-3.0\src\complain.h(107): error C2059: syntax error : ';'
     1>c:\bison\bison-3.0\src\complain.h(107): error C2059: syntax error : 'type'
     1>c:\bison\bison-3.0\src\scan-code.h(67): error C2061: syntax error : identifier 'bool'
     1>c:\bison\bison-3.0\src\scan-code.h(73): error C2061: syntax error : identifier 'is_predicate'
     1>c:\bison\bison-3.0\src\scan-code.h(73): error C2059: syntax error : ';'
     1>c:\bison\bison-3.0\src\scan-code.h(78): error C2061: syntax error : identifier 'is_used'
     1>c:\bison\bison-3.0\src\scan-code.h(78): error C2059: syntax error : ';'
     1>c:\bison\bison-3.0\src\scan-code.h(84): error C2040: 'named_ref' : 'named_ref *' differs in levels of indirection from 'named_ref'
     1>c:\bison\bison-3.0\src\scan-code.h(85): error C2059: syntax error : '}'
     1>c:\bison\bison-3.0\src\scan-code.h(93): error C2143: syntax error : missing ')' before '*'
     1>c:\bison\bison-3.0\src\scan-code.h(93): error C2143: syntax error : missing '{' before '*'
     1>c:\bison\bison-3.0\src\scan-code.h(93): error C2059: syntax error : ')'
     1>c:\bison\bison-3.0\src\scan-code.h(109): error C2061: syntax error : identifier 'code_props_none'
     1>c:\bison\bison-3.0\src\scan-code.h(109): error C2059: syntax error : ';'
     1>c:\bison\bison-3.0\src\scan-code.h(123): error C2143: syntax error : missing ')' before '*'
     1>c:\bison\bison-3.0\src\scan-code.h(123): error C2143: syntax error : missing '{' before '*'
     1>c:\bison\bison-3.0\src\scan-code.h(123): error C2059: syntax error : 'type'
     1>c:\bison\bison-3.0\src\scan-code.h(124): error C2059: syntax error : ')'
     1>c:\bison\bison-3.0\src\scan-code.h(138): error C2143: syntax error : missing ')' before '*'
     1>c:\bison\bison-3.0\src\scan-code.h(138): error C2143: syntax error : missing '{' before '*'
     1>c:\bison\bison-3.0\src\scan-code.h(138): error C2059: syntax error : 'type'
     1>c:\bison\bison-3.0\src\scan-code.h(139): error C2059: syntax error : ')'
     1>c:\bison\bison-3.0\src\scan-code.h(158): error C2143: syntax error : missing ')' before '*'
     1>c:\bison\bison-3.0\src\scan-code.h(158): error C2143: syntax error : missing '{' before '*'
     1>c:\bison\bison-3.0\src\scan-code.h(158): error C2059: syntax error : 'type'
     1>c:\bison\bison-3.0\src\scan-code.h(160): error C2059: syntax error : ')'
     1>c:\bison\bison-3.0\src\scan-code.h(173): error C2143: syntax error : missing ')' before '*'
     1>c:\bison\bison-3.0\src\scan-code.h(173): error C2143: syntax error : missing '{' before '*'
     1>c:\bison\bison-3.0\src\scan-code.h(173): error C2059: syntax error : ')'
     1>c:\bison\bison-3.0\src\symtab.h(112): error C2061: syntax error : identifier 'code_props'
     1>c:\bison\bison-3.0\src\symtab.h(117): error C2370: 'assoc' : redefinition; different storage class
                 c:\bison\bison-3.0\src\assoc.h(31) : see declaration of 'assoc'
     1>c:\bison\bison-3.0\src\symtab.h(125): error C2370: 'status' : redefinition; different storage class
                 c:\bison\bison-3.0\src\symtab.h(74) : see declaration of 'status'
     1>c:\bison\bison-3.0\src\symtab.h(126): error C2059: syntax error : '}'
     1>c:\bison\bison-3.0\src\symtab.h(160): error C2061: syntax error : identifier 'symbol_is_dummy'
     1>c:\bison\bison-3.0\src\symtab.h(160): error C2059: syntax error : ';'
     1>c:\bison\bison-3.0\src\symtab.h(160): error C2059: syntax error : 'type'
     1>c:\bison\bison-3.0\src\symtab.h(184): error C2143: syntax error : missing ')' before 'const'
     1>c:\bison\bison-3.0\src\symtab.h(184): error C2081: 'code_props' : name in formal parameter list illegal
     1>c:\bison\bison-3.0\src\symtab.h(184): error C2143: syntax error : missing '{' before 'const'
     1>c:\bison\bison-3.0\src\symtab.h(184): error C2059: syntax error : ')'
     1>c:\bison\bison-3.0\src\symtab.h(184): error C2365: 'destructor' : redefinition; previous definition was 'enumerator'
                 c:\bison\bison-3.0\src\symtab.h(79) : see declaration of 'destructor'
     1>c:\bison\bison-3.0\src\symtab.h(189): error C2143: syntax error : missing '{' before '*'
     1>c:\bison\bison-3.0\src\symtab.h(199): error C2146: syntax error : missing ')' before identifier 'declaring'
     1>c:\bison\bison-3.0\src\symtab.h(199): error C2081: 'bool' : name in formal parameter list illegal
     1>c:\bison\bison-3.0\src\symtab.h(199): error C2061: syntax error : identifier 'declaring'
     1>c:\bison\bison-3.0\src\symtab.h(199): error C2059: syntax error : ';'
     1>c:\bison\bison-3.0\src\symtab.h(199): error C2059: syntax error : ')'
     1>c:\bison\bison-3.0\src\symtab.h(301): error C2061: syntax error : identifier 'code_props'
     1>c:\bison\bison-3.0\src\symtab.h(303): error C2059: syntax error : '}'
     1>c:\bison\bison-3.0\src\symtab.h(306): error C2143: syntax error : missing '{' before '*'
     1>c:\bison\bison-3.0\src\symtab.h(310): error C2143: syntax error : missing '{' before '*'
     1>c:\bison\bison-3.0\src\symtab.h(313): error C2143: syntax error : missing ')' before '*'
     1>c:\bison\bison-3.0\src\symtab.h(313): error C2143: syntax error : missing '{' before '*'
     1>c:\bison\bison-3.0\src\symtab.h(314): error C2370: 'code_props_type' : redefinition; different storage class
                 c:\bison\bison-3.0\src\symtab.h(76) : see declaration of 'code_props_type'
     1>c:\bison\bison-3.0\src\symtab.h(314): error C2146: syntax error : missing ';' before identifier 'kind'
     1>c:\bison\bison-3.0\src\symtab.h(315): error C2143: syntax error : missing ';' before 'const'
     1>c:\bison\bison-3.0\src\symtab.h(315): error C2059: syntax error : ')'
     1>c:\bison\bison-3.0\src\gram.h(129): error C2054: expected '(' to follow 'inline'
     1>c:\bison\bison-3.0\src\gram.h(130): error C2085: 'symbol_number_as_item_number' : not in formal parameter list
     1>c:\bison\bison-3.0\src\gram.h(130): error C2143: syntax error : missing ';' before '{'
     1>c:\bison\bison-3.0\src\gram.h(135): error C2054: expected '(' to follow 'inline'
     1>c:\bison\bison-3.0\src\gram.h(136): error C2085: 'item_number_as_symbol_number' : not in formal parameter list
     1>c:\bison\bison-3.0\src\gram.h(136): error C2143: syntax error : missing ';' before '{'
     1>c:\bison\bison-3.0\src\gram.h(140): error C2061: syntax error : identifier 'bool'
     1>c:\bison\bison-3.0\src\gram.h(140): error C2059: syntax error : ';'
     1>c:\bison\bison-3.0\src\gram.h(152): error C2054: expected '(' to follow 'inline'
     1>c:\bison\bison-3.0\src\gram.h(153): error C2085: 'rule_number_as_item_number' : not in formal parameter list
     1>c:\bison\bison-3.0\src\gram.h(153): error C2143: syntax error : missing ';' before '{'
     1>c:\bison\bison-3.0\src\gram.h(158): error C2054: expected '(' to follow 'inline'
     1>c:\bison\bison-3.0\src\gram.h(159): error C2085: 'item_number_as_rule_number' : not in formal parameter list
     1>c:\bison\bison-3.0\src\gram.h(159): error C2143: syntax error : missing ';' before '{'
     1>c:\bison\bison-3.0\src\gram.h(163): error C2061: syntax error : identifier 'bool'
     1>c:\bison\bison-3.0\src\gram.h(163): error C2059: syntax error : ';'
     1>c:\bison\bison-3.0\src\gram.h(196): error C2061: syntax error : identifier 'bool'
     1>c:\bison\bison-3.0\src\gram.h(197): error C2061: syntax error : identifier 'is_predicate'
     1>c:\bison\bison-3.0\src\gram.h(197): error C2059: syntax error : ';'
     1>c:\bison\bison-3.0\src\gram.h(201): error C2059: syntax error : '}'
     1>c:\bison\bison-3.0\src\gram.h(203): error C2143: syntax error : missing '{' before '*'
     1>c:\bison\bison-3.0\src\gram.h(206): error C2143: syntax error : missing ')' before '*'
     1>c:\bison\bison-3.0\src\gram.h(206): error C2143: syntax error : missing '{' before '*'
     1>c:\bison\bison-3.0\src\gram.h(206): error C2059: syntax error : ')'
     1>c:\bison\bison-3.0\src\gram.h(206): error C2143: syntax error : missing ')' before 'const'
     1>c:\bison\bison-3.0\src\gram.h(206): error C2143: syntax error : missing '{' before 'const'
     1>c:\bison\bison-3.0\src\gram.h(206): error C2059: syntax error : ')'
     1>c:\bison\bison-3.0\src\gram.h(206): error C2059: syntax error : ';'
     1>c:\bison\bison-3.0\src\gram.h(210): error C2061: syntax error : identifier 'rule_useful_in_grammar_p'
     1>c:\bison\bison-3.0\src\gram.h(210): error C2059: syntax error : ';'
     1>c:\bison\bison-3.0\src\gram.h(210): fatal error C1003: error count exceeds 100; stopping compilation
         print_graph.c
     1>c:\bison\bison-3.0\src\location.h(55): error C2054: expected '(' to follow 'inline'
     1>c:\bison\bison-3.0\src\location.h(56): error C2085: 'boundary_set' : not in formal parameter list
     1>c:\bison\bison-3.0\src\location.h(56): error C2143: syntax error : missing ';' before '{'
     1>c:\bison\bison-3.0\src\location.h(65): error C2054: expected '(' to follow 'inline'
     1>c:\bison\bison-3.0\src\location.h(66): error C2085: 'boundary_cmp' : not in formal parameter list
     1>c:\bison\bison-3.0\src\location.h(66): error C2143: syntax error : missing ';' before '{'
     1>c:\bison\bison-3.0\src\location.h(76): error C2061: syntax error : identifier 'bool'
     1>c:\bison\bison-3.0\src\location.h(76): error C2059: syntax error : ';'
     1>c:\bison\bison-3.0\src\location.h(120): error C2054: expected '(' to follow 'inline'
     1>c:\bison\bison-3.0\src\location.h(121): error C2085: 'location_cmp' : not in formal parameter list
     1>c:\bison\bison-3.0\src\location.h(121): error C2143: syntax error : missing ';' before '{'
     1>c:\bison\bison-3.0\src\scan-code.h(67): error C2061: syntax error : identifier 'bool'
     1>c:\bison\bison-3.0\src\scan-code.h(73): error C2061: syntax error : identifier 'is_predicate'
     1>c:\bison\bison-3.0\src\scan-code.h(73): error C2059: syntax error : ';'
     1>c:\bison\bison-3.0\src\scan-code.h(78): error C2061: syntax error : identifier 'is_used'
     1>c:\bison\bison-3.0\src\scan-code.h(78): error C2059: syntax error : ';'
     1>c:\bison\bison-3.0\src\scan-code.h(84): error C2040: 'named_ref' : 'named_ref *' differs in levels of indirection from 'named_ref'
     1>c:\bison\bison-3.0\src\scan-code.h(85): error C2059: syntax error : '}'
     1>c:\bison\bison-3.0\src\scan-code.h(93): error C2143: syntax error : missing ')' before '*'
     1>c:\bison\bison-3.0\src\scan-code.h(93): error C2143: syntax error : missing '{' before '*'
     1>c:\bison\bison-3.0\src\scan-code.h(93): error C2059: syntax error : ')'
     1>c:\bison\bison-3.0\src\scan-code.h(109): error C2061: syntax error : identifier 'code_props_none'
     1>c:\bison\bison-3.0\src\scan-code.h(109): error C2059: syntax error : ';'
     1>c:\bison\bison-3.0\src\scan-code.h(123): error C2143: syntax error : missing ')' before '*'
     1>c:\bison\bison-3.0\src\scan-code.h(123): error C2143: syntax error : missing '{' before '*'
     1>c:\bison\bison-3.0\src\scan-code.h(123): error C2059: syntax error : 'type'
     1>c:\bison\bison-3.0\src\scan-code.h(124): error C2059: syntax error : ')'
     1>c:\bison\bison-3.0\src\scan-code.h(138): error C2143: syntax error : missing ')' before '*'
     1>c:\bison\bison-3.0\src\scan-code.h(138): error C2143: syntax error : missing '{' before '*'
     1>c:\bison\bison-3.0\src\scan-code.h(138): error C2059: syntax error : 'type'
     1>c:\bison\bison-3.0\src\scan-code.h(139): error C2059: syntax error : ')'
     1>c:\bison\bison-3.0\src\scan-code.h(158): error C2143: syntax error : missing ')' before '*'
     1>c:\bison\bison-3.0\src\scan-code.h(158): error C2143: syntax error : missing '{' before '*'
     1>c:\bison\bison-3.0\src\scan-code.h(158): error C2059: syntax error : 'type'
     1>c:\bison\bison-3.0\src\scan-code.h(160): error C2059: syntax error : ')'
     1>c:\bison\bison-3.0\src\scan-code.h(173): error C2143: syntax error : missing ')' before '*'
     1>c:\bison\bison-3.0\src\scan-code.h(173): error C2143: syntax error : missing '{' before '*'
     1>c:\bison\bison-3.0\src\scan-code.h(173): error C2059: syntax error : ')'
     1>c:\bison\bison-3.0\src\symtab.h(112): error C2061: syntax error : identifier 'code_props'
     1>c:\bison\bison-3.0\src\symtab.h(117): error C2370: 'assoc' : redefinition; different storage class
                 c:\bison\bison-3.0\src\assoc.h(31) : see declaration of 'assoc'
     1>c:\bison\bison-3.0\src\symtab.h(125): error C2370: 'status' : redefinition; different storage class
                 c:\bison\bison-3.0\src\symtab.h(74) : see declaration of 'status'
     1>c:\bison\bison-3.0\src\symtab.h(126): error C2059: syntax error : '}'
     1>c:\bison\bison-3.0\src\symtab.h(160): error C2061: syntax error : identifier 'symbol_is_dummy'
     1>c:\bison\bison-3.0\src\symtab.h(160): error C2059: syntax error : ';'
     1>c:\bison\bison-3.0\src\symtab.h(160): error C2059: syntax error : 'type'
     1>c:\bison\bison-3.0\src\symtab.h(184): error C2143: syntax error : missing ')' before 'const'
     1>c:\bison\bison-3.0\src\symtab.h(184): error C2081: 'code_props' : name in formal parameter list illegal
     1>c:\bison\bison-3.0\src\symtab.h(184): error C2143: syntax error : missing '{' before 'const'
     1>c:\bison\bison-3.0\src\symtab.h(184): error C2059: syntax error : ')'
     1>c:\bison\bison-3.0\src\symtab.h(184): error C2365: 'destructor' : redefinition; previous definition was 'enumerator'
                 c:\bison\bison-3.0\src\symtab.h(79) : see declaration of 'destructor'
     1>c:\bison\bison-3.0\src\symtab.h(189): error C2143: syntax error : missing '{' before '*'
     1>c:\bison\bison-3.0\src\symtab.h(199): error C2146: syntax error : missing ')' before identifier 'declaring'
     1>c:\bison\bison-3.0\src\symtab.h(199): error C2081: 'bool' : name in formal parameter list illegal
     1>c:\bison\bison-3.0\src\symtab.h(199): error C2061: syntax error : identifier 'declaring'
     1>c:\bison\bison-3.0\src\symtab.h(199): error C2059: syntax error : ';'
     1>c:\bison\bison-3.0\src\symtab.h(199): error C2059: syntax error : ')'
     1>c:\bison\bison-3.0\src\symtab.h(301): error C2061: syntax error : identifier 'code_props'
     1>c:\bison\bison-3.0\src\symtab.h(303): error C2059: syntax error : '}'
     1>c:\bison\bison-3.0\src\symtab.h(306): error C2143: syntax error : missing '{' before '*'
     1>c:\bison\bison-3.0\src\symtab.h(310): error C2143: syntax error : missing '{' before '*'
     1>c:\bison\bison-3.0\src\symtab.h(313): error C2143: syntax error : missing ')' before '*'
     1>c:\bison\bison-3.0\src\symtab.h(313): error C2143: syntax error : missing '{' before '*'
     1>c:\bison\bison-3.0\src\symtab.h(314): error C2370: 'code_props_type' : redefinition; different storage class
                 c:\bison\bison-3.0\src\symtab.h(76) : see declaration of 'code_props_type'
     1>c:\bison\bison-3.0\src\symtab.h(314): error C2146: syntax error : missing ';' before identifier 'kind'
     1>c:\bison\bison-3.0\src\symtab.h(315): error C2143: syntax error : missing ';' before 'const'
     1>c:\bison\bison-3.0\src\symtab.h(315): error C2059: syntax error : ')'
     1>c:\bison\bison-3.0\src\gram.h(129): error C2054: expected '(' to follow 'inline'
     1>c:\bison\bison-3.0\src\gram.h(130): error C2085: 'symbol_number_as_item_number' : not in formal parameter list
     1>c:\bison\bison-3.0\src\gram.h(130): error C2143: syntax error : missing ';' before '{'
     1>c:\bison\bison-3.0\src\gram.h(135): error C2054: expected '(' to follow 'inline'
     1>c:\bison\bison-3.0\src\gram.h(136): error C2085: 'item_number_as_symbol_number' : not in formal parameter list
     1>c:\bison\bison-3.0\src\gram.h(136): error C2143: syntax error : missing ';' before '{'
     1>c:\bison\bison-3.0\src\gram.h(140): error C2061: syntax error : identifier 'bool'
     1>c:\bison\bison-3.0\src\gram.h(140): error C2059: syntax error : ';'
     1>c:\bison\bison-3.0\src\gram.h(152): error C2054: expected '(' to follow 'inline'
     1>c:\bison\bison-3.0\src\gram.h(153): error C2085: 'rule_number_as_item_number' : not in formal parameter list
     1>c:\bison\bison-3.0\src\gram.h(153): error C2143: syntax error : missing ';' before '{'
     1>c:\bison\bison-3.0\src\gram.h(158): error C2054: expected '(' to follow 'inline'
     1>c:\bison\bison-3.0\src\gram.h(159): error C2085: 'item_number_as_rule_number' : not in formal parameter list
     1>c:\bison\bison-3.0\src\gram.h(159): error C2143: syntax error : missing ';' before '{'
     1>c:\bison\bison-3.0\src\gram.h(163): error C2061: syntax error : identifier 'bool'
     1>c:\bison\bison-3.0\src\gram.h(163): error C2059: syntax error : ';'
     1>c:\bison\bison-3.0\src\gram.h(196): error C2061: syntax error : identifier 'bool'
     1>c:\bison\bison-3.0\src\gram.h(197): error C2061: syntax error : identifier 'is_predicate'
     1>c:\bison\bison-3.0\src\gram.h(197): error C2059: syntax error : ';'
     1>c:\bison\bison-3.0\src\gram.h(201): error C2059: syntax error : '}'
     1>c:\bison\bison-3.0\src\gram.h(203): error C2143: syntax error : missing '{' before '*'
     1>c:\bison\bison-3.0\src\gram.h(206): error C2143: syntax error : missing ')' before '*'
     1>c:\bison\bison-3.0\src\gram.h(206): error C2143: syntax error : missing '{' before '*'
     1>c:\bison\bison-3.0\src\gram.h(206): error C2059: syntax error : ')'
     1>c:\bison\bison-3.0\src\gram.h(206): error C2143: syntax error : missing ')' before 'const'
     1>c:\bison\bison-3.0\src\gram.h(206): error C2143: syntax error : missing '{' before 'const'
     1>c:\bison\bison-3.0\src\gram.h(206): error C2059: syntax error : ')'
     1>c:\bison\bison-3.0\src\gram.h(206): error C2059: syntax error : ';'
     1>c:\bison\bison-3.0\src\gram.h(210): error C2061: syntax error : identifier 'rule_useful_in_grammar_p'
     1>c:\bison\bison-3.0\src\gram.h(210): error C2059: syntax error : ';'
     1>c:\bison\bison-3.0\src\gram.h(210): error C2143: syntax error : missing ')' before 'const'
     1>c:\bison\bison-3.0\src\gram.h(210): error C2143: syntax error : missing '{' before 'const'
     1>c:\bison\bison-3.0\src\gram.h(210): error C2059: syntax error : ')'
     1>c:\bison\bison-3.0\src\gram.h(214): error C2061: syntax error : identifier 'rule_useless_in_grammar_p'
     1>c:\bison\bison-3.0\src\gram.h(214): error C2059: syntax error : ';'
     1>c:\bison\bison-3.0\src\gram.h(214): fatal error C1003: error count exceeds 100; stopping compilation
         print.c
     1>c:\bison\bison-3.0\src\location.h(55): error C2054: expected '(' to follow 'inline'
     1>c:\bison\bison-3.0\src\location.h(56): error C2085: 'boundary_set' : not in formal parameter list
     1>c:\bison\bison-3.0\src\location.h(56): error C2143: syntax error : missing ';' before '{'
     1>c:\bison\bison-3.0\src\location.h(65): error C2054: expected '(' to follow 'inline'
     1>c:\bison\bison-3.0\src\location.h(66): error C2085: 'boundary_cmp' : not in formal parameter list
     1>c:\bison\bison-3.0\src\location.h(66): error C2143: syntax error : missing ';' before '{'
     1>c:\bison\bison-3.0\src\location.h(76): error C2061: syntax error : identifier 'bool'
     1>c:\bison\bison-3.0\src\location.h(76): error C2059: syntax error : ';'
     1>c:\bison\bison-3.0\src\location.h(120): error C2054: expected '(' to follow 'inline'
     1>c:\bison\bison-3.0\src\location.h(121): error C2085: 'location_cmp' : not in formal parameter list
     1>c:\bison\bison-3.0\src\location.h(121): error C2143: syntax error : missing ';' before '{'
     1>c:\bison\bison-3.0\src\scan-code.h(67): error C2061: syntax error : identifier 'bool'
     1>c:\bison\bison-3.0\src\scan-code.h(73): error C2061: syntax error : identifier 'is_predicate'
     1>c:\bison\bison-3.0\src\scan-code.h(73): error C2059: syntax error : ';'
     1>c:\bison\bison-3.0\src\scan-code.h(78): error C2061: syntax error : identifier 'is_used'
     1>c:\bison\bison-3.0\src\scan-code.h(78): error C2059: syntax error : ';'
     1>c:\bison\bison-3.0\src\scan-code.h(84): error C2040: 'named_ref' : 'named_ref *' differs in levels of indirection from 'named_ref'
     1>c:\bison\bison-3.0\src\scan-code.h(85): error C2059: syntax error : '}'
     1>c:\bison\bison-3.0\src\scan-code.h(93): error C2143: syntax error : missing ')' before '*'
     1>c:\bison\bison-3.0\src\scan-code.h(93): error C2143: syntax error : missing '{' before '*'
     1>c:\bison\bison-3.0\src\scan-code.h(93): error C2059: syntax error : ')'
     1>c:\bison\bison-3.0\src\scan-code.h(109): error C2061: syntax error : identifier 'code_props_none'
     1>c:\bison\bison-3.0\src\scan-code.h(109): error C2059: syntax error : ';'
     1>c:\bison\bison-3.0\src\scan-code.h(123): error C2143: syntax error : missing ')' before '*'
     1>c:\bison\bison-3.0\src\scan-code.h(123): error C2143: syntax error : missing '{' before '*'
     1>c:\bison\bison-3.0\src\scan-code.h(123): error C2059: syntax error : 'type'
     1>c:\bison\bison-3.0\src\scan-code.h(124): error C2059: syntax error : ')'
     1>c:\bison\bison-3.0\src\scan-code.h(138): error C2143: syntax error : missing ')' before '*'
     1>c:\bison\bison-3.0\src\scan-code.h(138): error C2143: syntax error : missing '{' before '*'
     1>c:\bison\bison-3.0\src\scan-code.h(138): error C2059: syntax error : 'type'
     1>c:\bison\bison-3.0\src\scan-code.h(139): error C2059: syntax error : ')'
     1>c:\bison\bison-3.0\src\scan-code.h(158): error C2143: syntax error : missing ')' before '*'
     1>c:\bison\bison-3.0\src\scan-code.h(158): error C2143: syntax error : missing '{' before '*'
     1>c:\bison\bison-3.0\src\scan-code.h(158): error C2059: syntax error : 'type'
     1>c:\bison\bison-3.0\src\scan-code.h(160): error C2059: syntax error : ')'
     1>c:\bison\bison-3.0\src\scan-code.h(173): error C2143: syntax error : missing ')' before '*'
     1>c:\bison\bison-3.0\src\scan-code.h(173): error C2143: syntax error : missing '{' before '*'
     1>c:\bison\bison-3.0\src\scan-code.h(173): error C2059: syntax error : ')'
     1>c:\bison\bison-3.0\src\symtab.h(112): error C2061: syntax error : identifier 'code_props'
     1>c:\bison\bison-3.0\src\symtab.h(117): error C2370: 'assoc' : redefinition; different storage class
                 c:\bison\bison-3.0\src\assoc.h(31) : see declaration of 'assoc'
     1>c:\bison\bison-3.0\src\symtab.h(125): error C2370: 'status' : redefinition; different storage class
                 c:\bison\bison-3.0\src\symtab.h(74) : see declaration of 'status'
     1>c:\bison\bison-3.0\src\symtab.h(126): error C2059: syntax error : '}'
     1>c:\bison\bison-3.0\src\symtab.h(160): error C2061: syntax error : identifier 'symbol_is_dummy'
     1>c:\bison\bison-3.0\src\symtab.h(160): error C2059: syntax error : ';'
     1>c:\bison\bison-3.0\src\symtab.h(160): error C2059: syntax error : 'type'
     1>c:\bison\bison-3.0\src\symtab.h(184): error C2143: syntax error : missing ')' before 'const'
     1>c:\bison\bison-3.0\src\symtab.h(184): error C2081: 'code_props' : name in formal parameter list illegal
     1>c:\bison\bison-3.0\src\symtab.h(184): error C2143: syntax error : missing '{' before 'const'
     1>c:\bison\bison-3.0\src\symtab.h(184): error C2059: syntax error : ')'
     1>c:\bison\bison-3.0\src\symtab.h(184): error C2365: 'destructor' : redefinition; previous definition was 'enumerator'
                 c:\bison\bison-3.0\src\symtab.h(79) : see declaration of 'destructor'
     1>c:\bison\bison-3.0\src\symtab.h(189): error C2143: syntax error : missing '{' before '*'
     1>c:\bison\bison-3.0\src\symtab.h(199): error C2146: syntax error : missing ')' before identifier 'declaring'
     1>c:\bison\bison-3.0\src\symtab.h(199): error C2081: 'bool' : name in formal parameter list illegal
     1>c:\bison\bison-3.0\src\symtab.h(199): error C2061: syntax error : identifier 'declaring'
     1>c:\bison\bison-3.0\src\symtab.h(199): error C2059: syntax error : ';'
     1>c:\bison\bison-3.0\src\symtab.h(199): error C2059: syntax error : ')'
     1>c:\bison\bison-3.0\src\symtab.h(301): error C2061: syntax error : identifier 'code_props'
     1>c:\bison\bison-3.0\src\symtab.h(303): error C2059: syntax error : '}'
     1>c:\bison\bison-3.0\src\symtab.h(306): error C2143: syntax error : missing '{' before '*'
     1>c:\bison\bison-3.0\src\symtab.h(310): error C2143: syntax error : missing '{' before '*'
     1>c:\bison\bison-3.0\src\symtab.h(313): error C2143: syntax error : missing ')' before '*'
     1>c:\bison\bison-3.0\src\symtab.h(313): error C2143: syntax error : missing '{' before '*'
     1>c:\bison\bison-3.0\src\symtab.h(314): error C2370: 'code_props_type' : redefinition; different storage class
                 c:\bison\bison-3.0\src\symtab.h(76) : see declaration of 'code_props_type'
     1>c:\bison\bison-3.0\src\symtab.h(314): error C2146: syntax error : missing ';' before identifier 'kind'
     1>c:\bison\bison-3.0\src\symtab.h(315): error C2143: syntax error : missing ';' before 'const'
     1>c:\bison\bison-3.0\src\symtab.h(315): error C2059: syntax error : ')'
     1>c:\bison\bison-3.0\src\gram.h(129): error C2054: expected '(' to follow 'inline'
     1>c:\bison\bison-3.0\src\gram.h(130): error C2085: 'symbol_number_as_item_number' : not in formal parameter list
     1>c:\bison\bison-3.0\src\gram.h(130): error C2143: syntax error : missing ';' before '{'
     1>c:\bison\bison-3.0\src\gram.h(135): error C2054: expected '(' to follow 'inline'
     1>c:\bison\bison-3.0\src\gram.h(136): error C2085: 'item_number_as_symbol_number' : not in formal parameter list
     1>c:\bison\bison-3.0\src\gram.h(136): error C2143: syntax error : missing ';' before '{'
     1>c:\bison\bison-3.0\src\gram.h(140): error C2061: syntax error : identifier 'bool'
     1>c:\bison\bison-3.0\src\gram.h(140): error C2059: syntax error : ';'
     1>c:\bison\bison-3.0\src\gram.h(152): error C2054: expected '(' to follow 'inline'
     1>c:\bison\bison-3.0\src\gram.h(153): error C2085: 'rule_number_as_item_number' : not in formal parameter list
     1>c:\bison\bison-3.0\src\gram.h(153): error C2143: syntax error : missing ';' before '{'
     1>c:\bison\bison-3.0\src\gram.h(158): error C2054: expected '(' to follow 'inline'
     1>c:\bison\bison-3.0\src\gram.h(159): error C2085: 'item_number_as_rule_number' : not in formal parameter list
     1>c:\bison\bison-3.0\src\gram.h(159): error C2143: syntax error : missing ';' before '{'
     1>c:\bison\bison-3.0\src\gram.h(163): error C2061: syntax error : identifier 'bool'
     1>c:\bison\bison-3.0\src\gram.h(163): error C2059: syntax error : ';'
     1>c:\bison\bison-3.0\src\gram.h(196): error C2061: syntax error : identifier 'bool'
     1>c:\bison\bison-3.0\src\gram.h(197): error C2061: syntax error : identifier 'is_predicate'
     1>c:\bison\bison-3.0\src\gram.h(197): error C2059: syntax error : ';'
     1>c:\bison\bison-3.0\src\gram.h(201): error C2059: syntax error : '}'
     1>c:\bison\bison-3.0\src\gram.h(203): error C2143: syntax error : missing '{' before '*'
     1>c:\bison\bison-3.0\src\gram.h(206): error C2143: syntax error : missing ')' before '*'
     1>c:\bison\bison-3.0\src\gram.h(206): error C2143: syntax error : missing '{' before '*'
     1>c:\bison\bison-3.0\src\gram.h(206): error C2059: syntax error : ')'
     1>c:\bison\bison-3.0\src\gram.h(206): error C2143: syntax error : missing ')' before 'const'
     1>c:\bison\bison-3.0\src\gram.h(206): error C2143: syntax error : missing '{' before 'const'
     1>c:\bison\bison-3.0\src\gram.h(206): error C2059: syntax error : ')'
     1>c:\bison\bison-3.0\src\gram.h(206): error C2059: syntax error : ';'
     1>c:\bison\bison-3.0\src\gram.h(210): error C2061: syntax error : identifier 'rule_useful_in_grammar_p'
     1>c:\bison\bison-3.0\src\gram.h(210): error C2059: syntax error : ';'
     1>c:\bison\bison-3.0\src\gram.h(210): error C2143: syntax error : missing ')' before 'const'
     1>c:\bison\bison-3.0\src\gram.h(210): error C2143: syntax error : missing '{' before 'const'
     1>c:\bison\bison-3.0\src\gram.h(210): error C2059: syntax error : ')'
     1>c:\bison\bison-3.0\src\gram.h(214): error C2061: syntax error : identifier 'rule_useless_in_grammar_p'
     1>c:\bison\bison-3.0\src\gram.h(214): error C2059: syntax error : ';'
     1>c:\bison\bison-3.0\src\gram.h(214): fatal error C1003: error count exceeds 100; stopping compilation
         print-xml.c
     1>c:\bison\bison-3.0\src\location.h(55): error C2054: expected '(' to follow 'inline'
     1>c:\bison\bison-3.0\src\location.h(56): error C2085: 'boundary_set' : not in formal parameter list
     1>c:\bison\bison-3.0\src\location.h(56): error C2143: syntax error : missing ';' before '{'
     1>c:\bison\bison-3.0\src\location.h(65): error C2054: expected '(' to follow 'inline'
     1>c:\bison\bison-3.0\src\location.h(66): error C2085: 'boundary_cmp' : not in formal parameter list
     1>c:\bison\bison-3.0\src\location.h(66): error C2143: syntax error : missing ';' before '{'
     1>c:\bison\bison-3.0\src\location.h(76): error C2061: syntax error : identifier 'bool'
     1>c:\bison\bison-3.0\src\location.h(76): error C2059: syntax error : ';'
     1>c:\bison\bison-3.0\src\location.h(120): error C2054: expected '(' to follow 'inline'
     1>c:\bison\bison-3.0\src\location.h(121): error C2085: 'location_cmp' : not in formal parameter list
     1>c:\bison\bison-3.0\src\location.h(121): error C2143: syntax error : missing ';' before '{'
     1>c:\bison\bison-3.0\src\scan-code.h(67): error C2061: syntax error : identifier 'bool'
     1>c:\bison\bison-3.0\src\scan-code.h(73): error C2061: syntax error : identifier 'is_predicate'
     1>c:\bison\bison-3.0\src\scan-code.h(73): error C2059: syntax error : ';'
     1>c:\bison\bison-3.0\src\scan-code.h(78): error C2061: syntax error : identifier 'is_used'
     1>c:\bison\bison-3.0\src\scan-code.h(78): error C2059: syntax error : ';'
     1>c:\bison\bison-3.0\src\scan-code.h(84): error C2040: 'named_ref' : 'named_ref *' differs in levels of indirection from 'named_ref'
     1>c:\bison\bison-3.0\src\scan-code.h(85): error C2059: syntax error : '}'
     1>c:\bison\bison-3.0\src\scan-code.h(93): error C2143: syntax error : missing ')' before '*'
     1>c:\bison\bison-3.0\src\scan-code.h(93): error C2143: syntax error : missing '{' before '*'
     1>c:\bison\bison-3.0\src\scan-code.h(93): error C2059: syntax error : ')'
     1>c:\bison\bison-3.0\src\scan-code.h(109): error C2061: syntax error : identifier 'code_props_none'
     1>c:\bison\bison-3.0\src\scan-code.h(109): error C2059: syntax error : ';'
     1>c:\bison\bison-3.0\src\scan-code.h(123): error C2143: syntax error : missing ')' before '*'
     1>c:\bison\bison-3.0\src\scan-code.h(123): error C2143: syntax error : missing '{' before '*'
     1>c:\bison\bison-3.0\src\scan-code.h(123): error C2059: syntax error : 'type'
     1>c:\bison\bison-3.0\src\scan-code.h(124): error C2059: syntax error : ')'
     1>c:\bison\bison-3.0\src\scan-code.h(138): error C2143: syntax error : missing ')' before '*'
     1>c:\bison\bison-3.0\src\scan-code.h(138): error C2143: syntax error : missing '{' before '*'
     1>c:\bison\bison-3.0\src\scan-code.h(138): error C2059: syntax error : 'type'
     1>c:\bison\bison-3.0\src\scan-code.h(139): error C2059: syntax error : ')'
     1>c:\bison\bison-3.0\src\scan-code.h(158): error C2143: syntax error : missing ')' before '*'
     1>c:\bison\bison-3.0\src\scan-code.h(158): error C2143: syntax error : missing '{' before '*'
     1>c:\bison\bison-3.0\src\scan-code.h(158): error C2059: syntax error : 'type'
     1>c:\bison\bison-3.0\src\scan-code.h(160): error C2059: syntax error : ')'
     1>c:\bison\bison-3.0\src\scan-code.h(173): error C2143: syntax error : missing ')' before '*'
     1>c:\bison\bison-3.0\src\scan-code.h(173): error C2143: syntax error : missing '{' before '*'
     1>c:\bison\bison-3.0\src\scan-code.h(173): error C2059: syntax error : ')'
     1>c:\bison\bison-3.0\src\symtab.h(112): error C2061: syntax error : identifier 'code_props'
     1>c:\bison\bison-3.0\src\symtab.h(117): error C2370: 'assoc' : redefinition; different storage class
                 c:\bison\bison-3.0\src\assoc.h(31) : see declaration of 'assoc'
     1>c:\bison\bison-3.0\src\symtab.h(125): error C2370: 'status' : redefinition; different storage class
                 c:\bison\bison-3.0\src\symtab.h(74) : see declaration of 'status'
     1>c:\bison\bison-3.0\src\symtab.h(126): error C2059: syntax error : '}'
     1>c:\bison\bison-3.0\src\symtab.h(160): error C2061: syntax error : identifier 'symbol_is_dummy'
     1>c:\bison\bison-3.0\src\symtab.h(160): error C2059: syntax error : ';'
     1>c:\bison\bison-3.0\src\symtab.h(160): error C2059: syntax error : 'type'
     1>c:\bison\bison-3.0\src\symtab.h(184): error C2143: syntax error : missing ')' before 'const'
     1>c:\bison\bison-3.0\src\symtab.h(184): error C2081: 'code_props' : name in formal parameter list illegal
     1>c:\bison\bison-3.0\src\symtab.h(184): error C2143: syntax error : missing '{' before 'const'
     1>c:\bison\bison-3.0\src\symtab.h(184): error C2059: syntax error : ')'
     1>c:\bison\bison-3.0\src\symtab.h(184): error C2365: 'destructor' : redefinition; previous definition was 'enumerator'
                 c:\bison\bison-3.0\src\symtab.h(79) : see declaration of 'destructor'
     1>c:\bison\bison-3.0\src\symtab.h(189): error C2143: syntax error : missing '{' before '*'
     1>c:\bison\bison-3.0\src\symtab.h(199): error C2146: syntax error : missing ')' before identifier 'declaring'
     1>c:\bison\bison-3.0\src\symtab.h(199): error C2081: 'bool' : name in formal parameter list illegal
     1>c:\bison\bison-3.0\src\symtab.h(199): error C2061: syntax error : identifier 'declaring'
     1>c:\bison\bison-3.0\src\symtab.h(199): error C2059: syntax error : ';'
     1>c:\bison\bison-3.0\src\symtab.h(199): error C2059: syntax error : ')'
     1>c:\bison\bison-3.0\src\symtab.h(301): error C2061: syntax error : identifier 'code_props'
     1>c:\bison\bison-3.0\src\symtab.h(303): error C2059: syntax error : '}'
     1>c:\bison\bison-3.0\src\symtab.h(306): error C2143: syntax error : missing '{' before '*'
     1>c:\bison\bison-3.0\src\symtab.h(310): error C2143: syntax error : missing '{' before '*'
     1>c:\bison\bison-3.0\src\symtab.h(313): error C2143: syntax error : missing ')' before '*'
     1>c:\bison\bison-3.0\src\symtab.h(313): error C2143: syntax error : missing '{' before '*'
     1>c:\bison\bison-3.0\src\symtab.h(314): error C2370: 'code_props_type' : redefinition; different storage class
                 c:\bison\bison-3.0\src\symtab.h(76) : see declaration of 'code_props_type'
     1>c:\bison\bison-3.0\src\symtab.h(314): error C2146: syntax error : missing ';' before identifier 'kind'
     1>c:\bison\bison-3.0\src\symtab.h(315): error C2143: syntax error : missing ';' before 'const'
     1>c:\bison\bison-3.0\src\symtab.h(315): error C2059: syntax error : ')'
     1>c:\bison\bison-3.0\src\gram.h(129): error C2054: expected '(' to follow 'inline'
     1>c:\bison\bison-3.0\src\gram.h(130): error C2085: 'symbol_number_as_item_number' : not in formal parameter list
     1>c:\bison\bison-3.0\src\gram.h(130): error C2143: syntax error : missing ';' before '{'
     1>c:\bison\bison-3.0\src\gram.h(135): error C2054: expected '(' to follow 'inline'
     1>c:\bison\bison-3.0\src\gram.h(136): error C2085: 'item_number_as_symbol_number' : not in formal parameter list
     1>c:\bison\bison-3.0\src\gram.h(136): error C2143: syntax error : missing ';' before '{'
     1>c:\bison\bison-3.0\src\gram.h(140): error C2061: syntax error : identifier 'bool'
     1>c:\bison\bison-3.0\src\gram.h(140): error C2059: syntax error : ';'
     1>c:\bison\bison-3.0\src\gram.h(152): error C2054: expected '(' to follow 'inline'
     1>c:\bison\bison-3.0\src\gram.h(153): error C2085: 'rule_number_as_item_number' : not in formal parameter list
     1>c:\bison\bison-3.0\src\gram.h(153): error C2143: syntax error : missing ';' before '{'
     1>c:\bison\bison-3.0\src\gram.h(158): error C2054: expected '(' to follow 'inline'
     1>c:\bison\bison-3.0\src\gram.h(159): error C2085: 'item_number_as_rule_number' : not in formal parameter list
     1>c:\bison\bison-3.0\src\gram.h(159): error C2143: syntax error : missing ';' before '{'
     1>c:\bison\bison-3.0\src\gram.h(163): error C2061: syntax error : identifier 'bool'
     1>c:\bison\bison-3.0\src\gram.h(163): error C2059: syntax error : ';'
     1>c:\bison\bison-3.0\src\gram.h(196): error C2061: syntax error : identifier 'bool'
     1>c:\bison\bison-3.0\src\gram.h(197): error C2061: syntax error : identifier 'is_predicate'
     1>c:\bison\bison-3.0\src\gram.h(197): error C2059: syntax error : ';'
     1>c:\bison\bison-3.0\src\gram.h(201): error C2059: syntax error : '}'
     1>c:\bison\bison-3.0\src\gram.h(203): error C2143: syntax error : missing '{' before '*'
     1>c:\bison\bison-3.0\src\gram.h(206): error C2143: syntax error : missing ')' before '*'
     1>c:\bison\bison-3.0\src\gram.h(206): error C2143: syntax error : missing '{' before '*'
     1>c:\bison\bison-3.0\src\gram.h(206): error C2059: syntax error : ')'
     1>c:\bison\bison-3.0\src\gram.h(206): error C2143: syntax error : missing ')' before 'const'
     1>c:\bison\bison-3.0\src\gram.h(206): error C2143: syntax error : missing '{' before 'const'
     1>c:\bison\bison-3.0\src\gram.h(206): error C2059: syntax error : ')'
     1>c:\bison\bison-3.0\src\gram.h(206): error C2059: syntax error : ';'
     1>c:\bison\bison-3.0\src\gram.h(210): error C2061: syntax error : identifier 'rule_useful_in_grammar_p'
     1>c:\bison\bison-3.0\src\gram.h(210): error C2059: syntax error : ';'
     1>c:\bison\bison-3.0\src\gram.h(210): error C2143: syntax error : missing ')' before 'const'
     1>c:\bison\bison-3.0\src\gram.h(210): error C2143: syntax error : missing '{' before 'const'
     1>c:\bison\bison-3.0\src\gram.h(210): error C2059: syntax error : ')'
     1>c:\bison\bison-3.0\src\gram.h(214): error C2061: syntax error : identifier 'rule_useless_in_grammar_p'
     1>c:\bison\bison-3.0\src\gram.h(214): error C2059: syntax error : ';'
     1>c:\bison\bison-3.0\src\gram.h(214): fatal error C1003: error count exceeds 100; stopping compilation
         parse-gram.c
     1>src/parse-gram.y(29): fatal error C1083: Cannot open include file: 'config.h': No such file or directory
         output.c
     1>c:\bison\bison-3.0\src\output.c(25): fatal error C1083: Cannot open include file: 'configmake.h': No such file or directory
         nullable.c
     1>c:\bison\bison-3.0\src\location.h(55): error C2054: expected '(' to follow 'inline'
     1>c:\bison\bison-3.0\src\location.h(56): error C2085: 'boundary_set' : not in formal parameter list
     1>c:\bison\bison-3.0\src\location.h(56): error C2143: syntax error : missing ';' before '{'
     1>c:\bison\bison-3.0\src\location.h(65): error C2054: expected '(' to follow 'inline'
     1>c:\bison\bison-3.0\src\location.h(66): error C2085: 'boundary_cmp' : not in formal parameter list
     1>c:\bison\bison-3.0\src\location.h(66): error C2143: syntax error : missing ';' before '{'
     1>c:\bison\bison-3.0\src\location.h(76): error C2061: syntax error : identifier 'bool'
     1>c:\bison\bison-3.0\src\location.h(76): error C2059: syntax error : ';'
     1>c:\bison\bison-3.0\src\location.h(120): error C2054: expected '(' to follow 'inline'
     1>c:\bison\bison-3.0\src\location.h(121): error C2085: 'location_cmp' : not in formal parameter list
     1>c:\bison\bison-3.0\src\location.h(121): error C2143: syntax error : missing ';' before '{'
     1>c:\bison\bison-3.0\src\getargs.h(37): error C2061: syntax error : identifier 'defines_flag'
     1>c:\bison\bison-3.0\src\getargs.h(37): error C2059: syntax error : ';'
     1>c:\bison\bison-3.0\src\getargs.h(38): error C2061: syntax error : identifier 'graph_flag'
     1>c:\bison\bison-3.0\src\getargs.h(38): error C2059: syntax error : ';'
     1>c:\bison\bison-3.0\src\getargs.h(39): error C2061: syntax error : identifier 'xml_flag'
     1>c:\bison\bison-3.0\src\getargs.h(39): error C2059: syntax error : ';'
     1>c:\bison\bison-3.0\src\getargs.h(40): error C2061: syntax error : identifier 'no_lines_flag'
     1>c:\bison\bison-3.0\src\getargs.h(40): error C2059: syntax error : ';'
     1>c:\bison\bison-3.0\src\getargs.h(41): error C2061: syntax error : identifier 'token_table_flag'
     1>c:\bison\bison-3.0\src\getargs.h(41): error C2059: syntax error : ';'
     1>c:\bison\bison-3.0\src\getargs.h(42): error C2061: syntax error : identifier 'yacc_flag'
     1>c:\bison\bison-3.0\src\getargs.h(42): error C2059: syntax error : ';'
     1>c:\bison\bison-3.0\src\getargs.h(49): error C2061: syntax error : identifier 'glr_parser'
     1>c:\bison\bison-3.0\src\getargs.h(49): error C2059: syntax error : ';'
     1>c:\bison\bison-3.0\src\getargs.h(55): error C2061: syntax error : identifier 'nondeterministic_parser'
     1>c:\bison\bison-3.0\src\getargs.h(55): error C2059: syntax error : ';'
     1>c:\bison\bison-3.0\src\getargs.h(65): error C2061: syntax error : identifier 'bool'
     1>c:\bison\bison-3.0\src\getargs.h(66): error C2059: syntax error : '}'
     1>c:\bison\bison-3.0\src\scan-code.h(67): error C2061: syntax error : identifier 'bool'
     1>c:\bison\bison-3.0\src\scan-code.h(73): error C2061: syntax error : identifier 'is_predicate'
     1>c:\bison\bison-3.0\src\scan-code.h(73): error C2059: syntax error : ';'
     1>c:\bison\bison-3.0\src\scan-code.h(78): error C2061: syntax error : identifier 'is_used'
     1>c:\bison\bison-3.0\src\scan-code.h(78): error C2059: syntax error : ';'
     1>c:\bison\bison-3.0\src\scan-code.h(84): error C2040: 'named_ref' : 'named_ref *' differs in levels of indirection from 'named_ref'
     1>c:\bison\bison-3.0\src\scan-code.h(85): error C2059: syntax error : '}'
     1>c:\bison\bison-3.0\src\scan-code.h(93): error C2143: syntax error : missing ')' before '*'
     1>c:\bison\bison-3.0\src\scan-code.h(93): error C2143: syntax error : missing '{' before '*'
     1>c:\bison\bison-3.0\src\scan-code.h(93): error C2059: syntax error : ')'
     1>c:\bison\bison-3.0\src\scan-code.h(109): error C2061: syntax error : identifier 'code_props_none'
     1>c:\bison\bison-3.0\src\scan-code.h(109): error C2059: syntax error : ';'
     1>c:\bison\bison-3.0\src\scan-code.h(123): error C2143: syntax error : missing ')' before '*'
     1>c:\bison\bison-3.0\src\scan-code.h(123): error C2143: syntax error : missing '{' before '*'
     1>c:\bison\bison-3.0\src\scan-code.h(123): error C2059: syntax error : 'type'
     1>c:\bison\bison-3.0\src\scan-code.h(124): error C2059: syntax error : ')'
     1>c:\bison\bison-3.0\src\scan-code.h(138): error C2143: syntax error : missing ')' before '*'
     1>c:\bison\bison-3.0\src\scan-code.h(138): error C2143: syntax error : missing '{' before '*'
     1>c:\bison\bison-3.0\src\scan-code.h(138): error C2059: syntax error : 'type'
     1>c:\bison\bison-3.0\src\scan-code.h(139): error C2059: syntax error : ')'
     1>c:\bison\bison-3.0\src\scan-code.h(158): error C2143: syntax error : missing ')' before '*'
     1>c:\bison\bison-3.0\src\scan-code.h(158): error C2143: syntax error : missing '{' before '*'
     1>c:\bison\bison-3.0\src\scan-code.h(158): error C2059: syntax error : 'type'
     1>c:\bison\bison-3.0\src\scan-code.h(160): error C2059: syntax error : ')'
     1>c:\bison\bison-3.0\src\scan-code.h(173): error C2143: syntax error : missing ')' before '*'
     1>c:\bison\bison-3.0\src\scan-code.h(173): error C2143: syntax error : missing '{' before '*'
     1>c:\bison\bison-3.0\src\scan-code.h(173): error C2059: syntax error : ')'
     1>c:\bison\bison-3.0\src\symtab.h(112): error C2061: syntax error : identifier 'code_props'
     1>c:\bison\bison-3.0\src\symtab.h(117): error C2370: 'assoc' : redefinition; different storage class
                 c:\bison\bison-3.0\src\assoc.h(31) : see declaration of 'assoc'
     1>c:\bison\bison-3.0\src\symtab.h(125): error C2370: 'status' : redefinition; different storage class
                 c:\bison\bison-3.0\src\symtab.h(74) : see declaration of 'status'
     1>c:\bison\bison-3.0\src\symtab.h(126): error C2059: syntax error : '}'
     1>c:\bison\bison-3.0\src\symtab.h(160): error C2061: syntax error : identifier 'symbol_is_dummy'
     1>c:\bison\bison-3.0\src\symtab.h(160): error C2059: syntax error : ';'
     1>c:\bison\bison-3.0\src\symtab.h(160): error C2059: syntax error : 'type'
     1>c:\bison\bison-3.0\src\symtab.h(184): error C2143: syntax error : missing ')' before 'const'
     1>c:\bison\bison-3.0\src\symtab.h(184): error C2081: 'code_props' : name in formal parameter list illegal
     1>c:\bison\bison-3.0\src\symtab.h(184): error C2143: syntax error : missing '{' before 'const'
     1>c:\bison\bison-3.0\src\symtab.h(184): error C2059: syntax error : ')'
     1>c:\bison\bison-3.0\src\symtab.h(184): error C2365: 'destructor' : redefinition; previous definition was 'enumerator'
                 c:\bison\bison-3.0\src\symtab.h(79) : see declaration of 'destructor'
     1>c:\bison\bison-3.0\src\symtab.h(189): error C2143: syntax error : missing '{' before '*'
     1>c:\bison\bison-3.0\src\symtab.h(199): error C2146: syntax error : missing ')' before identifier 'declaring'
     1>c:\bison\bison-3.0\src\symtab.h(199): error C2081: 'bool' : name in formal parameter list illegal
     1>c:\bison\bison-3.0\src\symtab.h(199): error C2061: syntax error : identifier 'declaring'
     1>c:\bison\bison-3.0\src\symtab.h(199): error C2059: syntax error : ';'
     1>c:\bison\bison-3.0\src\symtab.h(199): error C2059: syntax error : ')'
     1>c:\bison\bison-3.0\src\symtab.h(301): error C2061: syntax error : identifier 'code_props'
     1>c:\bison\bison-3.0\src\symtab.h(303): error C2059: syntax error : '}'
     1>c:\bison\bison-3.0\src\symtab.h(306): error C2143: syntax error : missing '{' before '*'
     1>c:\bison\bison-3.0\src\symtab.h(310): error C2143: syntax error : missing '{' before '*'
     1>c:\bison\bison-3.0\src\symtab.h(313): error C2143: syntax error : missing ')' before '*'
     1>c:\bison\bison-3.0\src\symtab.h(313): error C2143: syntax error : missing '{' before '*'
     1>c:\bison\bison-3.0\src\symtab.h(314): error C2370: 'code_props_type' : redefinition; different storage class
                 c:\bison\bison-3.0\src\symtab.h(76) : see declaration of 'code_props_type'
     1>c:\bison\bison-3.0\src\symtab.h(314): error C2146: syntax error : missing ';' before identifier 'kind'
     1>c:\bison\bison-3.0\src\symtab.h(315): error C2143: syntax error : missing ';' before 'const'
     1>c:\bison\bison-3.0\src\symtab.h(315): error C2059: syntax error : ')'
     1>c:\bison\bison-3.0\src\gram.h(129): error C2054: expected '(' to follow 'inline'
     1>c:\bison\bison-3.0\src\gram.h(130): error C2085: 'symbol_number_as_item_number' : not in formal parameter list
     1>c:\bison\bison-3.0\src\gram.h(130): error C2143: syntax error : missing ';' before '{'
     1>c:\bison\bison-3.0\src\gram.h(135): error C2054: expected '(' to follow 'inline'
     1>c:\bison\bison-3.0\src\gram.h(136): error C2085: 'item_number_as_symbol_number' : not in formal parameter list
     1>c:\bison\bison-3.0\src\gram.h(136): error C2143: syntax error : missing ';' before '{'
     1>c:\bison\bison-3.0\src\gram.h(140): error C2061: syntax error : identifier 'bool'
     1>c:\bison\bison-3.0\src\gram.h(140): error C2059: syntax error : ';'
     1>c:\bison\bison-3.0\src\gram.h(152): error C2054: expected '(' to follow 'inline'
     1>c:\bison\bison-3.0\src\gram.h(153): error C2085: 'rule_number_as_item_number' : not in formal parameter list
     1>c:\bison\bison-3.0\src\gram.h(153): error C2143: syntax error : missing ';' before '{'
     1>c:\bison\bison-3.0\src\gram.h(158): error C2054: expected '(' to follow 'inline'
     1>c:\bison\bison-3.0\src\gram.h(159): error C2085: 'item_number_as_rule_number' : not in formal parameter list
     1>c:\bison\bison-3.0\src\gram.h(159): error C2143: syntax error : missing ';' before '{'
     1>c:\bison\bison-3.0\src\gram.h(163): error C2061: syntax error : identifier 'bool'
     1>c:\bison\bison-3.0\src\gram.h(163): error C2059: syntax error : ';'
     1>c:\bison\bison-3.0\src\gram.h(196): error C2061: syntax error : identifier 'bool'
     1>c:\bison\bison-3.0\src\gram.h(196): fatal error C1003: error count exceeds 100; stopping compilation
         Generating Code...
         Compiling...
         named-ref.c
     1>c:\bison\bison-3.0\src\location.h(55): error C2054: expected '(' to follow 'inline'
     1>c:\bison\bison-3.0\src\location.h(56): error C2085: 'boundary_set' : not in formal parameter list
     1>c:\bison\bison-3.0\src\location.h(56): error C2143: syntax error : missing ';' before '{'
     1>c:\bison\bison-3.0\src\location.h(65): error C2054: expected '(' to follow 'inline'
     1>c:\bison\bison-3.0\src\location.h(66): error C2085: 'boundary_cmp' : not in formal parameter list
     1>c:\bison\bison-3.0\src\location.h(66): error C2143: syntax error : missing ';' before '{'
     1>c:\bison\bison-3.0\src\location.h(76): error C2061: syntax error : identifier 'bool'
     1>c:\bison\bison-3.0\src\location.h(76): error C2059: syntax error : ';'
     1>c:\bison\bison-3.0\src\location.h(120): error C2054: expected '(' to follow 'inline'
     1>c:\bison\bison-3.0\src\location.h(121): error C2085: 'location_cmp' : not in formal parameter list
     1>c:\bison\bison-3.0\src\location.h(121): error C2143: syntax error : missing ';' before '{'
     1>c:\bison\bison-3.0\src\named-ref.c(28): warning C4013: 'xmalloc' undefined; assuming extern returning int
     1>c:\bison\bison-3.0\src\named-ref.c(28): warning C4047: 'initializing' : 'named_ref *' differs in levels of indirection from 'int'
         muscle-tab.c
     1>c:\bison\bison-3.0\src\location.h(55): error C2054: expected '(' to follow 'inline'
     1>c:\bison\bison-3.0\src\location.h(56): error C2085: 'boundary_set' : not in formal parameter list
     1>c:\bison\bison-3.0\src\location.h(56): error C2143: syntax error : missing ';' before '{'
     1>c:\bison\bison-3.0\src\location.h(65): error C2054: expected '(' to follow 'inline'
     1>c:\bison\bison-3.0\src\location.h(66): error C2085: 'boundary_cmp' : not in formal parameter list
     1>c:\bison\bison-3.0\src\location.h(66): error C2143: syntax error : missing ';' before '{'
     1>c:\bison\bison-3.0\src\location.h(76): error C2061: syntax error : identifier 'bool'
     1>c:\bison\bison-3.0\src\location.h(76): error C2059: syntax error : ';'
     1>c:\bison\bison-3.0\src\location.h(120): error C2054: expected '(' to follow 'inline'
     1>c:\bison\bison-3.0\src\location.h(121): error C2085: 'location_cmp' : not in formal parameter list
     1>c:\bison\bison-3.0\src\location.h(121): error C2143: syntax error : missing ';' before '{'
     1>c:\bison\bison-3.0\src\complain.h(47): error C2061: syntax error : identifier 'warnings_are_errors'
     1>c:\bison\bison-3.0\src\complain.h(47): error C2059: syntax error : ';'
     1>c:\bison\bison-3.0\src\complain.h(107): error C2061: syntax error : identifier 'warning_is_unset'
     1>c:\bison\bison-3.0\src\complain.h(107): error C2059: syntax error : ';'
     1>c:\bison\bison-3.0\src\complain.h(107): error C2059: syntax error : 'type'
     1>c:\bison\bison-3.0\src\getargs.h(37): error C2061: syntax error : identifier 'defines_flag'
     1>c:\bison\bison-3.0\src\getargs.h(37): error C2059: syntax error : ';'
     1>c:\bison\bison-3.0\src\getargs.h(38): error C2061: syntax error : identifier 'graph_flag'
     1>c:\bison\bison-3.0\src\getargs.h(38): error C2059: syntax error : ';'
     1>c:\bison\bison-3.0\src\getargs.h(39): error C2061: syntax error : identifier 'xml_flag'
     1>c:\bison\bison-3.0\src\getargs.h(39): error C2059: syntax error : ';'
     1>c:\bison\bison-3.0\src\getargs.h(40): error C2061: syntax error : identifier 'no_lines_flag'
     1>c:\bison\bison-3.0\src\getargs.h(40): error C2059: syntax error : ';'
     1>c:\bison\bison-3.0\src\getargs.h(41): error C2061: syntax error : identifier 'token_table_flag'
     1>c:\bison\bison-3.0\src\getargs.h(41): error C2059: syntax error : ';'
     1>c:\bison\bison-3.0\src\getargs.h(42): error C2061: syntax error : identifier 'yacc_flag'
     1>c:\bison\bison-3.0\src\getargs.h(42): error C2059: syntax error : ';'
     1>c:\bison\bison-3.0\src\getargs.h(49): error C2061: syntax error : identifier 'glr_parser'
     1>c:\bison\bison-3.0\src\getargs.h(49): error C2059: syntax error : ';'
     1>c:\bison\bison-3.0\src\getargs.h(55): error C2061: syntax error : identifier 'nondeterministic_parser'
     1>c:\bison\bison-3.0\src\getargs.h(55): error C2059: syntax error : ';'
     1>c:\bison\bison-3.0\src\getargs.h(65): error C2061: syntax error : identifier 'bool'
     1>c:\bison\bison-3.0\src\getargs.h(66): error C2059: syntax error : '}'
     1>c:\bison\bison-3.0\src\muscle-tab.h(23): fatal error C1083: Cannot open include file: 'quotearg.h': No such file or directory
         main.c
     1>c:\bison\bison-3.0\src\main.c(24): fatal error C1083: Cannot open include file: 'bitset_stats.h': No such file or directory
         location.c
     1>c:\bison\bison-3.0\src\location.c(24): fatal error C1083: Cannot open include file: 'quotearg.h': No such file or directory
         lalr.c
     1>c:\bison\bison-3.0\src\lalr.c(29): fatal error C1083: Cannot open include file: 'bitsetv.h': No such file or directory
         ielr.c
     1>c:\bison\bison-3.0\src\location.h(55): error C2054: expected '(' to follow 'inline'
     1>c:\bison\bison-3.0\src\location.h(56): error C2085: 'boundary_set' : not in formal parameter list
     1>c:\bison\bison-3.0\src\location.h(56): error C2143: syntax error : missing ';' before '{'
     1>c:\bison\bison-3.0\src\location.h(65): error C2054: expected '(' to follow 'inline'
     1>c:\bison\bison-3.0\src\location.h(66): error C2085: 'boundary_cmp' : not in formal parameter list
     1>c:\bison\bison-3.0\src\location.h(66): error C2143: syntax error : missing ';' before '{'
     1>c:\bison\bison-3.0\src\location.h(76): error C2061: syntax error : identifier 'bool'
     1>c:\bison\bison-3.0\src\location.h(76): error C2059: syntax error : ';'
     1>c:\bison\bison-3.0\src\location.h(120): error C2054: expected '(' to follow 'inline'
     1>c:\bison\bison-3.0\src\location.h(121): error C2085: 'location_cmp' : not in formal parameter list
     1>c:\bison\bison-3.0\src\location.h(121): error C2143: syntax error : missing ';' before '{'
     1>c:\bison\bison-3.0\src\scan-code.h(67): error C2061: syntax error : identifier 'bool'
     1>c:\bison\bison-3.0\src\scan-code.h(73): error C2061: syntax error : identifier 'is_predicate'
     1>c:\bison\bison-3.0\src\scan-code.h(73): error C2059: syntax error : ';'
     1>c:\bison\bison-3.0\src\scan-code.h(78): error C2061: syntax error : identifier 'is_used'
     1>c:\bison\bison-3.0\src\scan-code.h(78): error C2059: syntax error : ';'
     1>c:\bison\bison-3.0\src\scan-code.h(84): error C2040: 'named_ref' : 'named_ref *' differs in levels of indirection from 'named_ref'
     1>c:\bison\bison-3.0\src\scan-code.h(85): error C2059: syntax error : '}'
     1>c:\bison\bison-3.0\src\scan-code.h(93): error C2143: syntax error : missing ')' before '*'
     1>c:\bison\bison-3.0\src\scan-code.h(93): error C2143: syntax error : missing '{' before '*'
     1>c:\bison\bison-3.0\src\scan-code.h(93): error C2059: syntax error : ')'
     1>c:\bison\bison-3.0\src\scan-code.h(109): error C2061: syntax error : identifier 'code_props_none'
     1>c:\bison\bison-3.0\src\scan-code.h(109): error C2059: syntax error : ';'
     1>c:\bison\bison-3.0\src\scan-code.h(123): error C2143: syntax error : missing ')' before '*'
     1>c:\bison\bison-3.0\src\scan-code.h(123): error C2143: syntax error : missing '{' before '*'
     1>c:\bison\bison-3.0\src\scan-code.h(123): error C2059: syntax error : 'type'
     1>c:\bison\bison-3.0\src\scan-code.h(124): error C2059: syntax error : ')'
     1>c:\bison\bison-3.0\src\scan-code.h(138): error C2143: syntax error : missing ')' before '*'
     1>c:\bison\bison-3.0\src\scan-code.h(138): error C2143: syntax error : missing '{' before '*'
     1>c:\bison\bison-3.0\src\scan-code.h(138): error C2059: syntax error : 'type'
     1>c:\bison\bison-3.0\src\scan-code.h(139): error C2059: syntax error : ')'
     1>c:\bison\bison-3.0\src\scan-code.h(158): error C2143: syntax error : missing ')' before '*'
     1>c:\bison\bison-3.0\src\scan-code.h(158): error C2143: syntax error : missing '{' before '*'
     1>c:\bison\bison-3.0\src\scan-code.h(158): error C2059: syntax error : 'type'
     1>c:\bison\bison-3.0\src\scan-code.h(160): error C2059: syntax error : ')'
     1>c:\bison\bison-3.0\src\scan-code.h(173): error C2143: syntax error : missing ')' before '*'
     1>c:\bison\bison-3.0\src\scan-code.h(173): error C2143: syntax error : missing '{' before '*'
     1>c:\bison\bison-3.0\src\scan-code.h(173): error C2059: syntax error : ')'
     1>c:\bison\bison-3.0\src\symtab.h(112): error C2061: syntax error : identifier 'code_props'
     1>c:\bison\bison-3.0\src\symtab.h(117): error C2370: 'assoc' : redefinition; different storage class
                 c:\bison\bison-3.0\src\assoc.h(31) : see declaration of 'assoc'
     1>c:\bison\bison-3.0\src\symtab.h(125): error C2370: 'status' : redefinition; different storage class
                 c:\bison\bison-3.0\src\symtab.h(74) : see declaration of 'status'
     1>c:\bison\bison-3.0\src\symtab.h(126): error C2059: syntax error : '}'
     1>c:\bison\bison-3.0\src\symtab.h(160): error C2061: syntax error : identifier 'symbol_is_dummy'
     1>c:\bison\bison-3.0\src\symtab.h(160): error C2059: syntax error : ';'
     1>c:\bison\bison-3.0\src\symtab.h(160): error C2059: syntax error : 'type'
     1>c:\bison\bison-3.0\src\symtab.h(184): error C2143: syntax error : missing ')' before 'const'
     1>c:\bison\bison-3.0\src\symtab.h(184): error C2081: 'code_props' : name in formal parameter list illegal
     1>c:\bison\bison-3.0\src\symtab.h(184): error C2143: syntax error : missing '{' before 'const'
     1>c:\bison\bison-3.0\src\symtab.h(184): error C2059: syntax error : ')'
     1>c:\bison\bison-3.0\src\symtab.h(184): error C2365: 'destructor' : redefinition; previous definition was 'enumerator'
                 c:\bison\bison-3.0\src\symtab.h(79) : see declaration of 'destructor'
     1>c:\bison\bison-3.0\src\symtab.h(189): error C2143: syntax error : missing '{' before '*'
     1>c:\bison\bison-3.0\src\symtab.h(199): error C2146: syntax error : missing ')' before identifier 'declaring'
     1>c:\bison\bison-3.0\src\symtab.h(199): error C2081: 'bool' : name in formal parameter list illegal
     1>c:\bison\bison-3.0\src\symtab.h(199): error C2061: syntax error : identifier 'declaring'
     1>c:\bison\bison-3.0\src\symtab.h(199): error C2059: syntax error : ';'
     1>c:\bison\bison-3.0\src\symtab.h(199): error C2059: syntax error : ')'
     1>c:\bison\bison-3.0\src\symtab.h(301): error C2061: syntax error : identifier 'code_props'
     1>c:\bison\bison-3.0\src\symtab.h(303): error C2059: syntax error : '}'
     1>c:\bison\bison-3.0\src\symtab.h(306): error C2143: syntax error : missing '{' before '*'
     1>c:\bison\bison-3.0\src\symtab.h(310): error C2143: syntax error : missing '{' before '*'
     1>c:\bison\bison-3.0\src\symtab.h(313): error C2143: syntax error : missing ')' before '*'
     1>c:\bison\bison-3.0\src\symtab.h(313): error C2143: syntax error : missing '{' before '*'
     1>c:\bison\bison-3.0\src\symtab.h(314): error C2370: 'code_props_type' : redefinition; different storage class
                 c:\bison\bison-3.0\src\symtab.h(76) : see declaration of 'code_props_type'
     1>c:\bison\bison-3.0\src\symtab.h(314): error C2146: syntax error : missing ';' before identifier 'kind'
     1>c:\bison\bison-3.0\src\symtab.h(315): error C2143: syntax error : missing ';' before 'const'
     1>c:\bison\bison-3.0\src\symtab.h(315): error C2059: syntax error : ')'
     1>c:\bison\bison-3.0\src\gram.h(129): error C2054: expected '(' to follow 'inline'
     1>c:\bison\bison-3.0\src\gram.h(130): error C2085: 'symbol_number_as_item_number' : not in formal parameter list
     1>c:\bison\bison-3.0\src\gram.h(130): error C2143: syntax error : missing ';' before '{'
     1>c:\bison\bison-3.0\src\gram.h(135): error C2054: expected '(' to follow 'inline'
     1>c:\bison\bison-3.0\src\gram.h(136): error C2085: 'item_number_as_symbol_number' : not in formal parameter list
     1>c:\bison\bison-3.0\src\gram.h(136): error C2143: syntax error : missing ';' before '{'
     1>c:\bison\bison-3.0\src\gram.h(140): error C2061: syntax error : identifier 'bool'
     1>c:\bison\bison-3.0\src\gram.h(140): error C2059: syntax error : ';'
     1>c:\bison\bison-3.0\src\gram.h(152): error C2054: expected '(' to follow 'inline'
     1>c:\bison\bison-3.0\src\gram.h(153): error C2085: 'rule_number_as_item_number' : not in formal parameter list
     1>c:\bison\bison-3.0\src\gram.h(153): error C2143: syntax error : missing ';' before '{'
     1>c:\bison\bison-3.0\src\gram.h(158): error C2054: expected '(' to follow 'inline'
     1>c:\bison\bison-3.0\src\gram.h(159): error C2085: 'item_number_as_rule_number' : not in formal parameter list
     1>c:\bison\bison-3.0\src\gram.h(159): error C2143: syntax error : missing ';' before '{'
     1>c:\bison\bison-3.0\src\gram.h(163): error C2061: syntax error : identifier 'bool'
     1>c:\bison\bison-3.0\src\gram.h(163): error C2059: syntax error : ';'
     1>c:\bison\bison-3.0\src\gram.h(196): error C2061: syntax error : identifier 'bool'
     1>c:\bison\bison-3.0\src\gram.h(197): error C2061: syntax error : identifier 'is_predicate'
     1>c:\bison\bison-3.0\src\gram.h(197): error C2059: syntax error : ';'
     1>c:\bison\bison-3.0\src\gram.h(201): error C2059: syntax error : '}'
     1>c:\bison\bison-3.0\src\gram.h(203): error C2143: syntax error : missing '{' before '*'
     1>c:\bison\bison-3.0\src\gram.h(206): error C2143: syntax error : missing ')' before '*'
     1>c:\bison\bison-3.0\src\gram.h(206): error C2143: syntax error : missing '{' before '*'
     1>c:\bison\bison-3.0\src\gram.h(206): error C2059: syntax error : ')'
     1>c:\bison\bison-3.0\src\gram.h(206): error C2143: syntax error : missing ')' before 'const'
     1>c:\bison\bison-3.0\src\gram.h(206): error C2143: syntax error : missing '{' before 'const'
     1>c:\bison\bison-3.0\src\gram.h(206): error C2059: syntax error : ')'
     1>c:\bison\bison-3.0\src\gram.h(206): error C2059: syntax error : ';'
     1>c:\bison\bison-3.0\src\gram.h(210): error C2061: syntax error : identifier 'rule_useful_in_grammar_p'
     1>c:\bison\bison-3.0\src\gram.h(210): error C2059: syntax error : ';'
     1>c:\bison\bison-3.0\src\gram.h(210): error C2143: syntax error : missing ')' before 'const'
     1>c:\bison\bison-3.0\src\gram.h(210): error C2143: syntax error : missing '{' before 'const'
     1>c:\bison\bison-3.0\src\gram.h(210): error C2059: syntax error : ')'
     1>c:\bison\bison-3.0\src\gram.h(214): error C2061: syntax error : identifier 'rule_useless_in_grammar_p'
     1>c:\bison\bison-3.0\src\gram.h(214): error C2059: syntax error : ';'
     1>c:\bison\bison-3.0\src\gram.h(214): fatal error C1003: error count exceeds 100; stopping compilation
         graphviz.c
     1>c:\bison\bison-3.0\src\files.h(68): error C2143: syntax error : missing '{' before '*'
     1>c:\bison\bison-3.0\src\files.h(69): error C2143: syntax error : missing ')' before '*'
     1>c:\bison\bison-3.0\src\files.h(69): error C2143: syntax error : missing '{' before '*'
     1>c:\bison\bison-3.0\src\files.h(69): error C2059: syntax error : ')'
     1>c:\bison\bison-3.0\src\files.h(70): error C2143: syntax error : missing '{' before '*'
     1>c:\bison\bison-3.0\src\location.h(55): error C2054: expected '(' to follow 'inline'
     1>c:\bison\bison-3.0\src\location.h(56): error C2085: 'boundary_set' : not in formal parameter list
     1>c:\bison\bison-3.0\src\location.h(56): error C2143: syntax error : missing ';' before '{'
     1>c:\bison\bison-3.0\src\location.h(65): error C2054: expected '(' to follow 'inline'
     1>c:\bison\bison-3.0\src\location.h(66): error C2085: 'boundary_cmp' : not in formal parameter list
     1>c:\bison\bison-3.0\src\location.h(66): error C2143: syntax error : missing ';' before '{'
     1>c:\bison\bison-3.0\src\location.h(76): error C2061: syntax error : identifier 'bool'
     1>c:\bison\bison-3.0\src\location.h(76): error C2059: syntax error : ';'
     1>c:\bison\bison-3.0\src\location.h(120): error C2054: expected '(' to follow 'inline'
     1>c:\bison\bison-3.0\src\location.h(121): error C2085: 'location_cmp' : not in formal parameter list
     1>c:\bison\bison-3.0\src\location.h(121): error C2143: syntax error : missing ';' before '{'
     1>c:\bison\bison-3.0\src\scan-code.h(67): error C2061: syntax error : identifier 'bool'
     1>c:\bison\bison-3.0\src\scan-code.h(73): error C2061: syntax error : identifier 'is_predicate'
     1>c:\bison\bison-3.0\src\scan-code.h(73): error C2059: syntax error : ';'
     1>c:\bison\bison-3.0\src\scan-code.h(78): error C2061: syntax error : identifier 'is_used'
     1>c:\bison\bison-3.0\src\scan-code.h(78): error C2059: syntax error : ';'
     1>c:\bison\bison-3.0\src\scan-code.h(84): error C2040: 'named_ref' : 'named_ref *' differs in levels of indirection from 'named_ref'
     1>c:\bison\bison-3.0\src\scan-code.h(85): error C2059: syntax error : '}'
     1>c:\bison\bison-3.0\src\scan-code.h(93): error C2143: syntax error : missing ')' before '*'
     1>c:\bison\bison-3.0\src\scan-code.h(93): error C2143: syntax error : missing '{' before '*'
     1>c:\bison\bison-3.0\src\scan-code.h(93): error C2059: syntax error : ')'
     1>c:\bison\bison-3.0\src\scan-code.h(109): error C2061: syntax error : identifier 'code_props_none'
     1>c:\bison\bison-3.0\src\scan-code.h(109): error C2059: syntax error : ';'
     1>c:\bison\bison-3.0\src\scan-code.h(123): error C2143: syntax error : missing ')' before '*'
     1>c:\bison\bison-3.0\src\scan-code.h(123): error C2143: syntax error : missing '{' before '*'
     1>c:\bison\bison-3.0\src\scan-code.h(123): error C2059: syntax error : 'type'
     1>c:\bison\bison-3.0\src\scan-code.h(124): error C2059: syntax error : ')'
     1>c:\bison\bison-3.0\src\scan-code.h(138): error C2143: syntax error : missing ')' before '*'
     1>c:\bison\bison-3.0\src\scan-code.h(138): error C2143: syntax error : missing '{' before '*'
     1>c:\bison\bison-3.0\src\scan-code.h(138): error C2059: syntax error : 'type'
     1>c:\bison\bison-3.0\src\scan-code.h(139): error C2059: syntax error : ')'
     1>c:\bison\bison-3.0\src\scan-code.h(158): error C2143: syntax error : missing ')' before '*'
     1>c:\bison\bison-3.0\src\scan-code.h(158): error C2143: syntax error : missing '{' before '*'
     1>c:\bison\bison-3.0\src\scan-code.h(158): error C2059: syntax error : 'type'
     1>c:\bison\bison-3.0\src\scan-code.h(160): error C2059: syntax error : ')'
     1>c:\bison\bison-3.0\src\scan-code.h(173): error C2143: syntax error : missing ')' before '*'
     1>c:\bison\bison-3.0\src\scan-code.h(173): error C2143: syntax error : missing '{' before '*'
     1>c:\bison\bison-3.0\src\scan-code.h(173): error C2059: syntax error : ')'
     1>c:\bison\bison-3.0\src\symtab.h(112): error C2061: syntax error : identifier 'code_props'
     1>c:\bison\bison-3.0\src\symtab.h(117): error C2370: 'assoc' : redefinition; different storage class
                 c:\bison\bison-3.0\src\assoc.h(31) : see declaration of 'assoc'
     1>c:\bison\bison-3.0\src\symtab.h(125): error C2370: 'status' : redefinition; different storage class
                 c:\bison\bison-3.0\src\symtab.h(74) : see declaration of 'status'
     1>c:\bison\bison-3.0\src\symtab.h(126): error C2059: syntax error : '}'
     1>c:\bison\bison-3.0\src\symtab.h(160): error C2061: syntax error : identifier 'symbol_is_dummy'
     1>c:\bison\bison-3.0\src\symtab.h(160): error C2059: syntax error : ';'
     1>c:\bison\bison-3.0\src\symtab.h(160): error C2059: syntax error : 'type'
     1>c:\bison\bison-3.0\src\symtab.h(184): error C2143: syntax error : missing ')' before 'const'
     1>c:\bison\bison-3.0\src\symtab.h(184): error C2081: 'code_props' : name in formal parameter list illegal
     1>c:\bison\bison-3.0\src\symtab.h(184): error C2143: syntax error : missing '{' before 'const'
     1>c:\bison\bison-3.0\src\symtab.h(184): error C2059: syntax error : ')'
     1>c:\bison\bison-3.0\src\symtab.h(184): error C2365: 'destructor' : redefinition; previous definition was 'enumerator'
                 c:\bison\bison-3.0\src\symtab.h(79) : see declaration of 'destructor'
     1>c:\bison\bison-3.0\src\symtab.h(189): error C2143: syntax error : missing '{' before '*'
     1>c:\bison\bison-3.0\src\symtab.h(199): error C2146: syntax error : missing ')' before identifier 'declaring'
     1>c:\bison\bison-3.0\src\symtab.h(199): error C2081: 'bool' : name in formal parameter list illegal
     1>c:\bison\bison-3.0\src\symtab.h(199): error C2061: syntax error : identifier 'declaring'
     1>c:\bison\bison-3.0\src\symtab.h(199): error C2059: syntax error : ';'
     1>c:\bison\bison-3.0\src\symtab.h(199): error C2059: syntax error : ')'
     1>c:\bison\bison-3.0\src\symtab.h(301): error C2061: syntax error : identifier 'code_props'
     1>c:\bison\bison-3.0\src\symtab.h(303): error C2059: syntax error : '}'
     1>c:\bison\bison-3.0\src\symtab.h(306): error C2143: syntax error : missing '{' before '*'
     1>c:\bison\bison-3.0\src\symtab.h(310): error C2143: syntax error : missing '{' before '*'
     1>c:\bison\bison-3.0\src\symtab.h(313): error C2143: syntax error : missing ')' before '*'
     1>c:\bison\bison-3.0\src\symtab.h(313): error C2143: syntax error : missing '{' before '*'
     1>c:\bison\bison-3.0\src\symtab.h(314): error C2370: 'code_props_type' : redefinition; different storage class
                 c:\bison\bison-3.0\src\symtab.h(76) : see declaration of 'code_props_type'
     1>c:\bison\bison-3.0\src\symtab.h(314): error C2146: syntax error : missing ';' before identifier 'kind'
     1>c:\bison\bison-3.0\src\symtab.h(315): error C2143: syntax error : missing ';' before 'const'
     1>c:\bison\bison-3.0\src\symtab.h(315): error C2059: syntax error : ')'
     1>c:\bison\bison-3.0\src\gram.h(129): error C2054: expected '(' to follow 'inline'
     1>c:\bison\bison-3.0\src\gram.h(130): error C2085: 'symbol_number_as_item_number' : not in formal parameter list
     1>c:\bison\bison-3.0\src\gram.h(130): error C2143: syntax error : missing ';' before '{'
     1>c:\bison\bison-3.0\src\gram.h(135): error C2054: expected '(' to follow 'inline'
     1>c:\bison\bison-3.0\src\gram.h(136): error C2085: 'item_number_as_symbol_number' : not in formal parameter list
     1>c:\bison\bison-3.0\src\gram.h(136): error C2143: syntax error : missing ';' before '{'
     1>c:\bison\bison-3.0\src\gram.h(140): error C2061: syntax error : identifier 'bool'
     1>c:\bison\bison-3.0\src\gram.h(140): error C2059: syntax error : ';'
     1>c:\bison\bison-3.0\src\gram.h(152): error C2054: expected '(' to follow 'inline'
     1>c:\bison\bison-3.0\src\gram.h(153): error C2085: 'rule_number_as_item_number' : not in formal parameter list
     1>c:\bison\bison-3.0\src\gram.h(153): error C2143: syntax error : missing ';' before '{'
     1>c:\bison\bison-3.0\src\gram.h(158): error C2054: expected '(' to follow 'inline'
     1>c:\bison\bison-3.0\src\gram.h(159): error C2085: 'item_number_as_rule_number' : not in formal parameter list
     1>c:\bison\bison-3.0\src\gram.h(159): error C2143: syntax error : missing ';' before '{'
     1>c:\bison\bison-3.0\src\gram.h(163): error C2061: syntax error : identifier 'bool'
     1>c:\bison\bison-3.0\src\gram.h(163): error C2059: syntax error : ';'
     1>c:\bison\bison-3.0\src\gram.h(196): error C2061: syntax error : identifier 'bool'
     1>c:\bison\bison-3.0\src\gram.h(197): error C2061: syntax error : identifier 'is_predicate'
     1>c:\bison\bison-3.0\src\gram.h(197): error C2059: syntax error : ';'
     1>c:\bison\bison-3.0\src\gram.h(201): error C2059: syntax error : '}'
     1>c:\bison\bison-3.0\src\gram.h(203): error C2143: syntax error : missing '{' before '*'
     1>c:\bison\bison-3.0\src\gram.h(206): error C2143: syntax error : missing ')' before '*'
     1>c:\bison\bison-3.0\src\gram.h(206): error C2143: syntax error : missing '{' before '*'
     1>c:\bison\bison-3.0\src\gram.h(206): error C2059: syntax error : ')'
     1>c:\bison\bison-3.0\src\gram.h(206): error C2143: syntax error : missing ')' before 'const'
     1>c:\bison\bison-3.0\src\gram.h(206): error C2143: syntax error : missing '{' before 'const'
     1>c:\bison\bison-3.0\src\gram.h(206): error C2059: syntax error : ')'
     1>c:\bison\bison-3.0\src\gram.h(206): error C2059: syntax error : ';'
     1>c:\bison\bison-3.0\src\gram.h(210): error C2061: syntax error : identifier 'rule_useful_in_grammar_p'
     1>c:\bison\bison-3.0\src\gram.h(210): error C2059: syntax error : ';'
     1>c:\bison\bison-3.0\src\gram.h(210): fatal error C1003: error count exceeds 100; stopping compilation
         gram.c
     1>c:\bison\bison-3.0\src\location.h(55): error C2054: expected '(' to follow 'inline'
     1>c:\bison\bison-3.0\src\location.h(56): error C2085: 'boundary_set' : not in formal parameter list
     1>c:\bison\bison-3.0\src\location.h(56): error C2143: syntax error : missing ';' before '{'
     1>c:\bison\bison-3.0\src\location.h(65): error C2054: expected '(' to follow 'inline'
     1>c:\bison\bison-3.0\src\location.h(66): error C2085: 'boundary_cmp' : not in formal parameter list
     1>c:\bison\bison-3.0\src\location.h(66): error C2143: syntax error : missing ';' before '{'
     1>c:\bison\bison-3.0\src\location.h(76): error C2061: syntax error : identifier 'bool'
     1>c:\bison\bison-3.0\src\location.h(76): error C2059: syntax error : ';'
     1>c:\bison\bison-3.0\src\location.h(120): error C2054: expected '(' to follow 'inline'
     1>c:\bison\bison-3.0\src\location.h(121): error C2085: 'location_cmp' : not in formal parameter list
     1>c:\bison\bison-3.0\src\location.h(121): error C2143: syntax error : missing ';' before '{'
     1>c:\bison\bison-3.0\src\complain.h(47): error C2061: syntax error : identifier 'warnings_are_errors'
     1>c:\bison\bison-3.0\src\complain.h(47): error C2059: syntax error : ';'
     1>c:\bison\bison-3.0\src\complain.h(107): error C2061: syntax error : identifier 'warning_is_unset'
     1>c:\bison\bison-3.0\src\complain.h(107): error C2059: syntax error : ';'
     1>c:\bison\bison-3.0\src\complain.h(107): error C2059: syntax error : 'type'
     1>c:\bison\bison-3.0\src\getargs.h(37): error C2061: syntax error : identifier 'defines_flag'
     1>c:\bison\bison-3.0\src\getargs.h(37): error C2059: syntax error : ';'
     1>c:\bison\bison-3.0\src\getargs.h(38): error C2061: syntax error : identifier 'graph_flag'
     1>c:\bison\bison-3.0\src\getargs.h(38): error C2059: syntax error : ';'
     1>c:\bison\bison-3.0\src\getargs.h(39): error C2061: syntax error : identifier 'xml_flag'
     1>c:\bison\bison-3.0\src\getargs.h(39): error C2059: syntax error : ';'
     1>c:\bison\bison-3.0\src\getargs.h(40): error C2061: syntax error : identifier 'no_lines_flag'
     1>c:\bison\bison-3.0\src\getargs.h(40): error C2059: syntax error : ';'
     1>c:\bison\bison-3.0\src\getargs.h(41): error C2061: syntax error : identifier 'token_table_flag'
     1>c:\bison\bison-3.0\src\getargs.h(41): error C2059: syntax error : ';'
     1>c:\bison\bison-3.0\src\getargs.h(42): error C2061: syntax error : identifier 'yacc_flag'
     1>c:\bison\bison-3.0\src\getargs.h(42): error C2059: syntax error : ';'
     1>c:\bison\bison-3.0\src\getargs.h(49): error C2061: syntax error : identifier 'glr_parser'
     1>c:\bison\bison-3.0\src\getargs.h(49): error C2059: syntax error : ';'
     1>c:\bison\bison-3.0\src\getargs.h(55): error C2061: syntax error : identifier 'nondeterministic_parser'
     1>c:\bison\bison-3.0\src\getargs.h(55): error C2059: syntax error : ';'
     1>c:\bison\bison-3.0\src\getargs.h(65): error C2061: syntax error : identifier 'bool'
     1>c:\bison\bison-3.0\src\getargs.h(66): error C2059: syntax error : '}'
     1>c:\bison\bison-3.0\src\scan-code.h(67): error C2061: syntax error : identifier 'bool'
     1>c:\bison\bison-3.0\src\scan-code.h(73): error C2061: syntax error : identifier 'is_predicate'
     1>c:\bison\bison-3.0\src\scan-code.h(73): error C2059: syntax error : ';'
     1>c:\bison\bison-3.0\src\scan-code.h(78): error C2061: syntax error : identifier 'is_used'
     1>c:\bison\bison-3.0\src\scan-code.h(78): error C2059: syntax error : ';'
     1>c:\bison\bison-3.0\src\scan-code.h(84): error C2040: 'named_ref' : 'named_ref *' differs in levels of indirection from 'named_ref'
     1>c:\bison\bison-3.0\src\scan-code.h(85): error C2059: syntax error : '}'
     1>c:\bison\bison-3.0\src\scan-code.h(93): error C2143: syntax error : missing ')' before '*'
     1>c:\bison\bison-3.0\src\scan-code.h(93): error C2143: syntax error : missing '{' before '*'
     1>c:\bison\bison-3.0\src\scan-code.h(93): error C2059: syntax error : ')'
     1>c:\bison\bison-3.0\src\scan-code.h(109): error C2061: syntax error : identifier 'code_props_none'
     1>c:\bison\bison-3.0\src\scan-code.h(109): error C2059: syntax error : ';'
     1>c:\bison\bison-3.0\src\scan-code.h(123): error C2143: syntax error : missing ')' before '*'
     1>c:\bison\bison-3.0\src\scan-code.h(123): error C2143: syntax error : missing '{' before '*'
     1>c:\bison\bison-3.0\src\scan-code.h(123): error C2059: syntax error : 'type'
     1>c:\bison\bison-3.0\src\scan-code.h(124): error C2059: syntax error : ')'
     1>c:\bison\bison-3.0\src\scan-code.h(138): error C2143: syntax error : missing ')' before '*'
     1>c:\bison\bison-3.0\src\scan-code.h(138): error C2143: syntax error : missing '{' before '*'
     1>c:\bison\bison-3.0\src\scan-code.h(138): error C2059: syntax error : 'type'
     1>c:\bison\bison-3.0\src\scan-code.h(139): error C2059: syntax error : ')'
     1>c:\bison\bison-3.0\src\scan-code.h(158): error C2143: syntax error : missing ')' before '*'
     1>c:\bison\bison-3.0\src\scan-code.h(158): error C2143: syntax error : missing '{' before '*'
     1>c:\bison\bison-3.0\src\scan-code.h(158): error C2059: syntax error : 'type'
     1>c:\bison\bison-3.0\src\scan-code.h(160): error C2059: syntax error : ')'
     1>c:\bison\bison-3.0\src\scan-code.h(173): error C2143: syntax error : missing ')' before '*'
     1>c:\bison\bison-3.0\src\scan-code.h(173): error C2143: syntax error : missing '{' before '*'
     1>c:\bison\bison-3.0\src\scan-code.h(173): error C2059: syntax error : ')'
     1>c:\bison\bison-3.0\src\symtab.h(112): error C2061: syntax error : identifier 'code_props'
     1>c:\bison\bison-3.0\src\symtab.h(117): error C2370: 'assoc' : redefinition; different storage class
                 c:\bison\bison-3.0\src\assoc.h(31) : see declaration of 'assoc'
     1>c:\bison\bison-3.0\src\symtab.h(125): error C2370: 'status' : redefinition; different storage class
                 c:\bison\bison-3.0\src\symtab.h(74) : see declaration of 'status'
     1>c:\bison\bison-3.0\src\symtab.h(126): error C2059: syntax error : '}'
     1>c:\bison\bison-3.0\src\symtab.h(160): error C2061: syntax error : identifier 'symbol_is_dummy'
     1>c:\bison\bison-3.0\src\symtab.h(160): error C2059: syntax error : ';'
     1>c:\bison\bison-3.0\src\symtab.h(160): error C2059: syntax error : 'type'
     1>c:\bison\bison-3.0\src\symtab.h(184): error C2143: syntax error : missing ')' before 'const'
     1>c:\bison\bison-3.0\src\symtab.h(184): error C2081: 'code_props' : name in formal parameter list illegal
     1>c:\bison\bison-3.0\src\symtab.h(184): error C2143: syntax error : missing '{' before 'const'
     1>c:\bison\bison-3.0\src\symtab.h(184): error C2059: syntax error : ')'
     1>c:\bison\bison-3.0\src\symtab.h(184): error C2365: 'destructor' : redefinition; previous definition was 'enumerator'
                 c:\bison\bison-3.0\src\symtab.h(79) : see declaration of 'destructor'
     1>c:\bison\bison-3.0\src\symtab.h(189): error C2143: syntax error : missing '{' before '*'
     1>c:\bison\bison-3.0\src\symtab.h(199): error C2146: syntax error : missing ')' before identifier 'declaring'
     1>c:\bison\bison-3.0\src\symtab.h(199): error C2081: 'bool' : name in formal parameter list illegal
     1>c:\bison\bison-3.0\src\symtab.h(199): error C2061: syntax error : identifier 'declaring'
     1>c:\bison\bison-3.0\src\symtab.h(199): error C2059: syntax error : ';'
     1>c:\bison\bison-3.0\src\symtab.h(199): error C2059: syntax error : ')'
     1>c:\bison\bison-3.0\src\symtab.h(301): error C2061: syntax error : identifier 'code_props'
     1>c:\bison\bison-3.0\src\symtab.h(303): error C2059: syntax error : '}'
     1>c:\bison\bison-3.0\src\symtab.h(306): error C2143: syntax error : missing '{' before '*'
     1>c:\bison\bison-3.0\src\symtab.h(310): error C2143: syntax error : missing '{' before '*'
     1>c:\bison\bison-3.0\src\symtab.h(313): error C2143: syntax error : missing ')' before '*'
     1>c:\bison\bison-3.0\src\symtab.h(313): error C2143: syntax error : missing '{' before '*'
     1>c:\bison\bison-3.0\src\symtab.h(314): error C2370: 'code_props_type' : redefinition; different storage class
                 c:\bison\bison-3.0\src\symtab.h(76) : see declaration of 'code_props_type'
     1>c:\bison\bison-3.0\src\symtab.h(314): error C2146: syntax error : missing ';' before identifier 'kind'
     1>c:\bison\bison-3.0\src\symtab.h(315): error C2143: syntax error : missing ';' before 'const'
     1>c:\bison\bison-3.0\src\symtab.h(315): error C2059: syntax error : ')'
     1>c:\bison\bison-3.0\src\gram.h(129): error C2054: expected '(' to follow 'inline'
     1>c:\bison\bison-3.0\src\gram.h(130): error C2085: 'symbol_number_as_item_number' : not in formal parameter list
     1>c:\bison\bison-3.0\src\gram.h(130): error C2143: syntax error : missing ';' before '{'
     1>c:\bison\bison-3.0\src\gram.h(135): error C2054: expected '(' to follow 'inline'
     1>c:\bison\bison-3.0\src\gram.h(136): error C2085: 'item_number_as_symbol_number' : not in formal parameter list
     1>c:\bison\bison-3.0\src\gram.h(136): error C2143: syntax error : missing ';' before '{'
     1>c:\bison\bison-3.0\src\gram.h(140): error C2061: syntax error : identifier 'bool'
     1>c:\bison\bison-3.0\src\gram.h(140): error C2059: syntax error : ';'
     1>c:\bison\bison-3.0\src\gram.h(152): error C2054: expected '(' to follow 'inline'
     1>c:\bison\bison-3.0\src\gram.h(153): error C2085: 'rule_number_as_item_number' : not in formal parameter list
     1>c:\bison\bison-3.0\src\gram.h(153): error C2143: syntax error : missing ';' before '{'
     1>c:\bison\bison-3.0\src\gram.h(158): error C2054: expected '(' to follow 'inline'
     1>c:\bison\bison-3.0\src\gram.h(158): fatal error C1003: error count exceeds 100; stopping compilation
         getargs.c
     1>c:\bison\bison-3.0\src\getargs.c(25): fatal error C1083: Cannot open include file: 'argmatch.h': No such file or directory
         files.c
     1>c:\bison\bison-3.0\src\files.c(25): fatal error C1083: Cannot open include file: 'dirname.h': No such file or directory
         derives.c
     1>c:\bison\bison-3.0\src\location.h(55): error C2054: expected '(' to follow 'inline'
     1>c:\bison\bison-3.0\src\location.h(56): error C2085: 'boundary_set' : not in formal parameter list
     1>c:\bison\bison-3.0\src\location.h(56): error C2143: syntax error : missing ';' before '{'
     1>c:\bison\bison-3.0\src\location.h(65): error C2054: expected '(' to follow 'inline'
     1>c:\bison\bison-3.0\src\location.h(66): error C2085: 'boundary_cmp' : not in formal parameter list
     1>c:\bison\bison-3.0\src\location.h(66): error C2143: syntax error : missing ';' before '{'
     1>c:\bison\bison-3.0\src\location.h(76): error C2061: syntax error : identifier 'bool'
     1>c:\bison\bison-3.0\src\location.h(76): error C2059: syntax error : ';'
     1>c:\bison\bison-3.0\src\location.h(120): error C2054: expected '(' to follow 'inline'
     1>c:\bison\bison-3.0\src\location.h(121): error C2085: 'location_cmp' : not in formal parameter list
     1>c:\bison\bison-3.0\src\location.h(121): error C2143: syntax error : missing ';' before '{'
     1>c:\bison\bison-3.0\src\getargs.h(37): error C2061: syntax error : identifier 'defines_flag'
     1>c:\bison\bison-3.0\src\getargs.h(37): error C2059: syntax error : ';'
     1>c:\bison\bison-3.0\src\getargs.h(38): error C2061: syntax error : identifier 'graph_flag'
     1>c:\bison\bison-3.0\src\getargs.h(38): error C2059: syntax error : ';'
     1>c:\bison\bison-3.0\src\getargs.h(39): error C2061: syntax error : identifier 'xml_flag'
     1>c:\bison\bison-3.0\src\getargs.h(39): error C2059: syntax error : ';'
     1>c:\bison\bison-3.0\src\getargs.h(40): error C2061: syntax error : identifier 'no_lines_flag'
     1>c:\bison\bison-3.0\src\getargs.h(40): error C2059: syntax error : ';'
     1>c:\bison\bison-3.0\src\getargs.h(41): error C2061: syntax error : identifier 'token_table_flag'
     1>c:\bison\bison-3.0\src\getargs.h(41): error C2059: syntax error : ';'
     1>c:\bison\bison-3.0\src\getargs.h(42): error C2061: syntax error : identifier 'yacc_flag'
     1>c:\bison\bison-3.0\src\getargs.h(42): error C2059: syntax error : ';'
     1>c:\bison\bison-3.0\src\getargs.h(49): error C2061: syntax error : identifier 'glr_parser'
     1>c:\bison\bison-3.0\src\getargs.h(49): error C2059: syntax error : ';'
     1>c:\bison\bison-3.0\src\getargs.h(55): error C2061: syntax error : identifier 'nondeterministic_parser'
     1>c:\bison\bison-3.0\src\getargs.h(55): error C2059: syntax error : ';'
     1>c:\bison\bison-3.0\src\getargs.h(65): error C2061: syntax error : identifier 'bool'
     1>c:\bison\bison-3.0\src\getargs.h(66): error C2059: syntax error : '}'
     1>c:\bison\bison-3.0\src\scan-code.h(67): error C2061: syntax error : identifier 'bool'
     1>c:\bison\bison-3.0\src\scan-code.h(73): error C2061: syntax error : identifier 'is_predicate'
     1>c:\bison\bison-3.0\src\scan-code.h(73): error C2059: syntax error : ';'
     1>c:\bison\bison-3.0\src\scan-code.h(78): error C2061: syntax error : identifier 'is_used'
     1>c:\bison\bison-3.0\src\scan-code.h(78): error C2059: syntax error : ';'
     1>c:\bison\bison-3.0\src\scan-code.h(84): error C2040: 'named_ref' : 'named_ref *' differs in levels of indirection from 'named_ref'
     1>c:\bison\bison-3.0\src\scan-code.h(85): error C2059: syntax error : '}'
     1>c:\bison\bison-3.0\src\scan-code.h(93): error C2143: syntax error : missing ')' before '*'
     1>c:\bison\bison-3.0\src\scan-code.h(93): error C2143: syntax error : missing '{' before '*'
     1>c:\bison\bison-3.0\src\scan-code.h(93): error C2059: syntax error : ')'
     1>c:\bison\bison-3.0\src\scan-code.h(109): error C2061: syntax error : identifier 'code_props_none'
     1>c:\bison\bison-3.0\src\scan-code.h(109): error C2059: syntax error : ';'
     1>c:\bison\bison-3.0\src\scan-code.h(123): error C2143: syntax error : missing ')' before '*'
     1>c:\bison\bison-3.0\src\scan-code.h(123): error C2143: syntax error : missing '{' before '*'
     1>c:\bison\bison-3.0\src\scan-code.h(123): error C2059: syntax error : 'type'
     1>c:\bison\bison-3.0\src\scan-code.h(124): error C2059: syntax error : ')'
     1>c:\bison\bison-3.0\src\scan-code.h(138): error C2143: syntax error : missing ')' before '*'
     1>c:\bison\bison-3.0\src\scan-code.h(138): error C2143: syntax error : missing '{' before '*'
     1>c:\bison\bison-3.0\src\scan-code.h(138): error C2059: syntax error : 'type'
     1>c:\bison\bison-3.0\src\scan-code.h(139): error C2059: syntax error : ')'
     1>c:\bison\bison-3.0\src\scan-code.h(158): error C2143: syntax error : missing ')' before '*'
     1>c:\bison\bison-3.0\src\scan-code.h(158): error C2143: syntax error : missing '{' before '*'
     1>c:\bison\bison-3.0\src\scan-code.h(158): error C2059: syntax error : 'type'
     1>c:\bison\bison-3.0\src\scan-code.h(160): error C2059: syntax error : ')'
     1>c:\bison\bison-3.0\src\scan-code.h(173): error C2143: syntax error : missing ')' before '*'
     1>c:\bison\bison-3.0\src\scan-code.h(173): error C2143: syntax error : missing '{' before '*'
     1>c:\bison\bison-3.0\src\scan-code.h(173): error C2059: syntax error : ')'
     1>c:\bison\bison-3.0\src\symtab.h(112): error C2061: syntax error : identifier 'code_props'
     1>c:\bison\bison-3.0\src\symtab.h(117): error C2370: 'assoc' : redefinition; different storage class
                 c:\bison\bison-3.0\src\assoc.h(31) : see declaration of 'assoc'
     1>c:\bison\bison-3.0\src\symtab.h(125): error C2370: 'status' : redefinition; different storage class
                 c:\bison\bison-3.0\src\symtab.h(74) : see declaration of 'status'
     1>c:\bison\bison-3.0\src\symtab.h(126): error C2059: syntax error : '}'
     1>c:\bison\bison-3.0\src\symtab.h(160): error C2061: syntax error : identifier 'symbol_is_dummy'
     1>c:\bison\bison-3.0\src\symtab.h(160): error C2059: syntax error : ';'
     1>c:\bison\bison-3.0\src\symtab.h(160): error C2059: syntax error : 'type'
     1>c:\bison\bison-3.0\src\symtab.h(184): error C2143: syntax error : missing ')' before 'const'
     1>c:\bison\bison-3.0\src\symtab.h(184): error C2081: 'code_props' : name in formal parameter list illegal
     1>c:\bison\bison-3.0\src\symtab.h(184): error C2143: syntax error : missing '{' before 'const'
     1>c:\bison\bison-3.0\src\symtab.h(184): error C2059: syntax error : ')'
     1>c:\bison\bison-3.0\src\symtab.h(184): error C2365: 'destructor' : redefinition; previous definition was 'enumerator'
                 c:\bison\bison-3.0\src\symtab.h(79) : see declaration of 'destructor'
     1>c:\bison\bison-3.0\src\symtab.h(189): error C2143: syntax error : missing '{' before '*'
     1>c:\bison\bison-3.0\src\symtab.h(199): error C2146: syntax error : missing ')' before identifier 'declaring'
     1>c:\bison\bison-3.0\src\symtab.h(199): error C2081: 'bool' : name in formal parameter list illegal
     1>c:\bison\bison-3.0\src\symtab.h(199): error C2061: syntax error : identifier 'declaring'
     1>c:\bison\bison-3.0\src\symtab.h(199): error C2059: syntax error : ';'
     1>c:\bison\bison-3.0\src\symtab.h(199): error C2059: syntax error : ')'
     1>c:\bison\bison-3.0\src\symtab.h(301): error C2061: syntax error : identifier 'code_props'
     1>c:\bison\bison-3.0\src\symtab.h(303): error C2059: syntax error : '}'
     1>c:\bison\bison-3.0\src\symtab.h(306): error C2143: syntax error : missing '{' before '*'
     1>c:\bison\bison-3.0\src\symtab.h(310): error C2143: syntax error : missing '{' before '*'
     1>c:\bison\bison-3.0\src\symtab.h(313): error C2143: syntax error : missing ')' before '*'
     1>c:\bison\bison-3.0\src\symtab.h(313): error C2143: syntax error : missing '{' before '*'
     1>c:\bison\bison-3.0\src\symtab.h(314): error C2370: 'code_props_type' : redefinition; different storage class
                 c:\bison\bison-3.0\src\symtab.h(76) : see declaration of 'code_props_type'
     1>c:\bison\bison-3.0\src\symtab.h(314): error C2146: syntax error : missing ';' before identifier 'kind'
     1>c:\bison\bison-3.0\src\symtab.h(315): error C2143: syntax error : missing ';' before 'const'
     1>c:\bison\bison-3.0\src\symtab.h(315): error C2059: syntax error : ')'
     1>c:\bison\bison-3.0\src\gram.h(129): error C2054: expected '(' to follow 'inline'
     1>c:\bison\bison-3.0\src\gram.h(130): error C2085: 'symbol_number_as_item_number' : not in formal parameter list
     1>c:\bison\bison-3.0\src\gram.h(130): error C2143: syntax error : missing ';' before '{'
     1>c:\bison\bison-3.0\src\gram.h(135): error C2054: expected '(' to follow 'inline'
     1>c:\bison\bison-3.0\src\gram.h(136): error C2085: 'item_number_as_symbol_number' : not in formal parameter list
     1>c:\bison\bison-3.0\src\gram.h(136): error C2143: syntax error : missing ';' before '{'
     1>c:\bison\bison-3.0\src\gram.h(140): error C2061: syntax error : identifier 'bool'
     1>c:\bison\bison-3.0\src\gram.h(140): error C2059: syntax error : ';'
     1>c:\bison\bison-3.0\src\gram.h(152): error C2054: expected '(' to follow 'inline'
     1>c:\bison\bison-3.0\src\gram.h(153): error C2085: 'rule_number_as_item_number' : not in formal parameter list
     1>c:\bison\bison-3.0\src\gram.h(153): error C2143: syntax error : missing ';' before '{'
     1>c:\bison\bison-3.0\src\gram.h(158): error C2054: expected '(' to follow 'inline'
     1>c:\bison\bison-3.0\src\gram.h(159): error C2085: 'item_number_as_rule_number' : not in formal parameter list
     1>c:\bison\bison-3.0\src\gram.h(159): error C2143: syntax error : missing ';' before '{'
     1>c:\bison\bison-3.0\src\gram.h(163): error C2061: syntax error : identifier 'bool'
     1>c:\bison\bison-3.0\src\gram.h(163): error C2059: syntax error : ';'
     1>c:\bison\bison-3.0\src\gram.h(196): error C2061: syntax error : identifier 'bool'
     1>c:\bison\bison-3.0\src\gram.h(196): fatal error C1003: error count exceeds 100; stopping compilation
         conflicts.c
     1>c:\bison\bison-3.0\src\location.h(55): error C2054: expected '(' to follow 'inline'
     1>c:\bison\bison-3.0\src\location.h(56): error C2085: 'boundary_set' : not in formal parameter list
     1>c:\bison\bison-3.0\src\location.h(56): error C2143: syntax error : missing ';' before '{'
     1>c:\bison\bison-3.0\src\location.h(65): error C2054: expected '(' to follow 'inline'
     1>c:\bison\bison-3.0\src\location.h(66): error C2085: 'boundary_cmp' : not in formal parameter list
     1>c:\bison\bison-3.0\src\location.h(66): error C2143: syntax error : missing ';' before '{'
     1>c:\bison\bison-3.0\src\location.h(76): error C2061: syntax error : identifier 'bool'
     1>c:\bison\bison-3.0\src\location.h(76): error C2059: syntax error : ';'
     1>c:\bison\bison-3.0\src\location.h(120): error C2054: expected '(' to follow 'inline'
     1>c:\bison\bison-3.0\src\location.h(121): error C2085: 'location_cmp' : not in formal parameter list
     1>c:\bison\bison-3.0\src\location.h(121): error C2143: syntax error : missing ';' before '{'
     1>c:\bison\bison-3.0\src\scan-code.h(67): error C2061: syntax error : identifier 'bool'
     1>c:\bison\bison-3.0\src\scan-code.h(73): error C2061: syntax error : identifier 'is_predicate'
     1>c:\bison\bison-3.0\src\scan-code.h(73): error C2059: syntax error : ';'
     1>c:\bison\bison-3.0\src\scan-code.h(78): error C2061: syntax error : identifier 'is_used'
     1>c:\bison\bison-3.0\src\scan-code.h(78): error C2059: syntax error : ';'
     1>c:\bison\bison-3.0\src\scan-code.h(84): error C2040: 'named_ref' : 'named_ref *' differs in levels of indirection from 'named_ref'
     1>c:\bison\bison-3.0\src\scan-code.h(85): error C2059: syntax error : '}'
     1>c:\bison\bison-3.0\src\scan-code.h(93): error C2143: syntax error : missing ')' before '*'
     1>c:\bison\bison-3.0\src\scan-code.h(93): error C2143: syntax error : missing '{' before '*'
     1>c:\bison\bison-3.0\src\scan-code.h(93): error C2059: syntax error : ')'
     1>c:\bison\bison-3.0\src\scan-code.h(109): error C2061: syntax error : identifier 'code_props_none'
     1>c:\bison\bison-3.0\src\scan-code.h(109): error C2059: syntax error : ';'
     1>c:\bison\bison-3.0\src\scan-code.h(123): error C2143: syntax error : missing ')' before '*'
     1>c:\bison\bison-3.0\src\scan-code.h(123): error C2143: syntax error : missing '{' before '*'
     1>c:\bison\bison-3.0\src\scan-code.h(123): error C2059: syntax error : 'type'
     1>c:\bison\bison-3.0\src\scan-code.h(124): error C2059: syntax error : ')'
     1>c:\bison\bison-3.0\src\scan-code.h(138): error C2143: syntax error : missing ')' before '*'
     1>c:\bison\bison-3.0\src\scan-code.h(138): error C2143: syntax error : missing '{' before '*'
     1>c:\bison\bison-3.0\src\scan-code.h(138): error C2059: syntax error : 'type'
     1>c:\bison\bison-3.0\src\scan-code.h(139): error C2059: syntax error : ')'
     1>c:\bison\bison-3.0\src\scan-code.h(158): error C2143: syntax error : missing ')' before '*'
     1>c:\bison\bison-3.0\src\scan-code.h(158): error C2143: syntax error : missing '{' before '*'
     1>c:\bison\bison-3.0\src\scan-code.h(158): error C2059: syntax error : 'type'
     1>c:\bison\bison-3.0\src\scan-code.h(160): error C2059: syntax error : ')'
     1>c:\bison\bison-3.0\src\scan-code.h(173): error C2143: syntax error : missing ')' before '*'
     1>c:\bison\bison-3.0\src\scan-code.h(173): error C2143: syntax error : missing '{' before '*'
     1>c:\bison\bison-3.0\src\scan-code.h(173): error C2059: syntax error : ')'
     1>c:\bison\bison-3.0\src\symtab.h(112): error C2061: syntax error : identifier 'code_props'
     1>c:\bison\bison-3.0\src\symtab.h(117): error C2370: 'assoc' : redefinition; different storage class
                 c:\bison\bison-3.0\src\assoc.h(31) : see declaration of 'assoc'
     1>c:\bison\bison-3.0\src\symtab.h(125): error C2370: 'status' : redefinition; different storage class
                 c:\bison\bison-3.0\src\symtab.h(74) : see declaration of 'status'
     1>c:\bison\bison-3.0\src\symtab.h(126): error C2059: syntax error : '}'
     1>c:\bison\bison-3.0\src\symtab.h(160): error C2061: syntax error : identifier 'symbol_is_dummy'
     1>c:\bison\bison-3.0\src\symtab.h(160): error C2059: syntax error : ';'
     1>c:\bison\bison-3.0\src\symtab.h(160): error C2059: syntax error : 'type'
     1>c:\bison\bison-3.0\src\symtab.h(184): error C2143: syntax error : missing ')' before 'const'
     1>c:\bison\bison-3.0\src\symtab.h(184): error C2081: 'code_props' : name in formal parameter list illegal
     1>c:\bison\bison-3.0\src\symtab.h(184): error C2143: syntax error : missing '{' before 'const'
     1>c:\bison\bison-3.0\src\symtab.h(184): error C2059: syntax error : ')'
     1>c:\bison\bison-3.0\src\symtab.h(184): error C2365: 'destructor' : redefinition; previous definition was 'enumerator'
                 c:\bison\bison-3.0\src\symtab.h(79) : see declaration of 'destructor'
     1>c:\bison\bison-3.0\src\symtab.h(189): error C2143: syntax error : missing '{' before '*'
     1>c:\bison\bison-3.0\src\symtab.h(199): error C2146: syntax error : missing ')' before identifier 'declaring'
     1>c:\bison\bison-3.0\src\symtab.h(199): error C2081: 'bool' : name in formal parameter list illegal
     1>c:\bison\bison-3.0\src\symtab.h(199): error C2061: syntax error : identifier 'declaring'
     1>c:\bison\bison-3.0\src\symtab.h(199): error C2059: syntax error : ';'
     1>c:\bison\bison-3.0\src\symtab.h(199): error C2059: syntax error : ')'
     1>c:\bison\bison-3.0\src\symtab.h(301): error C2061: syntax error : identifier 'code_props'
     1>c:\bison\bison-3.0\src\symtab.h(303): error C2059: syntax error : '}'
     1>c:\bison\bison-3.0\src\symtab.h(306): error C2143: syntax error : missing '{' before '*'
     1>c:\bison\bison-3.0\src\symtab.h(310): error C2143: syntax error : missing '{' before '*'
     1>c:\bison\bison-3.0\src\symtab.h(313): error C2143: syntax error : missing ')' before '*'
     1>c:\bison\bison-3.0\src\symtab.h(313): error C2143: syntax error : missing '{' before '*'
     1>c:\bison\bison-3.0\src\symtab.h(314): error C2370: 'code_props_type' : redefinition; different storage class
                 c:\bison\bison-3.0\src\symtab.h(76) : see declaration of 'code_props_type'
     1>c:\bison\bison-3.0\src\symtab.h(314): error C2146: syntax error : missing ';' before identifier 'kind'
     1>c:\bison\bison-3.0\src\symtab.h(315): error C2143: syntax error : missing ';' before 'const'
     1>c:\bison\bison-3.0\src\symtab.h(315): error C2059: syntax error : ')'
     1>c:\bison\bison-3.0\src\gram.h(129): error C2054: expected '(' to follow 'inline'
     1>c:\bison\bison-3.0\src\gram.h(130): error C2085: 'symbol_number_as_item_number' : not in formal parameter list
     1>c:\bison\bison-3.0\src\gram.h(130): error C2143: syntax error : missing ';' before '{'
     1>c:\bison\bison-3.0\src\gram.h(135): error C2054: expected '(' to follow 'inline'
     1>c:\bison\bison-3.0\src\gram.h(136): error C2085: 'item_number_as_symbol_number' : not in formal parameter list
     1>c:\bison\bison-3.0\src\gram.h(136): error C2143: syntax error : missing ';' before '{'
     1>c:\bison\bison-3.0\src\gram.h(140): error C2061: syntax error : identifier 'bool'
     1>c:\bison\bison-3.0\src\gram.h(140): error C2059: syntax error : ';'
     1>c:\bison\bison-3.0\src\gram.h(152): error C2054: expected '(' to follow 'inline'
     1>c:\bison\bison-3.0\src\gram.h(153): error C2085: 'rule_number_as_item_number' : not in formal parameter list
     1>c:\bison\bison-3.0\src\gram.h(153): error C2143: syntax error : missing ';' before '{'
     1>c:\bison\bison-3.0\src\gram.h(158): error C2054: expected '(' to follow 'inline'
     1>c:\bison\bison-3.0\src\gram.h(159): error C2085: 'item_number_as_rule_number' : not in formal parameter list
     1>c:\bison\bison-3.0\src\gram.h(159): error C2143: syntax error : missing ';' before '{'
     1>c:\bison\bison-3.0\src\gram.h(163): error C2061: syntax error : identifier 'bool'
     1>c:\bison\bison-3.0\src\gram.h(163): error C2059: syntax error : ';'
     1>c:\bison\bison-3.0\src\gram.h(196): error C2061: syntax error : identifier 'bool'
     1>c:\bison\bison-3.0\src\gram.h(197): error C2061: syntax error : identifier 'is_predicate'
     1>c:\bison\bison-3.0\src\gram.h(197): error C2059: syntax error : ';'
     1>c:\bison\bison-3.0\src\gram.h(201): error C2059: syntax error : '}'
     1>c:\bison\bison-3.0\src\gram.h(203): error C2143: syntax error : missing '{' before '*'
     1>c:\bison\bison-3.0\src\gram.h(206): error C2143: syntax error : missing ')' before '*'
     1>c:\bison\bison-3.0\src\gram.h(206): error C2143: syntax error : missing '{' before '*'
     1>c:\bison\bison-3.0\src\gram.h(206): error C2059: syntax error : ')'
     1>c:\bison\bison-3.0\src\gram.h(206): error C2143: syntax error : missing ')' before 'const'
     1>c:\bison\bison-3.0\src\gram.h(206): error C2143: syntax error : missing '{' before 'const'
     1>c:\bison\bison-3.0\src\gram.h(206): error C2059: syntax error : ')'
     1>c:\bison\bison-3.0\src\gram.h(206): error C2059: syntax error : ';'
     1>c:\bison\bison-3.0\src\gram.h(210): error C2061: syntax error : identifier 'rule_useful_in_grammar_p'
     1>c:\bison\bison-3.0\src\gram.h(210): error C2059: syntax error : ';'
     1>c:\bison\bison-3.0\src\gram.h(210): error C2143: syntax error : missing ')' before 'const'
     1>c:\bison\bison-3.0\src\gram.h(210): error C2143: syntax error : missing '{' before 'const'
     1>c:\bison\bison-3.0\src\gram.h(210): error C2059: syntax error : ')'
     1>c:\bison\bison-3.0\src\gram.h(214): error C2061: syntax error : identifier 'rule_useless_in_grammar_p'
     1>c:\bison\bison-3.0\src\gram.h(214): error C2059: syntax error : ';'
     1>c:\bison\bison-3.0\src\gram.h(214): fatal error C1003: error count exceeds 100; stopping compilation
         complain.c
     1>c:\bison\bison-3.0\src\complain.c(27): fatal error C1083: Cannot open include file: 'progname.h': No such file or directory
         closure.c
     1>c:\bison\bison-3.0\src\closure.c(25): fatal error C1083: Cannot open include file: 'bitsetv-print.h': No such file or directory
         Sbitset.c
     1>c:\bison\bison-3.0\src\sbitset.h(45): error C2061: syntax error : identifier 'Sbitset__isEmpty'
     1>c:\bison\bison-3.0\src\sbitset.h(45): error C2059: syntax error : ';'
     1>c:\bison\bison-3.0\src\sbitset.h(45): error C2059: syntax error : 'type'
     1>c:\bison\bison-3.0\src\sbitset.h(47): error C2143: syntax error : missing ')' before '*'
     1>c:\bison\bison-3.0\src\sbitset.h(47): error C2081: 'FILE' : name in formal parameter list illegal
     1>c:\bison\bison-3.0\src\sbitset.h(47): error C2143: syntax error : missing '{' before '*'
     1>c:\bison\bison-3.0\src\sbitset.h(47): error C2059: syntax error : ')'
     1>c:\bison\bison-3.0\src\sbitset.c(30): warning C4013: 'xcalloc' undefined; assuming extern returning int
     1>c:\bison\bison-3.0\src\sbitset.c(30): warning C4047: 'return' : 'Sbitset' differs in levels of indirection from 'int'
     1>c:\bison\bison-3.0\src\sbitset.c(40): warning C4013: 'obstack_alloc' undefined; assuming extern returning int
     1>c:\bison\bison-3.0\src\sbitset.c(40): warning C4047: '=' : 'Sbitset' differs in levels of indirection from 'int'
     1>c:\bison\bison-3.0\src\sbitset.c(53): error C2061: syntax error : identifier 'Sbitset__isEmpty'
     1>c:\bison\bison-3.0\src\sbitset.c(53): error C2059: syntax error : ';'
     1>c:\bison\bison-3.0\src\sbitset.c(53): error C2059: syntax error : 'type'
     1>c:\bison\bison-3.0\src\sbitset.c(63): error C2143: syntax error : missing ')' before '*'
     1>c:\bison\bison-3.0\src\sbitset.c(63): error C2081: 'FILE' : name in formal parameter list illegal
     1>c:\bison\bison-3.0\src\sbitset.c(63): error C2143: syntax error : missing '{' before '*'
     1>c:\bison\bison-3.0\src\sbitset.c(63): error C2059: syntax error : ')'
     1>c:\bison\bison-3.0\src\sbitset.c(64): error C2054: expected '(' to follow 'file'
         LR0.c
     1>c:\bison\bison-3.0\src\location.h(55): error C2054: expected '(' to follow 'inline'
     1>c:\bison\bison-3.0\src\location.h(56): error C2085: 'boundary_set' : not in formal parameter list
     1>c:\bison\bison-3.0\src\location.h(56): error C2143: syntax error : missing ';' before '{'
     1>c:\bison\bison-3.0\src\location.h(65): error C2054: expected '(' to follow 'inline'
     1>c:\bison\bison-3.0\src\location.h(66): error C2085: 'boundary_cmp' : not in formal parameter list
     1>c:\bison\bison-3.0\src\location.h(66): error C2143: syntax error : missing ';' before '{'
     1>c:\bison\bison-3.0\src\location.h(76): error C2061: syntax error : identifier 'bool'
     1>c:\bison\bison-3.0\src\location.h(76): error C2059: syntax error : ';'
     1>c:\bison\bison-3.0\src\location.h(120): error C2054: expected '(' to follow 'inline'
     1>c:\bison\bison-3.0\src\location.h(121): error C2085: 'location_cmp' : not in formal parameter list
     1>c:\bison\bison-3.0\src\location.h(121): error C2143: syntax error : missing ';' before '{'
     1>c:\bison\bison-3.0\src\scan-code.h(67): error C2061: syntax error : identifier 'bool'
     1>c:\bison\bison-3.0\src\scan-code.h(73): error C2061: syntax error : identifier 'is_predicate'
     1>c:\bison\bison-3.0\src\scan-code.h(73): error C2059: syntax error : ';'
     1>c:\bison\bison-3.0\src\scan-code.h(78): error C2061: syntax error : identifier 'is_used'
     1>c:\bison\bison-3.0\src\scan-code.h(78): error C2059: syntax error : ';'
     1>c:\bison\bison-3.0\src\scan-code.h(84): error C2040: 'named_ref' : 'named_ref *' differs in levels of indirection from 'named_ref'
     1>c:\bison\bison-3.0\src\scan-code.h(85): error C2059: syntax error : '}'
     1>c:\bison\bison-3.0\src\scan-code.h(93): error C2143: syntax error : missing ')' before '*'
     1>c:\bison\bison-3.0\src\scan-code.h(93): error C2143: syntax error : missing '{' before '*'
     1>c:\bison\bison-3.0\src\scan-code.h(93): error C2059: syntax error : ')'
     1>c:\bison\bison-3.0\src\scan-code.h(109): error C2061: syntax error : identifier 'code_props_none'
     1>c:\bison\bison-3.0\src\scan-code.h(109): error C2059: syntax error : ';'
     1>c:\bison\bison-3.0\src\scan-code.h(123): error C2143: syntax error : missing ')' before '*'
     1>c:\bison\bison-3.0\src\scan-code.h(123): error C2143: syntax error : missing '{' before '*'
     1>c:\bison\bison-3.0\src\scan-code.h(123): error C2059: syntax error : 'type'
     1>c:\bison\bison-3.0\src\scan-code.h(124): error C2059: syntax error : ')'
     1>c:\bison\bison-3.0\src\scan-code.h(138): error C2143: syntax error : missing ')' before '*'
     1>c:\bison\bison-3.0\src\scan-code.h(138): error C2143: syntax error : missing '{' before '*'
     1>c:\bison\bison-3.0\src\scan-code.h(138): error C2059: syntax error : 'type'
     1>c:\bison\bison-3.0\src\scan-code.h(139): error C2059: syntax error : ')'
     1>c:\bison\bison-3.0\src\scan-code.h(158): error C2143: syntax error : missing ')' before '*'
     1>c:\bison\bison-3.0\src\scan-code.h(158): error C2143: syntax error : missing '{' before '*'
     1>c:\bison\bison-3.0\src\scan-code.h(158): error C2059: syntax error : 'type'
     1>c:\bison\bison-3.0\src\scan-code.h(160): error C2059: syntax error : ')'
     1>c:\bison\bison-3.0\src\scan-code.h(173): error C2143: syntax error : missing ')' before '*'
     1>c:\bison\bison-3.0\src\scan-code.h(173): error C2143: syntax error : missing '{' before '*'
     1>c:\bison\bison-3.0\src\scan-code.h(173): error C2059: syntax error : ')'
     1>c:\bison\bison-3.0\src\symtab.h(112): error C2061: syntax error : identifier 'code_props'
     1>c:\bison\bison-3.0\src\symtab.h(117): error C2370: 'assoc' : redefinition; different storage class
                 c:\bison\bison-3.0\src\assoc.h(31) : see declaration of 'assoc'
     1>c:\bison\bison-3.0\src\symtab.h(125): error C2370: 'status' : redefinition; different storage class
                 c:\bison\bison-3.0\src\symtab.h(74) : see declaration of 'status'
     1>c:\bison\bison-3.0\src\symtab.h(126): error C2059: syntax error : '}'
     1>c:\bison\bison-3.0\src\symtab.h(160): error C2061: syntax error : identifier 'symbol_is_dummy'
     1>c:\bison\bison-3.0\src\symtab.h(160): error C2059: syntax error : ';'
     1>c:\bison\bison-3.0\src\symtab.h(160): error C2059: syntax error : 'type'
     1>c:\bison\bison-3.0\src\symtab.h(184): error C2143: syntax error : missing ')' before 'const'
     1>c:\bison\bison-3.0\src\symtab.h(184): error C2081: 'code_props' : name in formal parameter list illegal
     1>c:\bison\bison-3.0\src\symtab.h(184): error C2143: syntax error : missing '{' before 'const'
     1>c:\bison\bison-3.0\src\symtab.h(184): error C2059: syntax error : ')'
     1>c:\bison\bison-3.0\src\symtab.h(184): error C2365: 'destructor' : redefinition; previous definition was 'enumerator'
                 c:\bison\bison-3.0\src\symtab.h(79) : see declaration of 'destructor'
     1>c:\bison\bison-3.0\src\symtab.h(189): error C2143: syntax error : missing '{' before '*'
     1>c:\bison\bison-3.0\src\symtab.h(199): error C2146: syntax error : missing ')' before identifier 'declaring'
     1>c:\bison\bison-3.0\src\symtab.h(199): error C2081: 'bool' : name in formal parameter list illegal
     1>c:\bison\bison-3.0\src\symtab.h(199): error C2061: syntax error : identifier 'declaring'
     1>c:\bison\bison-3.0\src\symtab.h(199): error C2059: syntax error : ';'
     1>c:\bison\bison-3.0\src\symtab.h(199): error C2059: syntax error : ')'
     1>c:\bison\bison-3.0\src\symtab.h(301): error C2061: syntax error : identifier 'code_props'
     1>c:\bison\bison-3.0\src\symtab.h(303): error C2059: syntax error : '}'
     1>c:\bison\bison-3.0\src\symtab.h(306): error C2143: syntax error : missing '{' before '*'
     1>c:\bison\bison-3.0\src\symtab.h(310): error C2143: syntax error : missing '{' before '*'
     1>c:\bison\bison-3.0\src\symtab.h(313): error C2143: syntax error : missing ')' before '*'
     1>c:\bison\bison-3.0\src\symtab.h(313): error C2143: syntax error : missing '{' before '*'
     1>c:\bison\bison-3.0\src\symtab.h(314): error C2370: 'code_props_type' : redefinition; different storage class
                 c:\bison\bison-3.0\src\symtab.h(76) : see declaration of 'code_props_type'
     1>c:\bison\bison-3.0\src\symtab.h(314): error C2146: syntax error : missing ';' before identifier 'kind'
     1>c:\bison\bison-3.0\src\symtab.h(315): error C2143: syntax error : missing ';' before 'const'
     1>c:\bison\bison-3.0\src\symtab.h(315): error C2059: syntax error : ')'
     1>c:\bison\bison-3.0\src\gram.h(129): error C2054: expected '(' to follow 'inline'
     1>c:\bison\bison-3.0\src\gram.h(130): error C2085: 'symbol_number_as_item_number' : not in formal parameter list
     1>c:\bison\bison-3.0\src\gram.h(130): error C2143: syntax error : missing ';' before '{'
     1>c:\bison\bison-3.0\src\gram.h(135): error C2054: expected '(' to follow 'inline'
     1>c:\bison\bison-3.0\src\gram.h(136): error C2085: 'item_number_as_symbol_number' : not in formal parameter list
     1>c:\bison\bison-3.0\src\gram.h(136): error C2143: syntax error : missing ';' before '{'
     1>c:\bison\bison-3.0\src\gram.h(140): error C2061: syntax error : identifier 'bool'
     1>c:\bison\bison-3.0\src\gram.h(140): error C2059: syntax error : ';'
     1>c:\bison\bison-3.0\src\gram.h(152): error C2054: expected '(' to follow 'inline'
     1>c:\bison\bison-3.0\src\gram.h(153): error C2085: 'rule_number_as_item_number' : not in formal parameter list
     1>c:\bison\bison-3.0\src\gram.h(153): error C2143: syntax error : missing ';' before '{'
     1>c:\bison\bison-3.0\src\gram.h(158): error C2054: expected '(' to follow 'inline'
     1>c:\bison\bison-3.0\src\gram.h(159): error C2085: 'item_number_as_rule_number' : not in formal parameter list
     1>c:\bison\bison-3.0\src\gram.h(159): error C2143: syntax error : missing ';' before '{'
     1>c:\bison\bison-3.0\src\gram.h(163): error C2061: syntax error : identifier 'bool'
     1>c:\bison\bison-3.0\src\gram.h(163): error C2059: syntax error : ';'
     1>c:\bison\bison-3.0\src\gram.h(196): error C2061: syntax error : identifier 'bool'
     1>c:\bison\bison-3.0\src\gram.h(197): error C2061: syntax error : identifier 'is_predicate'
     1>c:\bison\bison-3.0\src\gram.h(197): error C2059: syntax error : ';'
     1>c:\bison\bison-3.0\src\gram.h(201): error C2059: syntax error : '}'
     1>c:\bison\bison-3.0\src\gram.h(203): error C2143: syntax error : missing '{' before '*'
     1>c:\bison\bison-3.0\src\gram.h(206): error C2143: syntax error : missing ')' before '*'
     1>c:\bison\bison-3.0\src\gram.h(206): error C2143: syntax error : missing '{' before '*'
     1>c:\bison\bison-3.0\src\gram.h(206): error C2059: syntax error : ')'
     1>c:\bison\bison-3.0\src\gram.h(206): error C2143: syntax error : missing ')' before 'const'
     1>c:\bison\bison-3.0\src\gram.h(206): error C2143: syntax error : missing '{' before 'const'
     1>c:\bison\bison-3.0\src\gram.h(206): error C2059: syntax error : ')'
     1>c:\bison\bison-3.0\src\gram.h(206): error C2059: syntax error : ';'
     1>c:\bison\bison-3.0\src\gram.h(210): error C2061: syntax error : identifier 'rule_useful_in_grammar_p'
     1>c:\bison\bison-3.0\src\gram.h(210): error C2059: syntax error : ';'
     1>c:\bison\bison-3.0\src\gram.h(210): error C2143: syntax error : missing ')' before 'const'
     1>c:\bison\bison-3.0\src\gram.h(210): error C2143: syntax error : missing '{' before 'const'
     1>c:\bison\bison-3.0\src\gram.h(210): error C2059: syntax error : ')'
     1>c:\bison\bison-3.0\src\gram.h(214): error C2061: syntax error : identifier 'rule_useless_in_grammar_p'
     1>c:\bison\bison-3.0\src\gram.h(214): error C2059: syntax error : ';'
     1>c:\bison\bison-3.0\src\gram.h(214): fatal error C1003: error count exceeds 100; stopping compilation
         InadequacyList.c
     1>c:\bison\bison-3.0\src\location.h(55): error C2054: expected '(' to follow 'inline'
     1>c:\bison\bison-3.0\src\location.h(56): error C2085: 'boundary_set' : not in formal parameter list
     1>c:\bison\bison-3.0\src\location.h(56): error C2143: syntax error : missing ';' before '{'
     1>c:\bison\bison-3.0\src\location.h(65): error C2054: expected '(' to follow 'inline'
     1>c:\bison\bison-3.0\src\location.h(66): error C2085: 'boundary_cmp' : not in formal parameter list
     1>c:\bison\bison-3.0\src\location.h(66): error C2143: syntax error : missing ';' before '{'
     1>c:\bison\bison-3.0\src\location.h(76): error C2061: syntax error : identifier 'bool'
     1>c:\bison\bison-3.0\src\location.h(76): error C2059: syntax error : ';'
     1>c:\bison\bison-3.0\src\location.h(120): error C2054: expected '(' to follow 'inline'
     1>c:\bison\bison-3.0\src\location.h(121): error C2085: 'location_cmp' : not in formal parameter list
     1>c:\bison\bison-3.0\src\location.h(121): error C2143: syntax error : missing ';' before '{'
     1>c:\bison\bison-3.0\src\scan-code.h(67): error C2061: syntax error : identifier 'bool'
     1>c:\bison\bison-3.0\src\scan-code.h(73): error C2061: syntax error : identifier 'is_predicate'
     1>c:\bison\bison-3.0\src\scan-code.h(73): error C2059: syntax error : ';'
     1>c:\bison\bison-3.0\src\scan-code.h(78): error C2061: syntax error : identifier 'is_used'
     1>c:\bison\bison-3.0\src\scan-code.h(78): error C2059: syntax error : ';'
     1>c:\bison\bison-3.0\src\scan-code.h(84): error C2040: 'named_ref' : 'named_ref *' differs in levels of indirection from 'named_ref'
     1>c:\bison\bison-3.0\src\scan-code.h(85): error C2059: syntax error : '}'
     1>c:\bison\bison-3.0\src\scan-code.h(93): error C2143: syntax error : missing ')' before '*'
     1>c:\bison\bison-3.0\src\scan-code.h(93): error C2143: syntax error : missing '{' before '*'
     1>c:\bison\bison-3.0\src\scan-code.h(93): error C2059: syntax error : ')'
     1>c:\bison\bison-3.0\src\scan-code.h(109): error C2061: syntax error : identifier 'code_props_none'
     1>c:\bison\bison-3.0\src\scan-code.h(109): error C2059: syntax error : ';'
     1>c:\bison\bison-3.0\src\scan-code.h(123): error C2143: syntax error : missing ')' before '*'
     1>c:\bison\bison-3.0\src\scan-code.h(123): error C2143: syntax error : missing '{' before '*'
     1>c:\bison\bison-3.0\src\scan-code.h(123): error C2059: syntax error : 'type'
     1>c:\bison\bison-3.0\src\scan-code.h(124): error C2059: syntax error : ')'
     1>c:\bison\bison-3.0\src\scan-code.h(138): error C2143: syntax error : missing ')' before '*'
     1>c:\bison\bison-3.0\src\scan-code.h(138): error C2143: syntax error : missing '{' before '*'
     1>c:\bison\bison-3.0\src\scan-code.h(138): error C2059: syntax error : 'type'
     1>c:\bison\bison-3.0\src\scan-code.h(139): error C2059: syntax error : ')'
     1>c:\bison\bison-3.0\src\scan-code.h(158): error C2143: syntax error : missing ')' before '*'
     1>c:\bison\bison-3.0\src\scan-code.h(158): error C2143: syntax error : missing '{' before '*'
     1>c:\bison\bison-3.0\src\scan-code.h(158): error C2059: syntax error : 'type'
     1>c:\bison\bison-3.0\src\scan-code.h(160): error C2059: syntax error : ')'
     1>c:\bison\bison-3.0\src\scan-code.h(173): error C2143: syntax error : missing ')' before '*'
     1>c:\bison\bison-3.0\src\scan-code.h(173): error C2143: syntax error : missing '{' before '*'
     1>c:\bison\bison-3.0\src\scan-code.h(173): error C2059: syntax error : ')'
     1>c:\bison\bison-3.0\src\symtab.h(112): error C2061: syntax error : identifier 'code_props'
     1>c:\bison\bison-3.0\src\symtab.h(117): error C2370: 'assoc' : redefinition; different storage class
                 c:\bison\bison-3.0\src\assoc.h(31) : see declaration of 'assoc'
     1>c:\bison\bison-3.0\src\symtab.h(125): error C2370: 'status' : redefinition; different storage class
                 c:\bison\bison-3.0\src\symtab.h(74) : see declaration of 'status'
     1>c:\bison\bison-3.0\src\symtab.h(126): error C2059: syntax error : '}'
     1>c:\bison\bison-3.0\src\symtab.h(160): error C2061: syntax error : identifier 'symbol_is_dummy'
     1>c:\bison\bison-3.0\src\symtab.h(160): error C2059: syntax error : ';'
     1>c:\bison\bison-3.0\src\symtab.h(160): error C2059: syntax error : 'type'
     1>c:\bison\bison-3.0\src\symtab.h(184): error C2143: syntax error : missing ')' before 'const'
     1>c:\bison\bison-3.0\src\symtab.h(184): error C2081: 'code_props' : name in formal parameter list illegal
     1>c:\bison\bison-3.0\src\symtab.h(184): error C2143: syntax error : missing '{' before 'const'
     1>c:\bison\bison-3.0\src\symtab.h(184): error C2059: syntax error : ')'
     1>c:\bison\bison-3.0\src\symtab.h(184): error C2365: 'destructor' : redefinition; previous definition was 'enumerator'
                 c:\bison\bison-3.0\src\symtab.h(79) : see declaration of 'destructor'
     1>c:\bison\bison-3.0\src\symtab.h(189): error C2143: syntax error : missing '{' before '*'
     1>c:\bison\bison-3.0\src\symtab.h(199): error C2146: syntax error : missing ')' before identifier 'declaring'
     1>c:\bison\bison-3.0\src\symtab.h(199): error C2081: 'bool' : name in formal parameter list illegal
     1>c:\bison\bison-3.0\src\symtab.h(199): error C2061: syntax error : identifier 'declaring'
     1>c:\bison\bison-3.0\src\symtab.h(199): error C2059: syntax error : ';'
     1>c:\bison\bison-3.0\src\symtab.h(199): error C2059: syntax error : ')'
     1>c:\bison\bison-3.0\src\symtab.h(301): error C2061: syntax error : identifier 'code_props'
     1>c:\bison\bison-3.0\src\symtab.h(303): error C2059: syntax error : '}'
     1>c:\bison\bison-3.0\src\symtab.h(306): error C2143: syntax error : missing '{' before '*'
     1>c:\bison\bison-3.0\src\symtab.h(310): error C2143: syntax error : missing '{' before '*'
     1>c:\bison\bison-3.0\src\symtab.h(313): error C2143: syntax error : missing ')' before '*'
     1>c:\bison\bison-3.0\src\symtab.h(313): error C2143: syntax error : missing '{' before '*'
     1>c:\bison\bison-3.0\src\symtab.h(314): error C2370: 'code_props_type' : redefinition; different storage class
                 c:\bison\bison-3.0\src\symtab.h(76) : see declaration of 'code_props_type'
     1>c:\bison\bison-3.0\src\symtab.h(314): error C2146: syntax error : missing ';' before identifier 'kind'
     1>c:\bison\bison-3.0\src\symtab.h(315): error C2143: syntax error : missing ';' before 'const'
     1>c:\bison\bison-3.0\src\symtab.h(315): error C2059: syntax error : ')'
     1>c:\bison\bison-3.0\src\gram.h(129): error C2054: expected '(' to follow 'inline'
     1>c:\bison\bison-3.0\src\gram.h(130): error C2085: 'symbol_number_as_item_number' : not in formal parameter list
     1>c:\bison\bison-3.0\src\gram.h(130): error C2143: syntax error : missing ';' before '{'
     1>c:\bison\bison-3.0\src\gram.h(135): error C2054: expected '(' to follow 'inline'
     1>c:\bison\bison-3.0\src\gram.h(136): error C2085: 'item_number_as_symbol_number' : not in formal parameter list
     1>c:\bison\bison-3.0\src\gram.h(136): error C2143: syntax error : missing ';' before '{'
     1>c:\bison\bison-3.0\src\gram.h(140): error C2061: syntax error : identifier 'bool'
     1>c:\bison\bison-3.0\src\gram.h(140): error C2059: syntax error : ';'
     1>c:\bison\bison-3.0\src\gram.h(152): error C2054: expected '(' to follow 'inline'
     1>c:\bison\bison-3.0\src\gram.h(153): error C2085: 'rule_number_as_item_number' : not in formal parameter list
     1>c:\bison\bison-3.0\src\gram.h(153): error C2143: syntax error : missing ';' before '{'
     1>c:\bison\bison-3.0\src\gram.h(158): error C2054: expected '(' to follow 'inline'
     1>c:\bison\bison-3.0\src\gram.h(159): error C2085: 'item_number_as_rule_number' : not in formal parameter list
     1>c:\bison\bison-3.0\src\gram.h(159): error C2143: syntax error : missing ';' before '{'
     1>c:\bison\bison-3.0\src\gram.h(163): error C2061: syntax error : identifier 'bool'
     1>c:\bison\bison-3.0\src\gram.h(163): error C2059: syntax error : ';'
     1>c:\bison\bison-3.0\src\gram.h(196): error C2061: syntax error : identifier 'bool'
     1>c:\bison\bison-3.0\src\gram.h(197): error C2061: syntax error : identifier 'is_predicate'
     1>c:\bison\bison-3.0\src\gram.h(197): error C2059: syntax error : ';'
     1>c:\bison\bison-3.0\src\gram.h(201): error C2059: syntax error : '}'
     1>c:\bison\bison-3.0\src\gram.h(203): error C2143: syntax error : missing '{' before '*'
     1>c:\bison\bison-3.0\src\gram.h(206): error C2143: syntax error : missing ')' before '*'
     1>c:\bison\bison-3.0\src\gram.h(206): error C2143: syntax error : missing '{' before '*'
     1>c:\bison\bison-3.0\src\gram.h(206): error C2059: syntax error : ')'
     1>c:\bison\bison-3.0\src\gram.h(206): error C2143: syntax error : missing ')' before 'const'
     1>c:\bison\bison-3.0\src\gram.h(206): error C2143: syntax error : missing '{' before 'const'
     1>c:\bison\bison-3.0\src\gram.h(206): error C2059: syntax error : ')'
     1>c:\bison\bison-3.0\src\gram.h(206): error C2059: syntax error : ';'
     1>c:\bison\bison-3.0\src\gram.h(210): error C2061: syntax error : identifier 'rule_useful_in_grammar_p'
     1>c:\bison\bison-3.0\src\gram.h(210): error C2059: syntax error : ';'
     1>c:\bison\bison-3.0\src\gram.h(210): error C2143: syntax error : missing ')' before 'const'
     1>c:\bison\bison-3.0\src\gram.h(210): error C2143: syntax error : missing '{' before 'const'
     1>c:\bison\bison-3.0\src\gram.h(210): error C2059: syntax error : ')'
     1>c:\bison\bison-3.0\src\gram.h(214): error C2061: syntax error : identifier 'rule_useless_in_grammar_p'
     1>c:\bison\bison-3.0\src\gram.h(214): error C2059: syntax error : ';'
     1>c:\bison\bison-3.0\src\gram.h(214): fatal error C1003: error count exceeds 100; stopping compilation
         AnnotationList.c
     1>c:\bison\bison-3.0\src\sbitset.h(45): error C2061: syntax error : identifier 'Sbitset__isEmpty'
     1>c:\bison\bison-3.0\src\sbitset.h(45): error C2059: syntax error : ';'
     1>c:\bison\bison-3.0\src\sbitset.h(45): error C2059: syntax error : 'type'
     1>c:\bison\bison-3.0\src\sbitset.h(47): error C2143: syntax error : missing ')' before '*'
     1>c:\bison\bison-3.0\src\sbitset.h(47): error C2081: 'FILE' : name in formal parameter list illegal
     1>c:\bison\bison-3.0\src\sbitset.h(47): error C2143: syntax error : missing '{' before '*'
     1>c:\bison\bison-3.0\src\sbitset.h(47): error C2059: syntax error : ')'
     1>c:\bison\bison-3.0\src\location.h(55): error C2054: expected '(' to follow 'inline'
     1>c:\bison\bison-3.0\src\location.h(56): error C2085: 'boundary_set' : not in formal parameter list
     1>c:\bison\bison-3.0\src\location.h(56): error C2143: syntax error : missing ';' before '{'
     1>c:\bison\bison-3.0\src\location.h(65): error C2054: expected '(' to follow 'inline'
     1>c:\bison\bison-3.0\src\location.h(66): error C2085: 'boundary_cmp' : not in formal parameter list
     1>c:\bison\bison-3.0\src\location.h(66): error C2143: syntax error : missing ';' before '{'
     1>c:\bison\bison-3.0\src\location.h(76): error C2061: syntax error : identifier 'bool'
     1>c:\bison\bison-3.0\src\location.h(76): error C2059: syntax error : ';'
     1>c:\bison\bison-3.0\src\location.h(120): error C2054: expected '(' to follow 'inline'
     1>c:\bison\bison-3.0\src\location.h(121): error C2085: 'location_cmp' : not in formal parameter list
     1>c:\bison\bison-3.0\src\location.h(121): error C2143: syntax error : missing ';' before '{'
     1>c:\bison\bison-3.0\src\scan-code.h(67): error C2061: syntax error : identifier 'bool'
     1>c:\bison\bison-3.0\src\scan-code.h(73): error C2061: syntax error : identifier 'is_predicate'
     1>c:\bison\bison-3.0\src\scan-code.h(73): error C2059: syntax error : ';'
     1>c:\bison\bison-3.0\src\scan-code.h(78): error C2061: syntax error : identifier 'is_used'
     1>c:\bison\bison-3.0\src\scan-code.h(78): error C2059: syntax error : ';'
     1>c:\bison\bison-3.0\src\scan-code.h(84): error C2040: 'named_ref' : 'named_ref *' differs in levels of indirection from 'named_ref'
     1>c:\bison\bison-3.0\src\scan-code.h(85): error C2059: syntax error : '}'
     1>c:\bison\bison-3.0\src\scan-code.h(93): error C2143: syntax error : missing ')' before '*'
     1>c:\bison\bison-3.0\src\scan-code.h(93): error C2143: syntax error : missing '{' before '*'
     1>c:\bison\bison-3.0\src\scan-code.h(93): error C2059: syntax error : ')'
     1>c:\bison\bison-3.0\src\scan-code.h(109): error C2061: syntax error : identifier 'code_props_none'
     1>c:\bison\bison-3.0\src\scan-code.h(109): error C2059: syntax error : ';'
     1>c:\bison\bison-3.0\src\scan-code.h(123): error C2143: syntax error : missing ')' before '*'
     1>c:\bison\bison-3.0\src\scan-code.h(123): error C2143: syntax error : missing '{' before '*'
     1>c:\bison\bison-3.0\src\scan-code.h(123): error C2059: syntax error : 'type'
     1>c:\bison\bison-3.0\src\scan-code.h(124): error C2059: syntax error : ')'
     1>c:\bison\bison-3.0\src\scan-code.h(138): error C2143: syntax error : missing ')' before '*'
     1>c:\bison\bison-3.0\src\scan-code.h(138): error C2143: syntax error : missing '{' before '*'
     1>c:\bison\bison-3.0\src\scan-code.h(138): error C2059: syntax error : 'type'
     1>c:\bison\bison-3.0\src\scan-code.h(139): error C2059: syntax error : ')'
     1>c:\bison\bison-3.0\src\scan-code.h(158): error C2143: syntax error : missing ')' before '*'
     1>c:\bison\bison-3.0\src\scan-code.h(158): error C2143: syntax error : missing '{' before '*'
     1>c:\bison\bison-3.0\src\scan-code.h(158): error C2059: syntax error : 'type'
     1>c:\bison\bison-3.0\src\scan-code.h(160): error C2059: syntax error : ')'
     1>c:\bison\bison-3.0\src\scan-code.h(173): error C2143: syntax error : missing ')' before '*'
     1>c:\bison\bison-3.0\src\scan-code.h(173): error C2143: syntax error : missing '{' before '*'
     1>c:\bison\bison-3.0\src\scan-code.h(173): error C2059: syntax error : ')'
     1>c:\bison\bison-3.0\src\symtab.h(112): error C2061: syntax error : identifier 'code_props'
     1>c:\bison\bison-3.0\src\symtab.h(117): error C2370: 'assoc' : redefinition; different storage class
                 c:\bison\bison-3.0\src\assoc.h(31) : see declaration of 'assoc'
     1>c:\bison\bison-3.0\src\symtab.h(125): error C2370: 'status' : redefinition; different storage class
                 c:\bison\bison-3.0\src\symtab.h(74) : see declaration of 'status'
     1>c:\bison\bison-3.0\src\symtab.h(126): error C2059: syntax error : '}'
     1>c:\bison\bison-3.0\src\symtab.h(160): error C2061: syntax error : identifier 'symbol_is_dummy'
     1>c:\bison\bison-3.0\src\symtab.h(160): error C2059: syntax error : ';'
     1>c:\bison\bison-3.0\src\symtab.h(160): error C2059: syntax error : 'type'
     1>c:\bison\bison-3.0\src\symtab.h(184): error C2143: syntax error : missing ')' before 'const'
     1>c:\bison\bison-3.0\src\symtab.h(184): error C2081: 'code_props' : name in formal parameter list illegal
     1>c:\bison\bison-3.0\src\symtab.h(184): error C2143: syntax error : missing '{' before 'const'
     1>c:\bison\bison-3.0\src\symtab.h(184): error C2059: syntax error : ')'
     1>c:\bison\bison-3.0\src\symtab.h(184): error C2365: 'destructor' : redefinition; previous definition was 'enumerator'
                 c:\bison\bison-3.0\src\symtab.h(79) : see declaration of 'destructor'
     1>c:\bison\bison-3.0\src\symtab.h(189): error C2143: syntax error : missing '{' before '*'
     1>c:\bison\bison-3.0\src\symtab.h(199): error C2146: syntax error : missing ')' before identifier 'declaring'
     1>c:\bison\bison-3.0\src\symtab.h(199): error C2081: 'bool' : name in formal parameter list illegal
     1>c:\bison\bison-3.0\src\symtab.h(199): error C2061: syntax error : identifier 'declaring'
     1>c:\bison\bison-3.0\src\symtab.h(199): error C2059: syntax error : ';'
     1>c:\bison\bison-3.0\src\symtab.h(199): error C2059: syntax error : ')'
     1>c:\bison\bison-3.0\src\symtab.h(301): error C2061: syntax error : identifier 'code_props'
     1>c:\bison\bison-3.0\src\symtab.h(303): error C2059: syntax error : '}'
     1>c:\bison\bison-3.0\src\symtab.h(306): error C2143: syntax error : missing '{' before '*'
     1>c:\bison\bison-3.0\src\symtab.h(310): error C2143: syntax error : missing '{' before '*'
     1>c:\bison\bison-3.0\src\symtab.h(313): error C2143: syntax error : missing ')' before '*'
     1>c:\bison\bison-3.0\src\symtab.h(313): error C2143: syntax error : missing '{' before '*'
     1>c:\bison\bison-3.0\src\symtab.h(314): error C2370: 'code_props_type' : redefinition; different storage class
                 c:\bison\bison-3.0\src\symtab.h(76) : see declaration of 'code_props_type'
     1>c:\bison\bison-3.0\src\symtab.h(314): error C2146: syntax error : missing ';' before identifier 'kind'
     1>c:\bison\bison-3.0\src\symtab.h(315): error C2143: syntax error : missing ';' before 'const'
     1>c:\bison\bison-3.0\src\symtab.h(315): error C2059: syntax error : ')'
     1>c:\bison\bison-3.0\src\gram.h(129): error C2054: expected '(' to follow 'inline'
     1>c:\bison\bison-3.0\src\gram.h(130): error C2085: 'symbol_number_as_item_number' : not in formal parameter list
     1>c:\bison\bison-3.0\src\gram.h(130): error C2143: syntax error : missing ';' before '{'
     1>c:\bison\bison-3.0\src\gram.h(135): error C2054: expected '(' to follow 'inline'
     1>c:\bison\bison-3.0\src\gram.h(136): error C2085: 'item_number_as_symbol_number' : not in formal parameter list
     1>c:\bison\bison-3.0\src\gram.h(136): error C2143: syntax error : missing ';' before '{'
     1>c:\bison\bison-3.0\src\gram.h(140): error C2061: syntax error : identifier 'bool'
     1>c:\bison\bison-3.0\src\gram.h(140): error C2059: syntax error : ';'
     1>c:\bison\bison-3.0\src\gram.h(152): error C2054: expected '(' to follow 'inline'
     1>c:\bison\bison-3.0\src\gram.h(153): error C2085: 'rule_number_as_item_number' : not in formal parameter list
     1>c:\bison\bison-3.0\src\gram.h(153): error C2143: syntax error : missing ';' before '{'
     1>c:\bison\bison-3.0\src\gram.h(158): error C2054: expected '(' to follow 'inline'
     1>c:\bison\bison-3.0\src\gram.h(159): error C2085: 'item_number_as_rule_number' : not in formal parameter list
     1>c:\bison\bison-3.0\src\gram.h(159): error C2143: syntax error : missing ';' before '{'
     1>c:\bison\bison-3.0\src\gram.h(163): error C2061: syntax error : identifier 'bool'
     1>c:\bison\bison-3.0\src\gram.h(163): error C2059: syntax error : ';'
     1>c:\bison\bison-3.0\src\gram.h(196): error C2061: syntax error : identifier 'bool'
     1>c:\bison\bison-3.0\src\gram.h(197): error C2061: syntax error : identifier 'is_predicate'
     1>c:\bison\bison-3.0\src\gram.h(197): error C2059: syntax error : ';'
     1>c:\bison\bison-3.0\src\gram.h(201): error C2059: syntax error : '}'
     1>c:\bison\bison-3.0\src\gram.h(203): error C2143: syntax error : missing '{' before '*'
     1>c:\bison\bison-3.0\src\gram.h(206): error C2143: syntax error : missing ')' before '*'
     1>c:\bison\bison-3.0\src\gram.h(206): error C2143: syntax error : missing '{' before '*'
     1>c:\bison\bison-3.0\src\gram.h(206): error C2059: syntax error : ')'
     1>c:\bison\bison-3.0\src\gram.h(206): error C2143: syntax error : missing ')' before 'const'
     1>c:\bison\bison-3.0\src\gram.h(206): error C2143: syntax error : missing '{' before 'const'
     1>c:\bison\bison-3.0\src\gram.h(206): error C2059: syntax error : ')'
     1>c:\bison\bison-3.0\src\gram.h(206): error C2059: syntax error : ';'
     1>c:\bison\bison-3.0\src\gram.h(206): fatal error C1003: error count exceeds 100; stopping compilation
         Generating Code...
     1>Done Building Project "C:\Users\Oren Ish Shalom\GIT\LINEAR_ALGEBRA_MASTER\STEP_5_VISUAL_STUDIO\NEW_BISON_DRIVER\Bison\Bison.vcxproj" (build target(s)) -- FAILED.

Build FAILED.

Time Elapsed 00:00:01.56
