  lex.zz.c
c:\users\oren ish shalom\git\linear_algebra_master\step_4_check_exercises\step_4a_matrix_reader\parser\fraction.h(11): error C2071: 'Fraction': illegal storage class
c:\users\oren ish shalom\git\linear_algebra_master\step_4_check_exercises\step_4a_matrix_reader\parser\fraction.h(16): error C2061: syntax error: identifier 'Fraction'
c:\users\oren ish shalom\git\linear_algebra_master\step_4_check_exercises\step_4a_matrix_reader\parser\fraction.h(21): error C2146: syntax error: missing ')' before identifier 'f'
c:\users\oren ish shalom\git\linear_algebra_master\step_4_check_exercises\step_4a_matrix_reader\parser\fraction.h(21): error C2061: syntax error: identifier 'f'
c:\users\oren ish shalom\git\linear_algebra_master\step_4_check_exercises\step_4a_matrix_reader\parser\fraction.h(21): error C2059: syntax error: ';'
c:\users\oren ish shalom\git\linear_algebra_master\step_4_check_exercises\step_4a_matrix_reader\parser\fraction.h(21): error C2059: syntax error: ')'
c:\users\oren ish shalom\git\linear_algebra_master\step_4_check_exercises\step_4a_matrix_reader\parser\fraction.h(22): error C2146: syntax error: missing ')' before identifier 'f'
c:\users\oren ish shalom\git\linear_algebra_master\step_4_check_exercises\step_4a_matrix_reader\parser\fraction.h(22): error C2061: syntax error: identifier 'f'
c:\users\oren ish shalom\git\linear_algebra_master\step_4_check_exercises\step_4a_matrix_reader\parser\fraction.h(22): error C2059: syntax error: ';'
c:\users\oren ish shalom\git\linear_algebra_master\step_4_check_exercises\step_4a_matrix_reader\parser\fraction.h(22): error C2059: syntax error: ')'
c:\users\oren ish shalom\git\linear_algebra_master\step_4_check_exercises\step_4a_matrix_reader\parser\matrixreader_ast.h(28): error C2146: syntax error: missing ')' before identifier 'num1'
c:\users\oren ish shalom\git\linear_algebra_master\step_4_check_exercises\step_4a_matrix_reader\parser\matrixreader_ast.h(28): error C2061: syntax error: identifier 'num1'
c:\users\oren ish shalom\git\linear_algebra_master\step_4_check_exercises\step_4a_matrix_reader\parser\matrixreader_ast.h(28): error C2059: syntax error: ';'
c:\users\oren ish shalom\git\linear_algebra_master\step_4_check_exercises\step_4a_matrix_reader\parser\matrixreader_ast.h(28): error C2059: syntax error: ','
c:\users\oren ish shalom\git\linear_algebra_master\step_4_check_exercises\step_4a_matrix_reader\parser\matrixreader_ast.h(28): error C2059: syntax error: ')'
c:\users\oren ish shalom\git\linear_algebra_master\step_4_check_exercises\step_4a_matrix_reader\parser\matrixreader_ast.h(29): error C2146: syntax error: missing ')' before identifier 'num1'
c:\users\oren ish shalom\git\linear_algebra_master\step_4_check_exercises\step_4a_matrix_reader\parser\matrixreader_ast.h(29): error C2061: syntax error: identifier 'num1'
c:\users\oren ish shalom\git\linear_algebra_master\step_4_check_exercises\step_4a_matrix_reader\parser\matrixreader_ast.h(29): error C2059: syntax error: ';'
c:\users\oren ish shalom\git\linear_algebra_master\step_4_check_exercises\step_4a_matrix_reader\parser\matrixreader_ast.h(29): error C2059: syntax error: ','
c:\users\oren ish shalom\git\linear_algebra_master\step_4_check_exercises\step_4a_matrix_reader\parser\matrixreader_ast.h(29): error C2059: syntax error: ')'
c:\users\oren ish shalom\git\linear_algebra_master\step_4_check_exercises\step_4a_matrix_reader\parser\matrixreader_ast.h(30): error C2146: syntax error: missing ')' before identifier 'num1'
c:\users\oren ish shalom\git\linear_algebra_master\step_4_check_exercises\step_4a_matrix_reader\parser\matrixreader_ast.h(30): error C2061: syntax error: identifier 'num1'
c:\users\oren ish shalom\git\linear_algebra_master\step_4_check_exercises\step_4a_matrix_reader\parser\matrixreader_ast.h(30): error C2059: syntax error: ';'
c:\users\oren ish shalom\git\linear_algebra_master\step_4_check_exercises\step_4a_matrix_reader\parser\matrixreader_ast.h(30): error C2059: syntax error: ','
c:\users\oren ish shalom\git\linear_algebra_master\step_4_check_exercises\step_4a_matrix_reader\parser\matrixreader_ast.h(30): error C2059: syntax error: ')'
c:\users\oren ish shalom\git\linear_algebra_master\step_4_check_exercises\step_4a_matrix_reader\bison\matrixreader.tab.h(8): error C2061: syntax error: identifier 'Fraction'
c:\users\oren ish shalom\git\linear_algebra_master\step_4_check_exercises\step_4a_matrix_reader\bison\matrixreader.tab.h(11): error C2059: syntax error: '}'
c:\users\oren ish shalom\git\linear_algebra_master\step_4_check_exercises\step_4a_matrix_reader\bison\matrixreader.tab.h(13): error C2059: syntax error: '}'
c:\users\oren ish shalom\git\linear_algebra_master\step_4_check_exercises\step_4a_matrix_reader\bison\matrixreader.tab.h(26): error C2061: syntax error: identifier 'zzlval'
c:\users\oren ish shalom\git\linear_algebra_master\step_4_check_exercises\step_4a_matrix_reader\bison\matrixreader.tab.h(26): error C2059: syntax error: ';'
Input.lex(64): error C2065: 'zzlval': undeclared identifier
Input.lex(64): error C2224: left of '.gval' must have struct/union type
Input.lex(65): error C2065: 'zzlval': undeclared identifier
Input.lex(65): error C2224: left of '.gval' must have struct/union type
Input.lex(65): warning C4473: 'printf' : not enough arguments passed for format string
  Input.lex(65): note: placeholders and their parameters expect 1 variadic arguments, but 0 were provided
  Input.lex(65): note: the missing variadic argument 1 is required by format string '%d'
